<?xml version="1.0" encoding="UTF-8"?>
<robot generator="Robot 4.0 (Python 3.7.5 on win32)" generated="20210603 09:42:28.920" rpa="true" schemaversion="2">
<suite id="s1" name="Tasks" source="C:\ProgramData\Temp\rcd1f381\AppData\Local\Temp\47_6040_277836900_1\workarea60b887df\tasks.robot">
<test id="s1-t1" name="Build-a-robot">
<kw name="Open Browser">
<kw name="Get Secret" library="RPA.Robocloud.Secrets">
<var>${secret}</var>
<arg>credentials</arg>
<doc>Read a secret from the configured source, e.g. Robocloud Vault,
and return it as a ``Secret`` object.</doc>
<msg timestamp="20210603 09:42:31.656" level="INFO">Protecting keyword: rpa.robocloud.secrets.get_secret</msg>
<msg timestamp="20210603 09:42:31.706" level="INFO">Log level changed from NONE to INFO.</msg>
<status status="FAIL" starttime="20210603 09:42:31.655" endtime="20210603 09:42:31.700"/>
</kw>
<kw name="Open Available Browser" library="RPA.Browser.Selenium">
<arg>${secret}[url]</arg>
<doc>Attempts to open a browser on the user's device from a set of
supported browsers. Automatically downloads a corresponding webdriver
if none is already installed.</doc>
<status status="NOT RUN" starttime="20210603 09:42:31.706" endtime="20210603 09:42:31.707"/>
</kw>
<kw name="Maximize Browser Window" library="RPA.Browser.Selenium">
<doc>Maximizes current browser window.</doc>
<status status="NOT RUN" starttime="20210603 09:42:31.707" endtime="20210603 09:42:31.708"/>
</kw>
<status status="FAIL" starttime="20210603 09:42:31.652" endtime="20210603 09:42:31.708"/>
</kw>
<kw name="Create Directories">
<status status="NOT RUN" starttime="20210603 09:42:31.710" endtime="20210603 09:42:31.711"/>
</kw>
<kw name="Download File">
<status status="NOT RUN" starttime="20210603 09:42:31.712" endtime="20210603 09:42:31.712"/>
</kw>
<kw name="Handle Modal">
<status status="NOT RUN" starttime="20210603 09:42:31.713" endtime="20210603 09:42:31.713"/>
</kw>
<kw name="Saving Screenshots">
<status status="NOT RUN" starttime="20210603 09:42:31.713" endtime="20210603 09:42:31.713"/>
</kw>
<kw name="Read File">
<status status="NOT RUN" starttime="20210603 09:42:31.715" endtime="20210603 09:42:31.716"/>
</kw>
<kw name="Zip">
<status status="NOT RUN" starttime="20210603 09:42:31.716" endtime="20210603 09:42:31.716"/>
</kw>
<kw name="Close All Browsers" library="RPA.Browser.Selenium" type="TEARDOWN">
<doc>Closes all open browsers and resets the browser cache.</doc>
<status status="PASS" starttime="20210603 09:42:31.717" endtime="20210603 09:42:31.717"/>
</kw>
<status status="FAIL" starttime="20210603 09:42:31.647" endtime="20210603 09:42:31.717">KeyError: 'Undefined secret: credentials'</status>
</test>
<doc>Program to build robots
and capture the info</doc>
<status status="FAIL" starttime="20210603 09:42:28.925" endtime="20210603 09:42:31.721"/>
</suite>
<statistics>
<total>
<stat pass="0" fail="1" skip="0">All Tasks</stat>
</total>
<tag>
</tag>
<suite>
<stat pass="0" fail="1" skip="0" id="s1" name="Tasks">Tasks</stat>
</suite>
</statistics>
<errors>
<msg timestamp="20210603 09:42:31.659" level="ERROR">Failed to load secrets file: [Errno 2] No such file or directory: 'c:Robots/build-a-robot/vault.json'</msg>
</errors>
</robot>
