<?xml version="1.0" encoding="UTF-8"?>
<robot generator="Robot 4.0 (Python 3.7.5 on win32)" generated="20210603 10:11:20.390" rpa="true" schemaversion="2">
<suite id="s1" name="Tasks" source="C:\ProgramData\Temp\rcd1f381\AppData\Local\Temp\69_7770_575662499_1\workarea60b88ea1\tasks.robot">
<test id="s1-t1" name="Build-a-robot">
<kw name="Open Browser">
<kw name="Get Secret" library="RPA.Robocloud.Secrets">
<var>${secret}</var>
<arg>credentials</arg>
<doc>Read a secret from the configured source, e.g. Robocloud Vault,
and return it as a ``Secret`` object.</doc>
<msg timestamp="20210603 10:11:21.881" level="INFO">Protecting keyword: rpa.robocloud.secrets.get_secret</msg>
<msg timestamp="20210603 10:11:21.886" level="INFO">Log level changed from NONE to INFO.</msg>
<status status="PASS" starttime="20210603 10:11:21.881" endtime="20210603 10:11:21.885"/>
</kw>
<kw name="Open Available Browser" library="RPA.Browser.Selenium">
<arg>${secret}[url]</arg>
<doc>Attempts to open a browser on the user's device from a set of
supported browsers. Automatically downloads a corresponding webdriver
if none is already installed.</doc>
<msg timestamp="20210603 10:11:21.889" level="INFO">Creating an instance of the Chrome WebDriver.</msg>
<msg timestamp="20210603 10:11:25.680" level="INFO">Created download root directory: C:\robocorpp\webdrivers</msg>
<msg timestamp="20210603 10:11:25.680" level="INFO">Created symlink directory: C:\robocorpp\webdrivers</msg>
<msg timestamp="20210603 10:11:25.681" level="INFO">Creating an instance of the Chrome WebDriver.</msg>
<msg timestamp="20210603 10:11:27.021" level="INFO">Created Chrome browser with arguments: --disable-dev-shm-usage --disable-web-security --allow-running-insecure-content --no-sandbox</msg>
<msg timestamp="20210603 10:11:27.021" level="INFO" html="true">&lt;p&gt;Attempted combinations:&lt;/p&gt;&lt;div class="doc"&gt;&lt;table&gt;&lt;tr&gt;&lt;th&gt;Browser&lt;/th&gt;&lt;th&gt;Download&lt;/th&gt;&lt;th&gt;Error&lt;/th&gt;&lt;/tr&gt;&lt;tr&gt;&lt;td&gt;Chrome&lt;/td&gt;&lt;td&gt;False&lt;/td&gt;&lt;td&gt;Message: session not created: This version of ChromeDriver only supports Chrome version 89
Current browser version is 91.0.4472.77 with binary path C:\Program Files (x86)\Google\Chrome\Application\chrome.exe
&lt;/td&gt;&lt;/tr&gt;&lt;tr&gt;&lt;td&gt;Chrome&lt;/td&gt;&lt;td&gt;True&lt;/td&gt;&lt;td&gt;&lt;/td&gt;&lt;/tr&gt;&lt;/table&gt;&lt;/div&gt;</msg>
<msg timestamp="20210603 10:11:27.021" level="INFO">Opening url 'https://robotsparebinindustries.com/#/robot-order'</msg>
<status status="PASS" starttime="20210603 10:11:21.886" endtime="20210603 10:11:29.160"/>
</kw>
<kw name="Maximize Browser Window" library="RPA.Browser.Selenium">
<doc>Maximizes current browser window.</doc>
<status status="PASS" starttime="20210603 10:11:29.160" endtime="20210603 10:11:29.292"/>
</kw>
<status status="PASS" starttime="20210603 10:11:21.880" endtime="20210603 10:11:29.293"/>
</kw>
<kw name="Create Directories">
<kw name="Create Directory" library="RPA.FileSystem">
<arg>${OUTPUT_DIR}/pdf</arg>
<doc>Creates a directory and (optionally) non-existing parent directories.</doc>
<status status="PASS" starttime="20210603 10:11:29.294" endtime="20210603 10:11:29.296"/>
</kw>
<kw name="Create Directory" library="RPA.FileSystem">
<arg>${OUTPUT_DIR}/img</arg>
<doc>Creates a directory and (optionally) non-existing parent directories.</doc>
<status status="PASS" starttime="20210603 10:11:29.297" endtime="20210603 10:11:29.299"/>
</kw>
<status status="PASS" starttime="20210603 10:11:29.293" endtime="20210603 10:11:29.302"/>
</kw>
<kw name="Download File">
<kw name="Download" library="RPA.HTTP">
<arg>${excelurl}</arg>
<arg>overwrite=True</arg>
<arg>target_file=C:\\ProgramData\\Temp\\rcd1f381\\AppData\\Local\\Temp\\69_7770_575662499_1\\workarea60b88ea1</arg>
<doc>An alias for the ``HTTP Get`` keyword.</doc>
<msg timestamp="20210603 10:11:29.310" level="INFO">Creating a new HTTP session</msg>
<msg timestamp="20210603 10:11:29.310" level="INFO">Creating Session using : alias=rpasession_alias.httpsrobotsparebinindustries.com, url=https://robotsparebinindustries.com, headers={},                     cookies={}, auth=None, timeout=None, proxies=None, verify=True,                     debug=0 </msg>
<msg timestamp="20210603 10:11:29.494" level="INFO">GET Request : url=https://robotsparebinindustries.com/orders.csv 
 path_url=/orders.csv 
 headers={'User-Agent': 'python-requests/2.25.1', 'Accept-Encoding': 'gzip, deflate', 'Accept': '*/*', 'Connection': 'keep-alive'} 
 body=None 
 </msg>
<msg timestamp="20210603 10:11:29.494" level="INFO">GET Response : url=https://robotsparebinindustries.com/orders.csv 
 status=200, reason=OK 
 body=Order number,Head,Body,Legs,Address
1,1,2,3,Address 123
2,4,1,5,Address 456
3,6,2,3,Address 789
4,2,3,2,Address 1
5,3,5,1,Address 2
6,1,6,6,Address 3
7,5,1,5,Address 4
8,2,3,3,Address 5
9,3,2,2,Address 6
10,4,4,2,Address 7
11,6,6,1,Address 8
12,1,3,3,Address 9
13,1,5,4,Address A
14,3,1,5,Address B
15,3,2,6,Address C
16,6,3,6,Address D
17,5,4,1,Address E
18,2,5,1,Address F
19,4,6,2,Address G
20,1,1,5,Address H 
 </msg>
<status status="PASS" starttime="20210603 10:11:29.307" endtime="20210603 10:11:29.497"/>
</kw>
<status status="PASS" starttime="20210603 10:11:29.303" endtime="20210603 10:11:29.498"/>
</kw>
<kw name="Handle Modal">
<kw name="Click Button" library="RPA.Browser.Selenium">
<arg>OK</arg>
<doc>Clicks the button identified by ``locator``.</doc>
<msg timestamp="20210603 10:11:29.500" level="INFO">Clicking button 'OK'.</msg>
<status status="PASS" starttime="20210603 10:11:29.499" endtime="20210603 10:11:29.589"/>
</kw>
<status status="PASS" starttime="20210603 10:11:29.498" endtime="20210603 10:11:29.589"/>
</kw>
<kw name="Saving Screenshots">
<kw name="Create Directory" library="RPA.FileSystem">
<arg>C:\\ProgramData\\Temp\\rcd1f381\\AppData\\Local\\Temp\\69_7770_575662499_1\\workarea60b88ea1/output/screenshots</arg>
<doc>Creates a directory and (optionally) non-existing parent directories.</doc>
<status status="PASS" starttime="20210603 10:11:29.591" endtime="20210603 10:11:29.593"/>
</kw>
<kw name="Set Screenshot Directory" library="RPA.Browser.Selenium">
<arg>C:\\ProgramData\\Temp\\rcd1f381\\AppData\\Local\\Temp\\69_7770_575662499_1\\workarea60b88ea1/output/screenshots</arg>
<doc>Sets the directory for captured screenshots.</doc>
<status status="PASS" starttime="20210603 10:11:29.593" endtime="20210603 10:11:29.595"/>
</kw>
<status status="PASS" starttime="20210603 10:11:29.590" endtime="20210603 10:11:29.595"/>
</kw>
<kw name="Read File">
<kw name="Read Table From Csv" library="RPA.Tables">
<var>${tabla}</var>
<arg>orders.csv</arg>
<arg>C:\\ProgramData\\Temp\\rcd1f381\\AppData\\Local\\Temp\\69_7770_575662499_1\\workarea60b88ea1</arg>
<arg>delimiters=,</arg>
<doc>Read a CSV file as a table.</doc>
<msg timestamp="20210603 10:11:29.605" level="INFO">${tabla} = Table(columns=['Order number', 'Head', 'Body', 'Legs', 'Address'], rows=20)</msg>
<status status="PASS" starttime="20210603 10:11:29.597" endtime="20210603 10:11:29.605"/>
</kw>
<for flavor="IN">
<var>${fila}</var>
<value>@{tabla}</value>
<iter>
<var name="${fila}">{'Order number': '1', 'Head': '1', 'Body': '2', 'Legs': '3', 'Address': 'Address 123'}</var>
<kw name="Wait Until Keyword Succeeds" library="BuiltIn">
<arg>${GLOBAL_RETRY_AMOUNT}</arg>
<arg>${GLOBAL_RETRY_INTERVAL}</arg>
<arg>Fill Form</arg>
<arg>${fila}</arg>
<doc>Runs the specified keyword and retries if it fails.</doc>
<kw name="Fill Form">
<arg>${fila}</arg>
<kw name="Wait Until Element Contains" library="RPA.Browser.Selenium">
<arg>class=form-group</arg>
<arg>1.</arg>
<doc>Waits until the element ``locator`` contains ``text``.</doc>
<status status="PASS" starttime="20210603 10:11:29.612" endtime="20210603 10:11:29.657"/>
</kw>
<kw name="Convert To Integer" library="BuiltIn">
<var>${numhead}</var>
<arg>${fila}[Head]</arg>
<doc>Converts the given item to an integer number.</doc>
<msg timestamp="20210603 10:11:29.658" level="INFO">${numhead} = 1</msg>
<status status="PASS" starttime="20210603 10:11:29.657" endtime="20210603 10:11:29.659"/>
</kw>
<kw name="Click Element" library="RPA.Browser.Selenium">
<arg>xpath=${path}/option[${numhead + 1}]</arg>
<doc>Click the element identified by ``locator``.</doc>
<msg timestamp="20210603 10:11:29.662" level="INFO">Clicking element 'xpath=/html[1]/body[1]/div[1]/div[1]/div[1]/div[1]/div[1]/form[1]/div[1]/select[1]/option[2]'.</msg>
<status status="PASS" starttime="20210603 10:11:29.659" endtime="20210603 10:11:29.720"/>
</kw>
<kw name="Click Element" library="RPA.Browser.Selenium">
<arg>id=id-body-${fila}[Body]</arg>
<doc>Click the element identified by ``locator``.</doc>
<msg timestamp="20210603 10:11:29.722" level="INFO">Clicking element 'id=id-body-2'.</msg>
<status status="PASS" starttime="20210603 10:11:29.721" endtime="20210603 10:11:29.848"/>
</kw>
<kw name="Input Text" library="RPA.Browser.Selenium">
<arg>class=form-control</arg>
<arg>${fila}[Legs]</arg>
<doc>Types the given ``text`` into the text field identified by ``locator``.</doc>
<msg timestamp="20210603 10:11:29.851" level="INFO">Typing text '3' into text field 'class=form-control'.</msg>
<status status="PASS" starttime="20210603 10:11:29.849" endtime="20210603 10:11:30.103"/>
</kw>
<kw name="Input Text" library="RPA.Browser.Selenium">
<arg>id=address</arg>
<arg>${fila}[Address]</arg>
<doc>Types the given ``text`` into the text field identified by ``locator``.</doc>
<msg timestamp="20210603 10:11:30.106" level="INFO">Typing text 'Address 123' into text field 'id=address'.</msg>
<status status="PASS" starttime="20210603 10:11:30.104" endtime="20210603 10:11:30.339"/>
</kw>
<kw name="Click Button" library="RPA.Browser.Selenium">
<arg>Preview</arg>
<doc>Clicks the button identified by ``locator``.</doc>
<msg timestamp="20210603 10:11:30.342" level="INFO">Clicking button 'Preview'.</msg>
<status status="PASS" starttime="20210603 10:11:30.340" endtime="20210603 10:11:30.582"/>
</kw>
<status status="PASS" starttime="20210603 10:11:29.609" endtime="20210603 10:11:30.582"/>
</kw>
<status status="PASS" starttime="20210603 10:11:29.607" endtime="20210603 10:11:30.582"/>
</kw>
<kw name="Wait Until Keyword Succeeds" library="BuiltIn">
<arg>${GLOBAL_RETRY_AMOUNT}</arg>
<arg>${GLOBAL_RETRY_INTERVAL}</arg>
<arg>PDF</arg>
<arg>${fila}</arg>
<doc>Runs the specified keyword and retries if it fails.</doc>
<kw name="PDF">
<arg>${fila}</arg>
<kw name="Log" library="BuiltIn">
<arg>${fila}</arg>
<doc>Logs the given message with the given level.</doc>
<msg timestamp="20210603 10:11:30.589" level="INFO">{'Order number': '1', 'Head': '1', 'Body': '2', 'Legs': '3', 'Address': 'Address 123'}</msg>
<status status="PASS" starttime="20210603 10:11:30.587" endtime="20210603 10:11:30.589"/>
</kw>
<kw name="Wait Until Element Is Visible" library="RPA.Browser.Selenium">
<arg>id=order</arg>
<doc>Waits until the element ``locator`` is visible.</doc>
<status status="PASS" starttime="20210603 10:11:30.590" endtime="20210603 10:11:30.682"/>
</kw>
<kw name="Sleep" library="BuiltIn">
<arg>1s</arg>
<doc>Pauses the test executed for the given time.</doc>
<msg timestamp="20210603 10:11:31.695" level="INFO">Slept 1 second</msg>
<status status="PASS" starttime="20210603 10:11:30.683" endtime="20210603 10:11:31.695"/>
</kw>
<kw name="Click Element" library="RPA.Browser.Selenium">
<arg>id=order</arg>
<doc>Click the element identified by ``locator``.</doc>
<msg timestamp="20210603 10:11:31.697" level="INFO">Clicking element 'id=order'.</msg>
<status status="PASS" starttime="20210603 10:11:31.696" endtime="20210603 10:11:31.768"/>
</kw>
<kw name="Wait Until Element Is Visible" library="RPA.Browser.Selenium">
<arg>id=receipt</arg>
<doc>Waits until the element ``locator`` is visible.</doc>
<status status="PASS" starttime="20210603 10:11:31.768" endtime="20210603 10:11:31.814"/>
</kw>
<kw name="Get Element Attribute" library="RPA.Browser.Selenium">
<var>${receipt_html}</var>
<arg>id=receipt</arg>
<arg>outerHTML</arg>
<doc>Returns the value of ``attribute`` from the element ``locator``.</doc>
<msg timestamp="20210603 10:11:31.834" level="INFO">${receipt_html} = &lt;div id="receipt" class="alert alert-success" role="alert"&gt;&lt;h3&gt;Receipt&lt;/h3&gt;&lt;div&gt;2021-06-03T08:11:31.753Z&lt;/div&gt;&lt;p class="badge badge-success"&gt;RSB-ROBO-ORDER-QDJ4GCFE6E&lt;/p&gt;&lt;p&gt;Address 123&lt;/p&gt;&lt;div id="par...</msg>
<status status="PASS" starttime="20210603 10:11:31.815" endtime="20210603 10:11:31.834"/>
</kw>
<kw name="Html To Pdf" library="RPA.PDF">
<arg>${receipt_html}</arg>
<arg>${recibopdf}${fila}[Order number].pdf</arg>
<doc>Generate a PDF file from HTML content.</doc>
<msg timestamp="20210603 10:11:31.836" level="INFO">Writing output to file C:\ProgramData\Temp\rcd1f381\AppData\Local\Temp\69_7770_575662499_1\workarea60b88ea1\output\pdf\receipt1.pdf</msg>
<status status="PASS" starttime="20210603 10:11:31.834" endtime="20210603 10:11:31.845"/>
</kw>
<kw name="Wait Until Element Is Visible" library="RPA.Browser.Selenium">
<arg>id=robot-preview-image</arg>
<doc>Waits until the element ``locator`` is visible.</doc>
<status status="PASS" starttime="20210603 10:11:31.845" endtime="20210603 10:11:31.883"/>
</kw>
<kw name="Capture Element Screenshot" library="RPA.Browser.Selenium">
<var>${screenshot}</var>
<arg>id=robot-preview-image</arg>
<arg>${reciboimg}${fila}[Order number].png</arg>
<doc>Captures a screenshot from the element identified by ``locator`` and embeds it into log file.</doc>
<msg timestamp="20210603 10:11:32.092" level="INFO" html="true">&lt;/td&gt;&lt;/tr&gt;&lt;tr&gt;&lt;td colspan="3"&gt;&lt;a href="img/receipt1.png"&gt;&lt;img src="img/receipt1.png" width="400px"&gt;&lt;/a&gt;</msg>
<msg timestamp="20210603 10:11:32.093" level="INFO">${screenshot} = C:\ProgramData\Temp\rcd1f381\AppData\Local\Temp\69_7770_575662499_1\workarea60b88ea1\output\img\receipt1.png</msg>
<status status="PASS" starttime="20210603 10:11:31.883" endtime="20210603 10:11:32.093"/>
</kw>
<kw name="Open Pdf" library="RPA.PDF">
<arg>${recibopdf}${fila}[Order number].pdf</arg>
<doc>Open a PDF document for reading.</doc>
<status status="PASS" starttime="20210603 10:11:32.094" endtime="20210603 10:11:32.114"/>
</kw>
<kw name="Add Watermark Image To Pdf" library="RPA.PDF">
<arg>${screenshot}</arg>
<arg>${recibopdf}${fila}[Order number].pdf</arg>
<doc>Add image to PDF which can be new or existing PDF.</doc>
<status status="PASS" starttime="20210603 10:11:32.115" endtime="20210603 10:11:32.257"/>
</kw>
<kw name="Close All Pdfs" library="RPA.PDF">
<doc>Close all opened PDF file descriptors.</doc>
<msg timestamp="20210603 10:11:32.258" level="INFO">Closing PDF document: C:\ProgramData\Temp\rcd1f381\AppData\Local\Temp\69_7770_575662499_1\workarea60b88ea1\output\pdf\receipt1.pdf</msg>
<status status="PASS" starttime="20210603 10:11:32.258" endtime="20210603 10:11:32.258"/>
</kw>
<status status="PASS" starttime="20210603 10:11:30.585" endtime="20210603 10:11:32.258"/>
</kw>
<status status="PASS" starttime="20210603 10:11:30.582" endtime="20210603 10:11:32.259"/>
</kw>
<kw name="Another One">
<kw name="Click Button" library="RPA.Browser.Selenium">
<arg>id=order-another</arg>
<doc>Clicks the button identified by ``locator``.</doc>
<msg timestamp="20210603 10:11:32.261" level="INFO">Clicking button 'id=order-another'.</msg>
<status status="PASS" starttime="20210603 10:11:32.260" endtime="20210603 10:11:32.655"/>
</kw>
<kw name="Wait Until Element Contains" library="RPA.Browser.Selenium">
<arg>class=modal-body</arg>
<arg>${text}</arg>
<doc>Waits until the element ``locator`` contains ``text``.</doc>
<status status="PASS" starttime="20210603 10:11:32.655" endtime="20210603 10:11:32.704"/>
</kw>
<kw name="Handle Modal">
<kw name="Click Button" library="RPA.Browser.Selenium">
<arg>OK</arg>
<doc>Clicks the button identified by ``locator``.</doc>
<msg timestamp="20210603 10:11:32.707" level="INFO">Clicking button 'OK'.</msg>
<status status="PASS" starttime="20210603 10:11:32.705" endtime="20210603 10:11:32.779"/>
</kw>
<status status="PASS" starttime="20210603 10:11:32.704" endtime="20210603 10:11:32.780"/>
</kw>
<status status="PASS" starttime="20210603 10:11:32.259" endtime="20210603 10:11:32.781"/>
</kw>
<status status="PASS" starttime="20210603 10:11:29.607" endtime="20210603 10:11:32.781"/>
</iter>
<iter>
<var name="${fila}">{'Order number': '2', 'Head': '4', 'Body': '1', 'Legs': '5', 'Address': 'Address 456'}</var>
<kw name="Wait Until Keyword Succeeds" library="BuiltIn">
<arg>${GLOBAL_RETRY_AMOUNT}</arg>
<arg>${GLOBAL_RETRY_INTERVAL}</arg>
<arg>Fill Form</arg>
<arg>${fila}</arg>
<doc>Runs the specified keyword and retries if it fails.</doc>
<kw name="Fill Form">
<arg>${fila}</arg>
<kw name="Wait Until Element Contains" library="RPA.Browser.Selenium">
<arg>class=form-group</arg>
<arg>1.</arg>
<doc>Waits until the element ``locator`` contains ``text``.</doc>
<status status="PASS" starttime="20210603 10:11:32.785" endtime="20210603 10:11:32.822"/>
</kw>
<kw name="Convert To Integer" library="BuiltIn">
<var>${numhead}</var>
<arg>${fila}[Head]</arg>
<doc>Converts the given item to an integer number.</doc>
<msg timestamp="20210603 10:11:32.824" level="INFO">${numhead} = 4</msg>
<status status="PASS" starttime="20210603 10:11:32.823" endtime="20210603 10:11:32.824"/>
</kw>
<kw name="Click Element" library="RPA.Browser.Selenium">
<arg>xpath=${path}/option[${numhead + 1}]</arg>
<doc>Click the element identified by ``locator``.</doc>
<msg timestamp="20210603 10:11:32.828" level="INFO">Clicking element 'xpath=/html[1]/body[1]/div[1]/div[1]/div[1]/div[1]/div[1]/form[1]/div[1]/select[1]/option[5]'.</msg>
<status status="PASS" starttime="20210603 10:11:32.825" endtime="20210603 10:11:32.876"/>
</kw>
<kw name="Click Element" library="RPA.Browser.Selenium">
<arg>id=id-body-${fila}[Body]</arg>
<doc>Click the element identified by ``locator``.</doc>
<msg timestamp="20210603 10:11:32.879" level="INFO">Clicking element 'id=id-body-1'.</msg>
<status status="PASS" starttime="20210603 10:11:32.877" endtime="20210603 10:11:32.979"/>
</kw>
<kw name="Input Text" library="RPA.Browser.Selenium">
<arg>class=form-control</arg>
<arg>${fila}[Legs]</arg>
<doc>Types the given ``text`` into the text field identified by ``locator``.</doc>
<msg timestamp="20210603 10:11:32.981" level="INFO">Typing text '5' into text field 'class=form-control'.</msg>
<status status="PASS" starttime="20210603 10:11:32.979" endtime="20210603 10:11:33.140"/>
</kw>
<kw name="Input Text" library="RPA.Browser.Selenium">
<arg>id=address</arg>
<arg>${fila}[Address]</arg>
<doc>Types the given ``text`` into the text field identified by ``locator``.</doc>
<msg timestamp="20210603 10:11:33.142" level="INFO">Typing text 'Address 456' into text field 'id=address'.</msg>
<status status="PASS" starttime="20210603 10:11:33.141" endtime="20210603 10:11:33.287"/>
</kw>
<kw name="Click Button" library="RPA.Browser.Selenium">
<arg>Preview</arg>
<doc>Clicks the button identified by ``locator``.</doc>
<msg timestamp="20210603 10:11:33.287" level="INFO">Clicking button 'Preview'.</msg>
<status status="PASS" starttime="20210603 10:11:33.287" endtime="20210603 10:11:33.383"/>
</kw>
<status status="PASS" starttime="20210603 10:11:32.784" endtime="20210603 10:11:33.383"/>
</kw>
<status status="PASS" starttime="20210603 10:11:32.782" endtime="20210603 10:11:33.384"/>
</kw>
<kw name="Wait Until Keyword Succeeds" library="BuiltIn">
<arg>${GLOBAL_RETRY_AMOUNT}</arg>
<arg>${GLOBAL_RETRY_INTERVAL}</arg>
<arg>PDF</arg>
<arg>${fila}</arg>
<doc>Runs the specified keyword and retries if it fails.</doc>
<kw name="PDF">
<arg>${fila}</arg>
<kw name="Log" library="BuiltIn">
<arg>${fila}</arg>
<doc>Logs the given message with the given level.</doc>
<msg timestamp="20210603 10:11:33.389" level="INFO">{'Order number': '2', 'Head': '4', 'Body': '1', 'Legs': '5', 'Address': 'Address 456'}</msg>
<status status="PASS" starttime="20210603 10:11:33.388" endtime="20210603 10:11:33.389"/>
</kw>
<kw name="Wait Until Element Is Visible" library="RPA.Browser.Selenium">
<arg>id=order</arg>
<doc>Waits until the element ``locator`` is visible.</doc>
<status status="PASS" starttime="20210603 10:11:33.391" endtime="20210603 10:11:33.439"/>
</kw>
<kw name="Sleep" library="BuiltIn">
<arg>1s</arg>
<doc>Pauses the test executed for the given time.</doc>
<msg timestamp="20210603 10:11:34.445" level="INFO">Slept 1 second</msg>
<status status="PASS" starttime="20210603 10:11:33.440" endtime="20210603 10:11:34.445"/>
</kw>
<kw name="Click Element" library="RPA.Browser.Selenium">
<arg>id=order</arg>
<doc>Click the element identified by ``locator``.</doc>
<msg timestamp="20210603 10:11:34.447" level="INFO">Clicking element 'id=order'.</msg>
<status status="PASS" starttime="20210603 10:11:34.446" endtime="20210603 10:11:34.504"/>
</kw>
<kw name="Wait Until Element Is Visible" library="RPA.Browser.Selenium">
<arg>id=receipt</arg>
<doc>Waits until the element ``locator`` is visible.</doc>
<kw name="Capture Page Screenshot" library="RPA.Browser.Selenium">
<doc>Takes a screenshot of the current page and embeds it into a log file.</doc>
<msg timestamp="20210603 10:11:39.914" level="INFO" html="true">&lt;/td&gt;&lt;/tr&gt;&lt;tr&gt;&lt;td colspan="3"&gt;&lt;a href="screenshots/selenium-screenshot-1.png"&gt;&lt;img src="screenshots/selenium-screenshot-1.png" width="800px"&gt;&lt;/a&gt;</msg>
<status status="PASS" starttime="20210603 10:11:39.650" endtime="20210603 10:11:39.914"/>
</kw>
<msg timestamp="20210603 10:11:39.919" level="FAIL">Element 'id=receipt' not visible after 5 seconds.</msg>
<status status="FAIL" starttime="20210603 10:11:34.505" endtime="20210603 10:11:39.919"/>
</kw>
<kw name="Get Element Attribute" library="RPA.Browser.Selenium">
<var>${receipt_html}</var>
<arg>id=receipt</arg>
<arg>outerHTML</arg>
<doc>Returns the value of ``attribute`` from the element ``locator``.</doc>
<status status="NOT RUN" starttime="20210603 10:11:39.920" endtime="20210603 10:11:39.920"/>
</kw>
<kw name="Html To Pdf" library="RPA.PDF">
<arg>${receipt_html}</arg>
<arg>${recibopdf}${fila}[Order number].pdf</arg>
<doc>Generate a PDF file from HTML content.</doc>
<status status="NOT RUN" starttime="20210603 10:11:39.921" endtime="20210603 10:11:39.921"/>
</kw>
<kw name="Wait Until Element Is Visible" library="RPA.Browser.Selenium">
<arg>id=robot-preview-image</arg>
<doc>Waits until the element ``locator`` is visible.</doc>
<status status="NOT RUN" starttime="20210603 10:11:39.922" endtime="20210603 10:11:39.922"/>
</kw>
<kw name="Capture Element Screenshot" library="RPA.Browser.Selenium">
<var>${screenshot}</var>
<arg>id=robot-preview-image</arg>
<arg>${reciboimg}${fila}[Order number].png</arg>
<doc>Captures a screenshot from the element identified by ``locator`` and embeds it into log file.</doc>
<status status="NOT RUN" starttime="20210603 10:11:39.922" endtime="20210603 10:11:39.923"/>
</kw>
<kw name="Open Pdf" library="RPA.PDF">
<arg>${recibopdf}${fila}[Order number].pdf</arg>
<doc>Open a PDF document for reading.</doc>
<status status="NOT RUN" starttime="20210603 10:11:39.923" endtime="20210603 10:11:39.923"/>
</kw>
<kw name="Add Watermark Image To Pdf" library="RPA.PDF">
<arg>${screenshot}</arg>
<arg>${recibopdf}${fila}[Order number].pdf</arg>
<doc>Add image to PDF which can be new or existing PDF.</doc>
<status status="NOT RUN" starttime="20210603 10:11:39.923" endtime="20210603 10:11:39.924"/>
</kw>
<kw name="Close All Pdfs" library="RPA.PDF">
<doc>Close all opened PDF file descriptors.</doc>
<status status="NOT RUN" starttime="20210603 10:11:39.924" endtime="20210603 10:11:39.924"/>
</kw>
<status status="FAIL" starttime="20210603 10:11:33.387" endtime="20210603 10:11:39.924"/>
</kw>
<kw name="PDF">
<arg>${fila}</arg>
<kw name="Log" library="BuiltIn">
<arg>${fila}</arg>
<doc>Logs the given message with the given level.</doc>
<msg timestamp="20210603 10:11:43.938" level="INFO">{'Order number': '2', 'Head': '4', 'Body': '1', 'Legs': '5', 'Address': 'Address 456'}</msg>
<status status="PASS" starttime="20210603 10:11:43.938" endtime="20210603 10:11:43.938"/>
</kw>
<kw name="Wait Until Element Is Visible" library="RPA.Browser.Selenium">
<arg>id=order</arg>
<doc>Waits until the element ``locator`` is visible.</doc>
<status status="PASS" starttime="20210603 10:11:43.939" endtime="20210603 10:11:43.959"/>
</kw>
<kw name="Sleep" library="BuiltIn">
<arg>1s</arg>
<doc>Pauses the test executed for the given time.</doc>
<msg timestamp="20210603 10:11:44.965" level="INFO">Slept 1 second</msg>
<status status="PASS" starttime="20210603 10:11:43.960" endtime="20210603 10:11:44.965"/>
</kw>
<kw name="Click Element" library="RPA.Browser.Selenium">
<arg>id=order</arg>
<doc>Click the element identified by ``locator``.</doc>
<msg timestamp="20210603 10:11:44.967" level="INFO">Clicking element 'id=order'.</msg>
<status status="PASS" starttime="20210603 10:11:44.966" endtime="20210603 10:11:45.001"/>
</kw>
<kw name="Wait Until Element Is Visible" library="RPA.Browser.Selenium">
<arg>id=receipt</arg>
<doc>Waits until the element ``locator`` is visible.</doc>
<kw name="Capture Page Screenshot" library="RPA.Browser.Selenium">
<doc>Takes a screenshot of the current page and embeds it into a log file.</doc>
<msg timestamp="20210603 10:11:50.388" level="INFO" html="true">&lt;/td&gt;&lt;/tr&gt;&lt;tr&gt;&lt;td colspan="3"&gt;&lt;a href="screenshots/selenium-screenshot-2.png"&gt;&lt;img src="screenshots/selenium-screenshot-2.png" width="800px"&gt;&lt;/a&gt;</msg>
<status status="PASS" starttime="20210603 10:11:50.148" endtime="20210603 10:11:50.388"/>
</kw>
<msg timestamp="20210603 10:11:50.389" level="FAIL">Element 'id=receipt' not visible after 5 seconds.</msg>
<status status="FAIL" starttime="20210603 10:11:45.002" endtime="20210603 10:11:50.389"/>
</kw>
<kw name="Get Element Attribute" library="RPA.Browser.Selenium">
<var>${receipt_html}</var>
<arg>id=receipt</arg>
<arg>outerHTML</arg>
<doc>Returns the value of ``attribute`` from the element ``locator``.</doc>
<status status="NOT RUN" starttime="20210603 10:11:50.390" endtime="20210603 10:11:50.390"/>
</kw>
<kw name="Html To Pdf" library="RPA.PDF">
<arg>${receipt_html}</arg>
<arg>${recibopdf}${fila}[Order number].pdf</arg>
<doc>Generate a PDF file from HTML content.</doc>
<status status="NOT RUN" starttime="20210603 10:11:50.391" endtime="20210603 10:11:50.391"/>
</kw>
<kw name="Wait Until Element Is Visible" library="RPA.Browser.Selenium">
<arg>id=robot-preview-image</arg>
<doc>Waits until the element ``locator`` is visible.</doc>
<status status="NOT RUN" starttime="20210603 10:11:50.391" endtime="20210603 10:11:50.391"/>
</kw>
<kw name="Capture Element Screenshot" library="RPA.Browser.Selenium">
<var>${screenshot}</var>
<arg>id=robot-preview-image</arg>
<arg>${reciboimg}${fila}[Order number].png</arg>
<doc>Captures a screenshot from the element identified by ``locator`` and embeds it into log file.</doc>
<status status="NOT RUN" starttime="20210603 10:11:50.391" endtime="20210603 10:11:50.392"/>
</kw>
<kw name="Open Pdf" library="RPA.PDF">
<arg>${recibopdf}${fila}[Order number].pdf</arg>
<doc>Open a PDF document for reading.</doc>
<status status="NOT RUN" starttime="20210603 10:11:50.392" endtime="20210603 10:11:50.392"/>
</kw>
<kw name="Add Watermark Image To Pdf" library="RPA.PDF">
<arg>${screenshot}</arg>
<arg>${recibopdf}${fila}[Order number].pdf</arg>
<doc>Add image to PDF which can be new or existing PDF.</doc>
<status status="NOT RUN" starttime="20210603 10:11:50.392" endtime="20210603 10:11:50.393"/>
</kw>
<kw name="Close All Pdfs" library="RPA.PDF">
<doc>Close all opened PDF file descriptors.</doc>
<status status="NOT RUN" starttime="20210603 10:11:50.393" endtime="20210603 10:11:50.393"/>
</kw>
<status status="FAIL" starttime="20210603 10:11:43.937" endtime="20210603 10:11:50.394"/>
</kw>
<kw name="PDF">
<arg>${fila}</arg>
<kw name="Log" library="BuiltIn">
<arg>${fila}</arg>
<doc>Logs the given message with the given level.</doc>
<msg timestamp="20210603 10:11:54.405" level="INFO">{'Order number': '2', 'Head': '4', 'Body': '1', 'Legs': '5', 'Address': 'Address 456'}</msg>
<status status="PASS" starttime="20210603 10:11:54.404" endtime="20210603 10:11:54.405"/>
</kw>
<kw name="Wait Until Element Is Visible" library="RPA.Browser.Selenium">
<arg>id=order</arg>
<doc>Waits until the element ``locator`` is visible.</doc>
<status status="PASS" starttime="20210603 10:11:54.406" endtime="20210603 10:11:54.430"/>
</kw>
<kw name="Sleep" library="BuiltIn">
<arg>1s</arg>
<doc>Pauses the test executed for the given time.</doc>
<msg timestamp="20210603 10:11:55.433" level="INFO">Slept 1 second</msg>
<status status="PASS" starttime="20210603 10:11:54.431" endtime="20210603 10:11:55.433"/>
</kw>
<kw name="Click Element" library="RPA.Browser.Selenium">
<arg>id=order</arg>
<doc>Click the element identified by ``locator``.</doc>
<msg timestamp="20210603 10:11:55.435" level="INFO">Clicking element 'id=order'.</msg>
<status status="PASS" starttime="20210603 10:11:55.434" endtime="20210603 10:11:55.482"/>
</kw>
<kw name="Wait Until Element Is Visible" library="RPA.Browser.Selenium">
<arg>id=receipt</arg>
<doc>Waits until the element ``locator`` is visible.</doc>
<status status="PASS" starttime="20210603 10:11:55.482" endtime="20210603 10:11:55.514"/>
</kw>
<kw name="Get Element Attribute" library="RPA.Browser.Selenium">
<var>${receipt_html}</var>
<arg>id=receipt</arg>
<arg>outerHTML</arg>
<doc>Returns the value of ``attribute`` from the element ``locator``.</doc>
<msg timestamp="20210603 10:11:55.534" level="INFO">${receipt_html} = &lt;div id="receipt" class="alert alert-success" role="alert"&gt;&lt;h3&gt;Receipt&lt;/h3&gt;&lt;div&gt;2021-06-03T08:11:55.471Z&lt;/div&gt;&lt;p class="badge badge-success"&gt;RSB-ROBO-ORDER-UIDTUFVR7&lt;/p&gt;&lt;p&gt;Address 456&lt;/p&gt;&lt;div id="part...</msg>
<status status="PASS" starttime="20210603 10:11:55.514" endtime="20210603 10:11:55.534"/>
</kw>
<kw name="Html To Pdf" library="RPA.PDF">
<arg>${receipt_html}</arg>
<arg>${recibopdf}${fila}[Order number].pdf</arg>
<doc>Generate a PDF file from HTML content.</doc>
<msg timestamp="20210603 10:11:55.537" level="INFO">Writing output to file C:\ProgramData\Temp\rcd1f381\AppData\Local\Temp\69_7770_575662499_1\workarea60b88ea1\output\pdf\receipt2.pdf</msg>
<status status="PASS" starttime="20210603 10:11:55.535" endtime="20210603 10:11:55.541"/>
</kw>
<kw name="Wait Until Element Is Visible" library="RPA.Browser.Selenium">
<arg>id=robot-preview-image</arg>
<doc>Waits until the element ``locator`` is visible.</doc>
<status status="PASS" starttime="20210603 10:11:55.542" endtime="20210603 10:11:55.567"/>
</kw>
<kw name="Capture Element Screenshot" library="RPA.Browser.Selenium">
<var>${screenshot}</var>
<arg>id=robot-preview-image</arg>
<arg>${reciboimg}${fila}[Order number].png</arg>
<doc>Captures a screenshot from the element identified by ``locator`` and embeds it into log file.</doc>
<msg timestamp="20210603 10:11:55.710" level="INFO" html="true">&lt;/td&gt;&lt;/tr&gt;&lt;tr&gt;&lt;td colspan="3"&gt;&lt;a href="img/receipt2.png"&gt;&lt;img src="img/receipt2.png" width="400px"&gt;&lt;/a&gt;</msg>
<msg timestamp="20210603 10:11:55.710" level="INFO">${screenshot} = C:\ProgramData\Temp\rcd1f381\AppData\Local\Temp\69_7770_575662499_1\workarea60b88ea1\output\img\receipt2.png</msg>
<status status="PASS" starttime="20210603 10:11:55.568" endtime="20210603 10:11:55.711"/>
</kw>
<kw name="Open Pdf" library="RPA.PDF">
<arg>${recibopdf}${fila}[Order number].pdf</arg>
<doc>Open a PDF document for reading.</doc>
<status status="PASS" starttime="20210603 10:11:55.711" endtime="20210603 10:11:55.726"/>
</kw>
<kw name="Add Watermark Image To Pdf" library="RPA.PDF">
<arg>${screenshot}</arg>
<arg>${recibopdf}${fila}[Order number].pdf</arg>
<doc>Add image to PDF which can be new or existing PDF.</doc>
<status status="PASS" starttime="20210603 10:11:55.726" endtime="20210603 10:11:55.796"/>
</kw>
<kw name="Close All Pdfs" library="RPA.PDF">
<doc>Close all opened PDF file descriptors.</doc>
<msg timestamp="20210603 10:11:55.797" level="INFO">Closing PDF document: C:\ProgramData\Temp\rcd1f381\AppData\Local\Temp\69_7770_575662499_1\workarea60b88ea1\output\pdf\receipt2.pdf</msg>
<status status="PASS" starttime="20210603 10:11:55.797" endtime="20210603 10:11:55.798"/>
</kw>
<status status="PASS" starttime="20210603 10:11:54.402" endtime="20210603 10:11:55.798"/>
</kw>
<status status="PASS" starttime="20210603 10:11:33.385" endtime="20210603 10:11:55.798"/>
</kw>
<kw name="Another One">
<kw name="Click Button" library="RPA.Browser.Selenium">
<arg>id=order-another</arg>
<doc>Clicks the button identified by ``locator``.</doc>
<msg timestamp="20210603 10:11:55.800" level="INFO">Clicking button 'id=order-another'.</msg>
<status status="PASS" starttime="20210603 10:11:55.799" endtime="20210603 10:11:56.055"/>
</kw>
<kw name="Wait Until Element Contains" library="RPA.Browser.Selenium">
<arg>class=modal-body</arg>
<arg>${text}</arg>
<doc>Waits until the element ``locator`` contains ``text``.</doc>
<status status="PASS" starttime="20210603 10:11:56.056" endtime="20210603 10:11:56.103"/>
</kw>
<kw name="Handle Modal">
<kw name="Click Button" library="RPA.Browser.Selenium">
<arg>OK</arg>
<doc>Clicks the button identified by ``locator``.</doc>
<msg timestamp="20210603 10:11:56.106" level="INFO">Clicking button 'OK'.</msg>
<status status="PASS" starttime="20210603 10:11:56.105" endtime="20210603 10:11:56.184"/>
</kw>
<status status="PASS" starttime="20210603 10:11:56.104" endtime="20210603 10:11:56.185"/>
</kw>
<status status="PASS" starttime="20210603 10:11:55.799" endtime="20210603 10:11:56.186"/>
</kw>
<status status="PASS" starttime="20210603 10:11:32.782" endtime="20210603 10:11:56.186"/>
</iter>
<iter>
<var name="${fila}">{'Order number': '3', 'Head': '6', 'Body': '2', 'Legs': '3', 'Address': 'Address 789'}</var>
<kw name="Wait Until Keyword Succeeds" library="BuiltIn">
<arg>${GLOBAL_RETRY_AMOUNT}</arg>
<arg>${GLOBAL_RETRY_INTERVAL}</arg>
<arg>Fill Form</arg>
<arg>${fila}</arg>
<doc>Runs the specified keyword and retries if it fails.</doc>
<kw name="Fill Form">
<arg>${fila}</arg>
<kw name="Wait Until Element Contains" library="RPA.Browser.Selenium">
<arg>class=form-group</arg>
<arg>1.</arg>
<doc>Waits until the element ``locator`` contains ``text``.</doc>
<status status="PASS" starttime="20210603 10:11:56.192" endtime="20210603 10:11:56.240"/>
</kw>
<kw name="Convert To Integer" library="BuiltIn">
<var>${numhead}</var>
<arg>${fila}[Head]</arg>
<doc>Converts the given item to an integer number.</doc>
<msg timestamp="20210603 10:11:56.243" level="INFO">${numhead} = 6</msg>
<status status="PASS" starttime="20210603 10:11:56.241" endtime="20210603 10:11:56.243"/>
</kw>
<kw name="Click Element" library="RPA.Browser.Selenium">
<arg>xpath=${path}/option[${numhead + 1}]</arg>
<doc>Click the element identified by ``locator``.</doc>
<msg timestamp="20210603 10:11:56.247" level="INFO">Clicking element 'xpath=/html[1]/body[1]/div[1]/div[1]/div[1]/div[1]/div[1]/form[1]/div[1]/select[1]/option[7]'.</msg>
<status status="PASS" starttime="20210603 10:11:56.243" endtime="20210603 10:11:56.296"/>
</kw>
<kw name="Click Element" library="RPA.Browser.Selenium">
<arg>id=id-body-${fila}[Body]</arg>
<doc>Click the element identified by ``locator``.</doc>
<msg timestamp="20210603 10:11:56.297" level="INFO">Clicking element 'id=id-body-2'.</msg>
<status status="PASS" starttime="20210603 10:11:56.297" endtime="20210603 10:11:56.367"/>
</kw>
<kw name="Input Text" library="RPA.Browser.Selenium">
<arg>class=form-control</arg>
<arg>${fila}[Legs]</arg>
<doc>Types the given ``text`` into the text field identified by ``locator``.</doc>
<msg timestamp="20210603 10:11:56.369" level="INFO">Typing text '3' into text field 'class=form-control'.</msg>
<status status="PASS" starttime="20210603 10:11:56.367" endtime="20210603 10:11:56.510"/>
</kw>
<kw name="Input Text" library="RPA.Browser.Selenium">
<arg>id=address</arg>
<arg>${fila}[Address]</arg>
<doc>Types the given ``text`` into the text field identified by ``locator``.</doc>
<msg timestamp="20210603 10:11:56.512" level="INFO">Typing text 'Address 789' into text field 'id=address'.</msg>
<status status="PASS" starttime="20210603 10:11:56.511" endtime="20210603 10:11:56.648"/>
</kw>
<kw name="Click Button" library="RPA.Browser.Selenium">
<arg>Preview</arg>
<doc>Clicks the button identified by ``locator``.</doc>
<msg timestamp="20210603 10:11:56.649" level="INFO">Clicking button 'Preview'.</msg>
<status status="PASS" starttime="20210603 10:11:56.648" endtime="20210603 10:11:56.762"/>
</kw>
<status status="PASS" starttime="20210603 10:11:56.190" endtime="20210603 10:11:56.763"/>
</kw>
<status status="PASS" starttime="20210603 10:11:56.189" endtime="20210603 10:11:56.764"/>
</kw>
<kw name="Wait Until Keyword Succeeds" library="BuiltIn">
<arg>${GLOBAL_RETRY_AMOUNT}</arg>
<arg>${GLOBAL_RETRY_INTERVAL}</arg>
<arg>PDF</arg>
<arg>${fila}</arg>
<doc>Runs the specified keyword and retries if it fails.</doc>
<kw name="PDF">
<arg>${fila}</arg>
<kw name="Log" library="BuiltIn">
<arg>${fila}</arg>
<doc>Logs the given message with the given level.</doc>
<msg timestamp="20210603 10:11:56.771" level="INFO">{'Order number': '3', 'Head': '6', 'Body': '2', 'Legs': '3', 'Address': 'Address 789'}</msg>
<status status="PASS" starttime="20210603 10:11:56.769" endtime="20210603 10:11:56.771"/>
</kw>
<kw name="Wait Until Element Is Visible" library="RPA.Browser.Selenium">
<arg>id=order</arg>
<doc>Waits until the element ``locator`` is visible.</doc>
<status status="PASS" starttime="20210603 10:11:56.772" endtime="20210603 10:11:56.814"/>
</kw>
<kw name="Sleep" library="BuiltIn">
<arg>1s</arg>
<doc>Pauses the test executed for the given time.</doc>
<msg timestamp="20210603 10:11:57.827" level="INFO">Slept 1 second</msg>
<status status="PASS" starttime="20210603 10:11:56.815" endtime="20210603 10:11:57.827"/>
</kw>
<kw name="Click Element" library="RPA.Browser.Selenium">
<arg>id=order</arg>
<doc>Click the element identified by ``locator``.</doc>
<msg timestamp="20210603 10:11:57.828" level="INFO">Clicking element 'id=order'.</msg>
<status status="PASS" starttime="20210603 10:11:57.828" endtime="20210603 10:11:57.901"/>
</kw>
<kw name="Wait Until Element Is Visible" library="RPA.Browser.Selenium">
<arg>id=receipt</arg>
<doc>Waits until the element ``locator`` is visible.</doc>
<status status="PASS" starttime="20210603 10:11:57.901" endtime="20210603 10:11:57.935"/>
</kw>
<kw name="Get Element Attribute" library="RPA.Browser.Selenium">
<var>${receipt_html}</var>
<arg>id=receipt</arg>
<arg>outerHTML</arg>
<doc>Returns the value of ``attribute`` from the element ``locator``.</doc>
<msg timestamp="20210603 10:11:57.955" level="INFO">${receipt_html} = &lt;div id="receipt" class="alert alert-success" role="alert"&gt;&lt;h3&gt;Receipt&lt;/h3&gt;&lt;div&gt;2021-06-03T08:11:57.884Z&lt;/div&gt;&lt;p class="badge badge-success"&gt;RSB-ROBO-ORDER-0R5W471KA&lt;/p&gt;&lt;p&gt;Address 789&lt;/p&gt;&lt;div id="part...</msg>
<status status="PASS" starttime="20210603 10:11:57.936" endtime="20210603 10:11:57.955"/>
</kw>
<kw name="Html To Pdf" library="RPA.PDF">
<arg>${receipt_html}</arg>
<arg>${recibopdf}${fila}[Order number].pdf</arg>
<doc>Generate a PDF file from HTML content.</doc>
<msg timestamp="20210603 10:11:57.957" level="INFO">Writing output to file C:\ProgramData\Temp\rcd1f381\AppData\Local\Temp\69_7770_575662499_1\workarea60b88ea1\output\pdf\receipt3.pdf</msg>
<status status="PASS" starttime="20210603 10:11:57.956" endtime="20210603 10:11:57.962"/>
</kw>
<kw name="Wait Until Element Is Visible" library="RPA.Browser.Selenium">
<arg>id=robot-preview-image</arg>
<doc>Waits until the element ``locator`` is visible.</doc>
<status status="PASS" starttime="20210603 10:11:57.962" endtime="20210603 10:11:57.987"/>
</kw>
<kw name="Capture Element Screenshot" library="RPA.Browser.Selenium">
<var>${screenshot}</var>
<arg>id=robot-preview-image</arg>
<arg>${reciboimg}${fila}[Order number].png</arg>
<doc>Captures a screenshot from the element identified by ``locator`` and embeds it into log file.</doc>
<msg timestamp="20210603 10:11:58.175" level="INFO" html="true">&lt;/td&gt;&lt;/tr&gt;&lt;tr&gt;&lt;td colspan="3"&gt;&lt;a href="img/receipt3.png"&gt;&lt;img src="img/receipt3.png" width="400px"&gt;&lt;/a&gt;</msg>
<msg timestamp="20210603 10:11:58.175" level="INFO">${screenshot} = C:\ProgramData\Temp\rcd1f381\AppData\Local\Temp\69_7770_575662499_1\workarea60b88ea1\output\img\receipt3.png</msg>
<status status="PASS" starttime="20210603 10:11:57.988" endtime="20210603 10:11:58.175"/>
</kw>
<kw name="Open Pdf" library="RPA.PDF">
<arg>${recibopdf}${fila}[Order number].pdf</arg>
<doc>Open a PDF document for reading.</doc>
<status status="PASS" starttime="20210603 10:11:58.176" endtime="20210603 10:11:58.196"/>
</kw>
<kw name="Add Watermark Image To Pdf" library="RPA.PDF">
<arg>${screenshot}</arg>
<arg>${recibopdf}${fila}[Order number].pdf</arg>
<doc>Add image to PDF which can be new or existing PDF.</doc>
<status status="PASS" starttime="20210603 10:11:58.197" endtime="20210603 10:11:58.274"/>
</kw>
<kw name="Close All Pdfs" library="RPA.PDF">
<doc>Close all opened PDF file descriptors.</doc>
<msg timestamp="20210603 10:11:58.275" level="INFO">Closing PDF document: C:\ProgramData\Temp\rcd1f381\AppData\Local\Temp\69_7770_575662499_1\workarea60b88ea1\output\pdf\receipt3.pdf</msg>
<status status="PASS" starttime="20210603 10:11:58.274" endtime="20210603 10:11:58.275"/>
</kw>
<status status="PASS" starttime="20210603 10:11:56.768" endtime="20210603 10:11:58.275"/>
</kw>
<status status="PASS" starttime="20210603 10:11:56.765" endtime="20210603 10:11:58.276"/>
</kw>
<kw name="Another One">
<kw name="Click Button" library="RPA.Browser.Selenium">
<arg>id=order-another</arg>
<doc>Clicks the button identified by ``locator``.</doc>
<msg timestamp="20210603 10:11:58.277" level="INFO">Clicking button 'id=order-another'.</msg>
<status status="PASS" starttime="20210603 10:11:58.277" endtime="20210603 10:11:58.530"/>
</kw>
<kw name="Wait Until Element Contains" library="RPA.Browser.Selenium">
<arg>class=modal-body</arg>
<arg>${text}</arg>
<doc>Waits until the element ``locator`` contains ``text``.</doc>
<status status="PASS" starttime="20210603 10:11:58.531" endtime="20210603 10:11:58.588"/>
</kw>
<kw name="Handle Modal">
<kw name="Click Button" library="RPA.Browser.Selenium">
<arg>OK</arg>
<doc>Clicks the button identified by ``locator``.</doc>
<msg timestamp="20210603 10:11:58.591" level="INFO">Clicking button 'OK'.</msg>
<status status="PASS" starttime="20210603 10:11:58.590" endtime="20210603 10:11:58.666"/>
</kw>
<status status="PASS" starttime="20210603 10:11:58.589" endtime="20210603 10:11:58.667"/>
</kw>
<status status="PASS" starttime="20210603 10:11:58.276" endtime="20210603 10:11:58.668"/>
</kw>
<status status="PASS" starttime="20210603 10:11:56.188" endtime="20210603 10:11:58.669"/>
</iter>
<iter>
<var name="${fila}">{'Order number': '4', 'Head': '2', 'Body': '3', 'Legs': '2', 'Address': 'Address 1'}</var>
<kw name="Wait Until Keyword Succeeds" library="BuiltIn">
<arg>${GLOBAL_RETRY_AMOUNT}</arg>
<arg>${GLOBAL_RETRY_INTERVAL}</arg>
<arg>Fill Form</arg>
<arg>${fila}</arg>
<doc>Runs the specified keyword and retries if it fails.</doc>
<kw name="Fill Form">
<arg>${fila}</arg>
<kw name="Wait Until Element Contains" library="RPA.Browser.Selenium">
<arg>class=form-group</arg>
<arg>1.</arg>
<doc>Waits until the element ``locator`` contains ``text``.</doc>
<status status="PASS" starttime="20210603 10:11:58.672" endtime="20210603 10:11:58.710"/>
</kw>
<kw name="Convert To Integer" library="BuiltIn">
<var>${numhead}</var>
<arg>${fila}[Head]</arg>
<doc>Converts the given item to an integer number.</doc>
<msg timestamp="20210603 10:11:58.712" level="INFO">${numhead} = 2</msg>
<status status="PASS" starttime="20210603 10:11:58.711" endtime="20210603 10:11:58.712"/>
</kw>
<kw name="Click Element" library="RPA.Browser.Selenium">
<arg>xpath=${path}/option[${numhead + 1}]</arg>
<doc>Click the element identified by ``locator``.</doc>
<msg timestamp="20210603 10:11:58.715" level="INFO">Clicking element 'xpath=/html[1]/body[1]/div[1]/div[1]/div[1]/div[1]/div[1]/form[1]/div[1]/select[1]/option[3]'.</msg>
<status status="PASS" starttime="20210603 10:11:58.712" endtime="20210603 10:11:58.763"/>
</kw>
<kw name="Click Element" library="RPA.Browser.Selenium">
<arg>id=id-body-${fila}[Body]</arg>
<doc>Click the element identified by ``locator``.</doc>
<msg timestamp="20210603 10:11:58.765" level="INFO">Clicking element 'id=id-body-3'.</msg>
<status status="PASS" starttime="20210603 10:11:58.764" endtime="20210603 10:11:58.862"/>
</kw>
<kw name="Input Text" library="RPA.Browser.Selenium">
<arg>class=form-control</arg>
<arg>${fila}[Legs]</arg>
<doc>Types the given ``text`` into the text field identified by ``locator``.</doc>
<msg timestamp="20210603 10:11:58.864" level="INFO">Typing text '2' into text field 'class=form-control'.</msg>
<status status="PASS" starttime="20210603 10:11:58.863" endtime="20210603 10:11:59.110"/>
</kw>
<kw name="Input Text" library="RPA.Browser.Selenium">
<arg>id=address</arg>
<arg>${fila}[Address]</arg>
<doc>Types the given ``text`` into the text field identified by ``locator``.</doc>
<msg timestamp="20210603 10:11:59.111" level="INFO">Typing text 'Address 1' into text field 'id=address'.</msg>
<status status="PASS" starttime="20210603 10:11:59.111" endtime="20210603 10:11:59.257"/>
</kw>
<kw name="Click Button" library="RPA.Browser.Selenium">
<arg>Preview</arg>
<doc>Clicks the button identified by ``locator``.</doc>
<msg timestamp="20210603 10:11:59.258" level="INFO">Clicking button 'Preview'.</msg>
<status status="PASS" starttime="20210603 10:11:59.257" endtime="20210603 10:11:59.346"/>
</kw>
<status status="PASS" starttime="20210603 10:11:58.671" endtime="20210603 10:11:59.347"/>
</kw>
<status status="PASS" starttime="20210603 10:11:58.670" endtime="20210603 10:11:59.348"/>
</kw>
<kw name="Wait Until Keyword Succeeds" library="BuiltIn">
<arg>${GLOBAL_RETRY_AMOUNT}</arg>
<arg>${GLOBAL_RETRY_INTERVAL}</arg>
<arg>PDF</arg>
<arg>${fila}</arg>
<doc>Runs the specified keyword and retries if it fails.</doc>
<kw name="PDF">
<arg>${fila}</arg>
<kw name="Log" library="BuiltIn">
<arg>${fila}</arg>
<doc>Logs the given message with the given level.</doc>
<msg timestamp="20210603 10:11:59.354" level="INFO">{'Order number': '4', 'Head': '2', 'Body': '3', 'Legs': '2', 'Address': 'Address 1'}</msg>
<status status="PASS" starttime="20210603 10:11:59.354" endtime="20210603 10:11:59.354"/>
</kw>
<kw name="Wait Until Element Is Visible" library="RPA.Browser.Selenium">
<arg>id=order</arg>
<doc>Waits until the element ``locator`` is visible.</doc>
<status status="PASS" starttime="20210603 10:11:59.356" endtime="20210603 10:11:59.395"/>
</kw>
<kw name="Sleep" library="BuiltIn">
<arg>1s</arg>
<doc>Pauses the test executed for the given time.</doc>
<msg timestamp="20210603 10:12:00.405" level="INFO">Slept 1 second</msg>
<status status="PASS" starttime="20210603 10:11:59.395" endtime="20210603 10:12:00.405"/>
</kw>
<kw name="Click Element" library="RPA.Browser.Selenium">
<arg>id=order</arg>
<doc>Click the element identified by ``locator``.</doc>
<msg timestamp="20210603 10:12:00.406" level="INFO">Clicking element 'id=order'.</msg>
<status status="PASS" starttime="20210603 10:12:00.406" endtime="20210603 10:12:00.462"/>
</kw>
<kw name="Wait Until Element Is Visible" library="RPA.Browser.Selenium">
<arg>id=receipt</arg>
<doc>Waits until the element ``locator`` is visible.</doc>
<status status="PASS" starttime="20210603 10:12:00.462" endtime="20210603 10:12:00.487"/>
</kw>
<kw name="Get Element Attribute" library="RPA.Browser.Selenium">
<var>${receipt_html}</var>
<arg>id=receipt</arg>
<arg>outerHTML</arg>
<doc>Returns the value of ``attribute`` from the element ``locator``.</doc>
<msg timestamp="20210603 10:12:00.514" level="INFO">${receipt_html} = &lt;div id="receipt" class="alert alert-success" role="alert"&gt;&lt;h3&gt;Receipt&lt;/h3&gt;&lt;div&gt;2021-06-03T08:12:00.453Z&lt;/div&gt;&lt;p class="badge badge-success"&gt;RSB-ROBO-ORDER-NVCTLA7YJ&lt;/p&gt;&lt;p&gt;Address 1&lt;/p&gt;&lt;div id="parts"...</msg>
<status status="PASS" starttime="20210603 10:12:00.487" endtime="20210603 10:12:00.514"/>
</kw>
<kw name="Html To Pdf" library="RPA.PDF">
<arg>${receipt_html}</arg>
<arg>${recibopdf}${fila}[Order number].pdf</arg>
<doc>Generate a PDF file from HTML content.</doc>
<msg timestamp="20210603 10:12:00.517" level="INFO">Writing output to file C:\ProgramData\Temp\rcd1f381\AppData\Local\Temp\69_7770_575662499_1\workarea60b88ea1\output\pdf\receipt4.pdf</msg>
<status status="PASS" starttime="20210603 10:12:00.515" endtime="20210603 10:12:00.521"/>
</kw>
<kw name="Wait Until Element Is Visible" library="RPA.Browser.Selenium">
<arg>id=robot-preview-image</arg>
<doc>Waits until the element ``locator`` is visible.</doc>
<status status="PASS" starttime="20210603 10:12:00.522" endtime="20210603 10:12:00.546"/>
</kw>
<kw name="Capture Element Screenshot" library="RPA.Browser.Selenium">
<var>${screenshot}</var>
<arg>id=robot-preview-image</arg>
<arg>${reciboimg}${fila}[Order number].png</arg>
<doc>Captures a screenshot from the element identified by ``locator`` and embeds it into log file.</doc>
<msg timestamp="20210603 10:12:00.750" level="INFO" html="true">&lt;/td&gt;&lt;/tr&gt;&lt;tr&gt;&lt;td colspan="3"&gt;&lt;a href="img/receipt4.png"&gt;&lt;img src="img/receipt4.png" width="400px"&gt;&lt;/a&gt;</msg>
<msg timestamp="20210603 10:12:00.750" level="INFO">${screenshot} = C:\ProgramData\Temp\rcd1f381\AppData\Local\Temp\69_7770_575662499_1\workarea60b88ea1\output\img\receipt4.png</msg>
<status status="PASS" starttime="20210603 10:12:00.547" endtime="20210603 10:12:00.750"/>
</kw>
<kw name="Open Pdf" library="RPA.PDF">
<arg>${recibopdf}${fila}[Order number].pdf</arg>
<doc>Open a PDF document for reading.</doc>
<status status="PASS" starttime="20210603 10:12:00.751" endtime="20210603 10:12:00.775"/>
</kw>
<kw name="Add Watermark Image To Pdf" library="RPA.PDF">
<arg>${screenshot}</arg>
<arg>${recibopdf}${fila}[Order number].pdf</arg>
<doc>Add image to PDF which can be new or existing PDF.</doc>
<status status="PASS" starttime="20210603 10:12:00.776" endtime="20210603 10:12:00.892"/>
</kw>
<kw name="Close All Pdfs" library="RPA.PDF">
<doc>Close all opened PDF file descriptors.</doc>
<msg timestamp="20210603 10:12:00.893" level="INFO">Closing PDF document: C:\ProgramData\Temp\rcd1f381\AppData\Local\Temp\69_7770_575662499_1\workarea60b88ea1\output\pdf\receipt4.pdf</msg>
<status status="PASS" starttime="20210603 10:12:00.892" endtime="20210603 10:12:00.893"/>
</kw>
<status status="PASS" starttime="20210603 10:11:59.352" endtime="20210603 10:12:00.894"/>
</kw>
<status status="PASS" starttime="20210603 10:11:59.349" endtime="20210603 10:12:00.894"/>
</kw>
<kw name="Another One">
<kw name="Click Button" library="RPA.Browser.Selenium">
<arg>id=order-another</arg>
<doc>Clicks the button identified by ``locator``.</doc>
<msg timestamp="20210603 10:12:00.895" level="INFO">Clicking button 'id=order-another'.</msg>
<status status="PASS" starttime="20210603 10:12:00.895" endtime="20210603 10:12:01.137"/>
</kw>
<kw name="Wait Until Element Contains" library="RPA.Browser.Selenium">
<arg>class=modal-body</arg>
<arg>${text}</arg>
<doc>Waits until the element ``locator`` contains ``text``.</doc>
<status status="PASS" starttime="20210603 10:12:01.140" endtime="20210603 10:12:01.191"/>
</kw>
<kw name="Handle Modal">
<kw name="Click Button" library="RPA.Browser.Selenium">
<arg>OK</arg>
<doc>Clicks the button identified by ``locator``.</doc>
<msg timestamp="20210603 10:12:01.193" level="INFO">Clicking button 'OK'.</msg>
<status status="PASS" starttime="20210603 10:12:01.192" endtime="20210603 10:12:01.287"/>
</kw>
<status status="PASS" starttime="20210603 10:12:01.191" endtime="20210603 10:12:01.287"/>
</kw>
<status status="PASS" starttime="20210603 10:12:00.894" endtime="20210603 10:12:01.288"/>
</kw>
<status status="PASS" starttime="20210603 10:11:58.669" endtime="20210603 10:12:01.290"/>
</iter>
<iter>
<var name="${fila}">{'Order number': '5', 'Head': '3', 'Body': '5', 'Legs': '1', 'Address': 'Address 2'}</var>
<kw name="Wait Until Keyword Succeeds" library="BuiltIn">
<arg>${GLOBAL_RETRY_AMOUNT}</arg>
<arg>${GLOBAL_RETRY_INTERVAL}</arg>
<arg>Fill Form</arg>
<arg>${fila}</arg>
<doc>Runs the specified keyword and retries if it fails.</doc>
<kw name="Fill Form">
<arg>${fila}</arg>
<kw name="Wait Until Element Contains" library="RPA.Browser.Selenium">
<arg>class=form-group</arg>
<arg>1.</arg>
<doc>Waits until the element ``locator`` contains ``text``.</doc>
<status status="PASS" starttime="20210603 10:12:01.293" endtime="20210603 10:12:01.338"/>
</kw>
<kw name="Convert To Integer" library="BuiltIn">
<var>${numhead}</var>
<arg>${fila}[Head]</arg>
<doc>Converts the given item to an integer number.</doc>
<msg timestamp="20210603 10:12:01.339" level="INFO">${numhead} = 3</msg>
<status status="PASS" starttime="20210603 10:12:01.338" endtime="20210603 10:12:01.339"/>
</kw>
<kw name="Click Element" library="RPA.Browser.Selenium">
<arg>xpath=${path}/option[${numhead + 1}]</arg>
<doc>Click the element identified by ``locator``.</doc>
<msg timestamp="20210603 10:12:01.343" level="INFO">Clicking element 'xpath=/html[1]/body[1]/div[1]/div[1]/div[1]/div[1]/div[1]/form[1]/div[1]/select[1]/option[4]'.</msg>
<status status="PASS" starttime="20210603 10:12:01.340" endtime="20210603 10:12:01.398"/>
</kw>
<kw name="Click Element" library="RPA.Browser.Selenium">
<arg>id=id-body-${fila}[Body]</arg>
<doc>Click the element identified by ``locator``.</doc>
<msg timestamp="20210603 10:12:01.402" level="INFO">Clicking element 'id=id-body-5'.</msg>
<status status="PASS" starttime="20210603 10:12:01.399" endtime="20210603 10:12:01.481"/>
</kw>
<kw name="Input Text" library="RPA.Browser.Selenium">
<arg>class=form-control</arg>
<arg>${fila}[Legs]</arg>
<doc>Types the given ``text`` into the text field identified by ``locator``.</doc>
<msg timestamp="20210603 10:12:01.482" level="INFO">Typing text '1' into text field 'class=form-control'.</msg>
<status status="PASS" starttime="20210603 10:12:01.481" endtime="20210603 10:12:01.584"/>
</kw>
<kw name="Input Text" library="RPA.Browser.Selenium">
<arg>id=address</arg>
<arg>${fila}[Address]</arg>
<doc>Types the given ``text`` into the text field identified by ``locator``.</doc>
<msg timestamp="20210603 10:12:01.585" level="INFO">Typing text 'Address 2' into text field 'id=address'.</msg>
<status status="PASS" starttime="20210603 10:12:01.585" endtime="20210603 10:12:01.694"/>
</kw>
<kw name="Click Button" library="RPA.Browser.Selenium">
<arg>Preview</arg>
<doc>Clicks the button identified by ``locator``.</doc>
<msg timestamp="20210603 10:12:01.695" level="INFO">Clicking button 'Preview'.</msg>
<status status="PASS" starttime="20210603 10:12:01.694" endtime="20210603 10:12:01.771"/>
</kw>
<status status="PASS" starttime="20210603 10:12:01.292" endtime="20210603 10:12:01.772"/>
</kw>
<status status="PASS" starttime="20210603 10:12:01.290" endtime="20210603 10:12:01.772"/>
</kw>
<kw name="Wait Until Keyword Succeeds" library="BuiltIn">
<arg>${GLOBAL_RETRY_AMOUNT}</arg>
<arg>${GLOBAL_RETRY_INTERVAL}</arg>
<arg>PDF</arg>
<arg>${fila}</arg>
<doc>Runs the specified keyword and retries if it fails.</doc>
<kw name="PDF">
<arg>${fila}</arg>
<kw name="Log" library="BuiltIn">
<arg>${fila}</arg>
<doc>Logs the given message with the given level.</doc>
<msg timestamp="20210603 10:12:01.775" level="INFO">{'Order number': '5', 'Head': '3', 'Body': '5', 'Legs': '1', 'Address': 'Address 2'}</msg>
<status status="PASS" starttime="20210603 10:12:01.774" endtime="20210603 10:12:01.775"/>
</kw>
<kw name="Wait Until Element Is Visible" library="RPA.Browser.Selenium">
<arg>id=order</arg>
<doc>Waits until the element ``locator`` is visible.</doc>
<status status="PASS" starttime="20210603 10:12:01.775" endtime="20210603 10:12:01.806"/>
</kw>
<kw name="Sleep" library="BuiltIn">
<arg>1s</arg>
<doc>Pauses the test executed for the given time.</doc>
<msg timestamp="20210603 10:12:02.814" level="INFO">Slept 1 second</msg>
<status status="PASS" starttime="20210603 10:12:01.806" endtime="20210603 10:12:02.814"/>
</kw>
<kw name="Click Element" library="RPA.Browser.Selenium">
<arg>id=order</arg>
<doc>Click the element identified by ``locator``.</doc>
<msg timestamp="20210603 10:12:02.816" level="INFO">Clicking element 'id=order'.</msg>
<status status="PASS" starttime="20210603 10:12:02.815" endtime="20210603 10:12:02.883"/>
</kw>
<kw name="Wait Until Element Is Visible" library="RPA.Browser.Selenium">
<arg>id=receipt</arg>
<doc>Waits until the element ``locator`` is visible.</doc>
<status status="PASS" starttime="20210603 10:12:02.884" endtime="20210603 10:12:02.913"/>
</kw>
<kw name="Get Element Attribute" library="RPA.Browser.Selenium">
<var>${receipt_html}</var>
<arg>id=receipt</arg>
<arg>outerHTML</arg>
<doc>Returns the value of ``attribute`` from the element ``locator``.</doc>
<msg timestamp="20210603 10:12:02.933" level="INFO">${receipt_html} = &lt;div id="receipt" class="alert alert-success" role="alert"&gt;&lt;h3&gt;Receipt&lt;/h3&gt;&lt;div&gt;2021-06-03T08:12:02.871Z&lt;/div&gt;&lt;p class="badge badge-success"&gt;RSB-ROBO-ORDER-I4113NM8C&lt;/p&gt;&lt;p&gt;Address 2&lt;/p&gt;&lt;div id="parts"...</msg>
<status status="PASS" starttime="20210603 10:12:02.914" endtime="20210603 10:12:02.933"/>
</kw>
<kw name="Html To Pdf" library="RPA.PDF">
<arg>${receipt_html}</arg>
<arg>${recibopdf}${fila}[Order number].pdf</arg>
<doc>Generate a PDF file from HTML content.</doc>
<msg timestamp="20210603 10:12:02.935" level="INFO">Writing output to file C:\ProgramData\Temp\rcd1f381\AppData\Local\Temp\69_7770_575662499_1\workarea60b88ea1\output\pdf\receipt5.pdf</msg>
<status status="PASS" starttime="20210603 10:12:02.934" endtime="20210603 10:12:02.940"/>
</kw>
<kw name="Wait Until Element Is Visible" library="RPA.Browser.Selenium">
<arg>id=robot-preview-image</arg>
<doc>Waits until the element ``locator`` is visible.</doc>
<status status="PASS" starttime="20210603 10:12:02.941" endtime="20210603 10:12:02.967"/>
</kw>
<kw name="Capture Element Screenshot" library="RPA.Browser.Selenium">
<var>${screenshot}</var>
<arg>id=robot-preview-image</arg>
<arg>${reciboimg}${fila}[Order number].png</arg>
<doc>Captures a screenshot from the element identified by ``locator`` and embeds it into log file.</doc>
<msg timestamp="20210603 10:12:03.131" level="INFO" html="true">&lt;/td&gt;&lt;/tr&gt;&lt;tr&gt;&lt;td colspan="3"&gt;&lt;a href="img/receipt5.png"&gt;&lt;img src="img/receipt5.png" width="400px"&gt;&lt;/a&gt;</msg>
<msg timestamp="20210603 10:12:03.131" level="INFO">${screenshot} = C:\ProgramData\Temp\rcd1f381\AppData\Local\Temp\69_7770_575662499_1\workarea60b88ea1\output\img\receipt5.png</msg>
<status status="PASS" starttime="20210603 10:12:02.967" endtime="20210603 10:12:03.131"/>
</kw>
<kw name="Open Pdf" library="RPA.PDF">
<arg>${recibopdf}${fila}[Order number].pdf</arg>
<doc>Open a PDF document for reading.</doc>
<status status="PASS" starttime="20210603 10:12:03.132" endtime="20210603 10:12:03.150"/>
</kw>
<kw name="Add Watermark Image To Pdf" library="RPA.PDF">
<arg>${screenshot}</arg>
<arg>${recibopdf}${fila}[Order number].pdf</arg>
<doc>Add image to PDF which can be new or existing PDF.</doc>
<status status="PASS" starttime="20210603 10:12:03.151" endtime="20210603 10:12:03.257"/>
</kw>
<kw name="Close All Pdfs" library="RPA.PDF">
<doc>Close all opened PDF file descriptors.</doc>
<msg timestamp="20210603 10:12:03.258" level="INFO">Closing PDF document: C:\ProgramData\Temp\rcd1f381\AppData\Local\Temp\69_7770_575662499_1\workarea60b88ea1\output\pdf\receipt5.pdf</msg>
<status status="PASS" starttime="20210603 10:12:03.258" endtime="20210603 10:12:03.259"/>
</kw>
<status status="PASS" starttime="20210603 10:12:01.773" endtime="20210603 10:12:03.259"/>
</kw>
<status status="PASS" starttime="20210603 10:12:01.772" endtime="20210603 10:12:03.260"/>
</kw>
<kw name="Another One">
<kw name="Click Button" library="RPA.Browser.Selenium">
<arg>id=order-another</arg>
<doc>Clicks the button identified by ``locator``.</doc>
<msg timestamp="20210603 10:12:03.263" level="INFO">Clicking button 'id=order-another'.</msg>
<status status="PASS" starttime="20210603 10:12:03.262" endtime="20210603 10:12:03.482"/>
</kw>
<kw name="Wait Until Element Contains" library="RPA.Browser.Selenium">
<arg>class=modal-body</arg>
<arg>${text}</arg>
<doc>Waits until the element ``locator`` contains ``text``.</doc>
<status status="PASS" starttime="20210603 10:12:03.482" endtime="20210603 10:12:03.518"/>
</kw>
<kw name="Handle Modal">
<kw name="Click Button" library="RPA.Browser.Selenium">
<arg>OK</arg>
<doc>Clicks the button identified by ``locator``.</doc>
<msg timestamp="20210603 10:12:03.519" level="INFO">Clicking button 'OK'.</msg>
<status status="PASS" starttime="20210603 10:12:03.519" endtime="20210603 10:12:03.589"/>
</kw>
<status status="PASS" starttime="20210603 10:12:03.518" endtime="20210603 10:12:03.589"/>
</kw>
<status status="PASS" starttime="20210603 10:12:03.261" endtime="20210603 10:12:03.590"/>
</kw>
<status status="PASS" starttime="20210603 10:12:01.290" endtime="20210603 10:12:03.590"/>
</iter>
<iter>
<var name="${fila}">{'Order number': '6', 'Head': '1', 'Body': '6', 'Legs': '6', 'Address': 'Address 3'}</var>
<kw name="Wait Until Keyword Succeeds" library="BuiltIn">
<arg>${GLOBAL_RETRY_AMOUNT}</arg>
<arg>${GLOBAL_RETRY_INTERVAL}</arg>
<arg>Fill Form</arg>
<arg>${fila}</arg>
<doc>Runs the specified keyword and retries if it fails.</doc>
<kw name="Fill Form">
<arg>${fila}</arg>
<kw name="Wait Until Element Contains" library="RPA.Browser.Selenium">
<arg>class=form-group</arg>
<arg>1.</arg>
<doc>Waits until the element ``locator`` contains ``text``.</doc>
<status status="PASS" starttime="20210603 10:12:03.594" endtime="20210603 10:12:03.629"/>
</kw>
<kw name="Convert To Integer" library="BuiltIn">
<var>${numhead}</var>
<arg>${fila}[Head]</arg>
<doc>Converts the given item to an integer number.</doc>
<msg timestamp="20210603 10:12:03.631" level="INFO">${numhead} = 1</msg>
<status status="PASS" starttime="20210603 10:12:03.630" endtime="20210603 10:12:03.631"/>
</kw>
<kw name="Click Element" library="RPA.Browser.Selenium">
<arg>xpath=${path}/option[${numhead + 1}]</arg>
<doc>Click the element identified by ``locator``.</doc>
<msg timestamp="20210603 10:12:03.634" level="INFO">Clicking element 'xpath=/html[1]/body[1]/div[1]/div[1]/div[1]/div[1]/div[1]/form[1]/div[1]/select[1]/option[2]'.</msg>
<status status="PASS" starttime="20210603 10:12:03.632" endtime="20210603 10:12:03.673"/>
</kw>
<kw name="Click Element" library="RPA.Browser.Selenium">
<arg>id=id-body-${fila}[Body]</arg>
<doc>Click the element identified by ``locator``.</doc>
<msg timestamp="20210603 10:12:03.674" level="INFO">Clicking element 'id=id-body-6'.</msg>
<status status="PASS" starttime="20210603 10:12:03.673" endtime="20210603 10:12:03.740"/>
</kw>
<kw name="Input Text" library="RPA.Browser.Selenium">
<arg>class=form-control</arg>
<arg>${fila}[Legs]</arg>
<doc>Types the given ``text`` into the text field identified by ``locator``.</doc>
<msg timestamp="20210603 10:12:03.741" level="INFO">Typing text '6' into text field 'class=form-control'.</msg>
<status status="PASS" starttime="20210603 10:12:03.740" endtime="20210603 10:12:03.841"/>
</kw>
<kw name="Input Text" library="RPA.Browser.Selenium">
<arg>id=address</arg>
<arg>${fila}[Address]</arg>
<doc>Types the given ``text`` into the text field identified by ``locator``.</doc>
<msg timestamp="20210603 10:12:03.843" level="INFO">Typing text 'Address 3' into text field 'id=address'.</msg>
<status status="PASS" starttime="20210603 10:12:03.842" endtime="20210603 10:12:03.956"/>
</kw>
<kw name="Click Button" library="RPA.Browser.Selenium">
<arg>Preview</arg>
<doc>Clicks the button identified by ``locator``.</doc>
<msg timestamp="20210603 10:12:03.958" level="INFO">Clicking button 'Preview'.</msg>
<status status="PASS" starttime="20210603 10:12:03.957" endtime="20210603 10:12:04.033"/>
</kw>
<status status="PASS" starttime="20210603 10:12:03.592" endtime="20210603 10:12:04.034"/>
</kw>
<status status="PASS" starttime="20210603 10:12:03.591" endtime="20210603 10:12:04.034"/>
</kw>
<kw name="Wait Until Keyword Succeeds" library="BuiltIn">
<arg>${GLOBAL_RETRY_AMOUNT}</arg>
<arg>${GLOBAL_RETRY_INTERVAL}</arg>
<arg>PDF</arg>
<arg>${fila}</arg>
<doc>Runs the specified keyword and retries if it fails.</doc>
<kw name="PDF">
<arg>${fila}</arg>
<kw name="Log" library="BuiltIn">
<arg>${fila}</arg>
<doc>Logs the given message with the given level.</doc>
<msg timestamp="20210603 10:12:04.038" level="INFO">{'Order number': '6', 'Head': '1', 'Body': '6', 'Legs': '6', 'Address': 'Address 3'}</msg>
<status status="PASS" starttime="20210603 10:12:04.037" endtime="20210603 10:12:04.038"/>
</kw>
<kw name="Wait Until Element Is Visible" library="RPA.Browser.Selenium">
<arg>id=order</arg>
<doc>Waits until the element ``locator`` is visible.</doc>
<status status="PASS" starttime="20210603 10:12:04.038" endtime="20210603 10:12:04.070"/>
</kw>
<kw name="Sleep" library="BuiltIn">
<arg>1s</arg>
<doc>Pauses the test executed for the given time.</doc>
<msg timestamp="20210603 10:12:05.078" level="INFO">Slept 1 second</msg>
<status status="PASS" starttime="20210603 10:12:04.071" endtime="20210603 10:12:05.078"/>
</kw>
<kw name="Click Element" library="RPA.Browser.Selenium">
<arg>id=order</arg>
<doc>Click the element identified by ``locator``.</doc>
<msg timestamp="20210603 10:12:05.079" level="INFO">Clicking element 'id=order'.</msg>
<status status="PASS" starttime="20210603 10:12:05.079" endtime="20210603 10:12:05.129"/>
</kw>
<kw name="Wait Until Element Is Visible" library="RPA.Browser.Selenium">
<arg>id=receipt</arg>
<doc>Waits until the element ``locator`` is visible.</doc>
<kw name="Capture Page Screenshot" library="RPA.Browser.Selenium">
<doc>Takes a screenshot of the current page and embeds it into a log file.</doc>
<msg timestamp="20210603 10:12:10.482" level="INFO" html="true">&lt;/td&gt;&lt;/tr&gt;&lt;tr&gt;&lt;td colspan="3"&gt;&lt;a href="screenshots/selenium-screenshot-3.png"&gt;&lt;img src="screenshots/selenium-screenshot-3.png" width="800px"&gt;&lt;/a&gt;</msg>
<status status="PASS" starttime="20210603 10:12:10.260" endtime="20210603 10:12:10.482"/>
</kw>
<msg timestamp="20210603 10:12:10.483" level="FAIL">Element 'id=receipt' not visible after 5 seconds.</msg>
<status status="FAIL" starttime="20210603 10:12:05.130" endtime="20210603 10:12:10.483"/>
</kw>
<kw name="Get Element Attribute" library="RPA.Browser.Selenium">
<var>${receipt_html}</var>
<arg>id=receipt</arg>
<arg>outerHTML</arg>
<doc>Returns the value of ``attribute`` from the element ``locator``.</doc>
<status status="NOT RUN" starttime="20210603 10:12:10.484" endtime="20210603 10:12:10.484"/>
</kw>
<kw name="Html To Pdf" library="RPA.PDF">
<arg>${receipt_html}</arg>
<arg>${recibopdf}${fila}[Order number].pdf</arg>
<doc>Generate a PDF file from HTML content.</doc>
<status status="NOT RUN" starttime="20210603 10:12:10.485" endtime="20210603 10:12:10.485"/>
</kw>
<kw name="Wait Until Element Is Visible" library="RPA.Browser.Selenium">
<arg>id=robot-preview-image</arg>
<doc>Waits until the element ``locator`` is visible.</doc>
<status status="NOT RUN" starttime="20210603 10:12:10.485" endtime="20210603 10:12:10.485"/>
</kw>
<kw name="Capture Element Screenshot" library="RPA.Browser.Selenium">
<var>${screenshot}</var>
<arg>id=robot-preview-image</arg>
<arg>${reciboimg}${fila}[Order number].png</arg>
<doc>Captures a screenshot from the element identified by ``locator`` and embeds it into log file.</doc>
<status status="NOT RUN" starttime="20210603 10:12:10.486" endtime="20210603 10:12:10.486"/>
</kw>
<kw name="Open Pdf" library="RPA.PDF">
<arg>${recibopdf}${fila}[Order number].pdf</arg>
<doc>Open a PDF document for reading.</doc>
<status status="NOT RUN" starttime="20210603 10:12:10.487" endtime="20210603 10:12:10.487"/>
</kw>
<kw name="Add Watermark Image To Pdf" library="RPA.PDF">
<arg>${screenshot}</arg>
<arg>${recibopdf}${fila}[Order number].pdf</arg>
<doc>Add image to PDF which can be new or existing PDF.</doc>
<status status="NOT RUN" starttime="20210603 10:12:10.487" endtime="20210603 10:12:10.488"/>
</kw>
<kw name="Close All Pdfs" library="RPA.PDF">
<doc>Close all opened PDF file descriptors.</doc>
<status status="NOT RUN" starttime="20210603 10:12:10.488" endtime="20210603 10:12:10.488"/>
</kw>
<status status="FAIL" starttime="20210603 10:12:04.036" endtime="20210603 10:12:10.489"/>
</kw>
<kw name="PDF">
<arg>${fila}</arg>
<kw name="Log" library="BuiltIn">
<arg>${fila}</arg>
<doc>Logs the given message with the given level.</doc>
<msg timestamp="20210603 10:12:14.509" level="INFO">{'Order number': '6', 'Head': '1', 'Body': '6', 'Legs': '6', 'Address': 'Address 3'}</msg>
<status status="PASS" starttime="20210603 10:12:14.508" endtime="20210603 10:12:14.509"/>
</kw>
<kw name="Wait Until Element Is Visible" library="RPA.Browser.Selenium">
<arg>id=order</arg>
<doc>Waits until the element ``locator`` is visible.</doc>
<status status="PASS" starttime="20210603 10:12:14.509" endtime="20210603 10:12:14.535"/>
</kw>
<kw name="Sleep" library="BuiltIn">
<arg>1s</arg>
<doc>Pauses the test executed for the given time.</doc>
<msg timestamp="20210603 10:12:15.542" level="INFO">Slept 1 second</msg>
<status status="PASS" starttime="20210603 10:12:14.535" endtime="20210603 10:12:15.542"/>
</kw>
<kw name="Click Element" library="RPA.Browser.Selenium">
<arg>id=order</arg>
<doc>Click the element identified by ``locator``.</doc>
<msg timestamp="20210603 10:12:15.543" level="INFO">Clicking element 'id=order'.</msg>
<status status="PASS" starttime="20210603 10:12:15.543" endtime="20210603 10:12:15.577"/>
</kw>
<kw name="Wait Until Element Is Visible" library="RPA.Browser.Selenium">
<arg>id=receipt</arg>
<doc>Waits until the element ``locator`` is visible.</doc>
<kw name="Capture Page Screenshot" library="RPA.Browser.Selenium">
<doc>Takes a screenshot of the current page and embeds it into a log file.</doc>
<msg timestamp="20210603 10:12:21.010" level="INFO" html="true">&lt;/td&gt;&lt;/tr&gt;&lt;tr&gt;&lt;td colspan="3"&gt;&lt;a href="screenshots/selenium-screenshot-4.png"&gt;&lt;img src="screenshots/selenium-screenshot-4.png" width="800px"&gt;&lt;/a&gt;</msg>
<status status="PASS" starttime="20210603 10:12:20.759" endtime="20210603 10:12:21.010"/>
</kw>
<msg timestamp="20210603 10:12:21.012" level="FAIL">Element 'id=receipt' not visible after 5 seconds.</msg>
<status status="FAIL" starttime="20210603 10:12:15.578" endtime="20210603 10:12:21.012"/>
</kw>
<kw name="Get Element Attribute" library="RPA.Browser.Selenium">
<var>${receipt_html}</var>
<arg>id=receipt</arg>
<arg>outerHTML</arg>
<doc>Returns the value of ``attribute`` from the element ``locator``.</doc>
<status status="NOT RUN" starttime="20210603 10:12:21.012" endtime="20210603 10:12:21.013"/>
</kw>
<kw name="Html To Pdf" library="RPA.PDF">
<arg>${receipt_html}</arg>
<arg>${recibopdf}${fila}[Order number].pdf</arg>
<doc>Generate a PDF file from HTML content.</doc>
<status status="NOT RUN" starttime="20210603 10:12:21.013" endtime="20210603 10:12:21.013"/>
</kw>
<kw name="Wait Until Element Is Visible" library="RPA.Browser.Selenium">
<arg>id=robot-preview-image</arg>
<doc>Waits until the element ``locator`` is visible.</doc>
<status status="NOT RUN" starttime="20210603 10:12:21.014" endtime="20210603 10:12:21.014"/>
</kw>
<kw name="Capture Element Screenshot" library="RPA.Browser.Selenium">
<var>${screenshot}</var>
<arg>id=robot-preview-image</arg>
<arg>${reciboimg}${fila}[Order number].png</arg>
<doc>Captures a screenshot from the element identified by ``locator`` and embeds it into log file.</doc>
<status status="NOT RUN" starttime="20210603 10:12:21.015" endtime="20210603 10:12:21.015"/>
</kw>
<kw name="Open Pdf" library="RPA.PDF">
<arg>${recibopdf}${fila}[Order number].pdf</arg>
<doc>Open a PDF document for reading.</doc>
<status status="NOT RUN" starttime="20210603 10:12:21.016" endtime="20210603 10:12:21.016"/>
</kw>
<kw name="Add Watermark Image To Pdf" library="RPA.PDF">
<arg>${screenshot}</arg>
<arg>${recibopdf}${fila}[Order number].pdf</arg>
<doc>Add image to PDF which can be new or existing PDF.</doc>
<status status="NOT RUN" starttime="20210603 10:12:21.017" endtime="20210603 10:12:21.017"/>
</kw>
<kw name="Close All Pdfs" library="RPA.PDF">
<doc>Close all opened PDF file descriptors.</doc>
<status status="NOT RUN" starttime="20210603 10:12:21.018" endtime="20210603 10:12:21.018"/>
</kw>
<status status="FAIL" starttime="20210603 10:12:14.505" endtime="20210603 10:12:21.018"/>
</kw>
<kw name="PDF">
<arg>${fila}</arg>
<kw name="Log" library="BuiltIn">
<arg>${fila}</arg>
<doc>Logs the given message with the given level.</doc>
<msg timestamp="20210603 10:12:25.031" level="INFO">{'Order number': '6', 'Head': '1', 'Body': '6', 'Legs': '6', 'Address': 'Address 3'}</msg>
<status status="PASS" starttime="20210603 10:12:25.030" endtime="20210603 10:12:25.031"/>
</kw>
<kw name="Wait Until Element Is Visible" library="RPA.Browser.Selenium">
<arg>id=order</arg>
<doc>Waits until the element ``locator`` is visible.</doc>
<status status="PASS" starttime="20210603 10:12:25.031" endtime="20210603 10:12:25.053"/>
</kw>
<kw name="Sleep" library="BuiltIn">
<arg>1s</arg>
<doc>Pauses the test executed for the given time.</doc>
<msg timestamp="20210603 10:12:26.062" level="INFO">Slept 1 second</msg>
<status status="PASS" starttime="20210603 10:12:25.054" endtime="20210603 10:12:26.062"/>
</kw>
<kw name="Click Element" library="RPA.Browser.Selenium">
<arg>id=order</arg>
<doc>Click the element identified by ``locator``.</doc>
<msg timestamp="20210603 10:12:26.063" level="INFO">Clicking element 'id=order'.</msg>
<status status="PASS" starttime="20210603 10:12:26.062" endtime="20210603 10:12:26.111"/>
</kw>
<kw name="Wait Until Element Is Visible" library="RPA.Browser.Selenium">
<arg>id=receipt</arg>
<doc>Waits until the element ``locator`` is visible.</doc>
<status status="PASS" starttime="20210603 10:12:26.111" endtime="20210603 10:12:26.143"/>
</kw>
<kw name="Get Element Attribute" library="RPA.Browser.Selenium">
<var>${receipt_html}</var>
<arg>id=receipt</arg>
<arg>outerHTML</arg>
<doc>Returns the value of ``attribute`` from the element ``locator``.</doc>
<msg timestamp="20210603 10:12:26.166" level="INFO">${receipt_html} = &lt;div id="receipt" class="alert alert-success" role="alert"&gt;&lt;h3&gt;Receipt&lt;/h3&gt;&lt;div&gt;2021-06-03T08:12:26.098Z&lt;/div&gt;&lt;p class="badge badge-success"&gt;RSB-ROBO-ORDER-QXJB77ZXNC&lt;/p&gt;&lt;p&gt;Address 3&lt;/p&gt;&lt;div id="parts...</msg>
<status status="PASS" starttime="20210603 10:12:26.144" endtime="20210603 10:12:26.166"/>
</kw>
<kw name="Html To Pdf" library="RPA.PDF">
<arg>${receipt_html}</arg>
<arg>${recibopdf}${fila}[Order number].pdf</arg>
<doc>Generate a PDF file from HTML content.</doc>
<msg timestamp="20210603 10:12:26.167" level="INFO">Writing output to file C:\ProgramData\Temp\rcd1f381\AppData\Local\Temp\69_7770_575662499_1\workarea60b88ea1\output\pdf\receipt6.pdf</msg>
<status status="PASS" starttime="20210603 10:12:26.166" endtime="20210603 10:12:26.173"/>
</kw>
<kw name="Wait Until Element Is Visible" library="RPA.Browser.Selenium">
<arg>id=robot-preview-image</arg>
<doc>Waits until the element ``locator`` is visible.</doc>
<status status="PASS" starttime="20210603 10:12:26.173" endtime="20210603 10:12:26.205"/>
</kw>
<kw name="Capture Element Screenshot" library="RPA.Browser.Selenium">
<var>${screenshot}</var>
<arg>id=robot-preview-image</arg>
<arg>${reciboimg}${fila}[Order number].png</arg>
<doc>Captures a screenshot from the element identified by ``locator`` and embeds it into log file.</doc>
<msg timestamp="20210603 10:12:26.350" level="INFO" html="true">&lt;/td&gt;&lt;/tr&gt;&lt;tr&gt;&lt;td colspan="3"&gt;&lt;a href="img/receipt6.png"&gt;&lt;img src="img/receipt6.png" width="400px"&gt;&lt;/a&gt;</msg>
<msg timestamp="20210603 10:12:26.350" level="INFO">${screenshot} = C:\ProgramData\Temp\rcd1f381\AppData\Local\Temp\69_7770_575662499_1\workarea60b88ea1\output\img\receipt6.png</msg>
<status status="PASS" starttime="20210603 10:12:26.205" endtime="20210603 10:12:26.350"/>
</kw>
<kw name="Open Pdf" library="RPA.PDF">
<arg>${recibopdf}${fila}[Order number].pdf</arg>
<doc>Open a PDF document for reading.</doc>
<status status="PASS" starttime="20210603 10:12:26.351" endtime="20210603 10:12:26.369"/>
</kw>
<kw name="Add Watermark Image To Pdf" library="RPA.PDF">
<arg>${screenshot}</arg>
<arg>${recibopdf}${fila}[Order number].pdf</arg>
<doc>Add image to PDF which can be new or existing PDF.</doc>
<status status="PASS" starttime="20210603 10:12:26.369" endtime="20210603 10:12:26.466"/>
</kw>
<kw name="Close All Pdfs" library="RPA.PDF">
<doc>Close all opened PDF file descriptors.</doc>
<msg timestamp="20210603 10:12:26.467" level="INFO">Closing PDF document: C:\ProgramData\Temp\rcd1f381\AppData\Local\Temp\69_7770_575662499_1\workarea60b88ea1\output\pdf\receipt6.pdf</msg>
<status status="PASS" starttime="20210603 10:12:26.466" endtime="20210603 10:12:26.467"/>
</kw>
<status status="PASS" starttime="20210603 10:12:25.029" endtime="20210603 10:12:26.467"/>
</kw>
<status status="PASS" starttime="20210603 10:12:04.035" endtime="20210603 10:12:26.468"/>
</kw>
<kw name="Another One">
<kw name="Click Button" library="RPA.Browser.Selenium">
<arg>id=order-another</arg>
<doc>Clicks the button identified by ``locator``.</doc>
<msg timestamp="20210603 10:12:26.469" level="INFO">Clicking button 'id=order-another'.</msg>
<status status="PASS" starttime="20210603 10:12:26.469" endtime="20210603 10:12:26.685"/>
</kw>
<kw name="Wait Until Element Contains" library="RPA.Browser.Selenium">
<arg>class=modal-body</arg>
<arg>${text}</arg>
<doc>Waits until the element ``locator`` contains ``text``.</doc>
<status status="PASS" starttime="20210603 10:12:26.686" endtime="20210603 10:12:26.739"/>
</kw>
<kw name="Handle Modal">
<kw name="Click Button" library="RPA.Browser.Selenium">
<arg>OK</arg>
<doc>Clicks the button identified by ``locator``.</doc>
<msg timestamp="20210603 10:12:26.742" level="INFO">Clicking button 'OK'.</msg>
<status status="PASS" starttime="20210603 10:12:26.741" endtime="20210603 10:12:26.845"/>
</kw>
<status status="PASS" starttime="20210603 10:12:26.740" endtime="20210603 10:12:26.846"/>
</kw>
<status status="PASS" starttime="20210603 10:12:26.468" endtime="20210603 10:12:26.847"/>
</kw>
<status status="PASS" starttime="20210603 10:12:03.591" endtime="20210603 10:12:26.847"/>
</iter>
<iter>
<var name="${fila}">{'Order number': '7', 'Head': '5', 'Body': '1', 'Legs': '5', 'Address': 'Address 4'}</var>
<kw name="Wait Until Keyword Succeeds" library="BuiltIn">
<arg>${GLOBAL_RETRY_AMOUNT}</arg>
<arg>${GLOBAL_RETRY_INTERVAL}</arg>
<arg>Fill Form</arg>
<arg>${fila}</arg>
<doc>Runs the specified keyword and retries if it fails.</doc>
<kw name="Fill Form">
<arg>${fila}</arg>
<kw name="Wait Until Element Contains" library="RPA.Browser.Selenium">
<arg>class=form-group</arg>
<arg>1.</arg>
<doc>Waits until the element ``locator`` contains ``text``.</doc>
<status status="PASS" starttime="20210603 10:12:26.851" endtime="20210603 10:12:26.888"/>
</kw>
<kw name="Convert To Integer" library="BuiltIn">
<var>${numhead}</var>
<arg>${fila}[Head]</arg>
<doc>Converts the given item to an integer number.</doc>
<msg timestamp="20210603 10:12:26.890" level="INFO">${numhead} = 5</msg>
<status status="PASS" starttime="20210603 10:12:26.889" endtime="20210603 10:12:26.890"/>
</kw>
[...]
</kw>
<status status="PASS" starttime="20210603 10:14:00.492" endtime="20210603 10:14:01.088"/>
</kw>
<status status="PASS" starttime="20210603 10:13:37.371" endtime="20210603 10:14:01.089"/>
</iter>
<iter>
<var name="${fila}">{'Order number': '19', 'Head': '4', 'Body': '6', 'Legs': '2', 'Address': 'Address G'}</var>
<kw name="Wait Until Keyword Succeeds" library="BuiltIn">
<arg>${GLOBAL_RETRY_AMOUNT}</arg>
<arg>${GLOBAL_RETRY_INTERVAL}</arg>
<arg>Fill Form</arg>
<arg>${fila}</arg>
<doc>Runs the specified keyword and retries if it fails.</doc>
<kw name="Fill Form">
<arg>${fila}</arg>
<kw name="Wait Until Element Contains" library="RPA.Browser.Selenium">
<arg>class=form-group</arg>
<arg>1.</arg>
<doc>Waits until the element ``locator`` contains ``text``.</doc>
<status status="PASS" starttime="20210603 10:14:01.093" endtime="20210603 10:14:01.138"/>
</kw>
<kw name="Convert To Integer" library="BuiltIn">
<var>${numhead}</var>
<arg>${fila}[Head]</arg>
<doc>Converts the given item to an integer number.</doc>
<msg timestamp="20210603 10:14:01.140" level="INFO">${numhead} = 4</msg>
<status status="PASS" starttime="20210603 10:14:01.139" endtime="20210603 10:14:01.141"/>
</kw>
<kw name="Click Element" library="RPA.Browser.Selenium">
<arg>xpath=${path}/option[${numhead + 1}]</arg>
<doc>Click the element identified by ``locator``.</doc>
<msg timestamp="20210603 10:14:01.144" level="INFO">Clicking element 'xpath=/html[1]/body[1]/div[1]/div[1]/div[1]/div[1]/div[1]/form[1]/div[1]/select[1]/option[5]'.</msg>
<status status="PASS" starttime="20210603 10:14:01.141" endtime="20210603 10:14:01.190"/>
</kw>
<kw name="Click Element" library="RPA.Browser.Selenium">
<arg>id=id-body-${fila}[Body]</arg>
<doc>Click the element identified by ``locator``.</doc>
<msg timestamp="20210603 10:14:01.192" level="INFO">Clicking element 'id=id-body-6'.</msg>
<status status="PASS" starttime="20210603 10:14:01.191" endtime="20210603 10:14:01.272"/>
</kw>
<kw name="Input Text" library="RPA.Browser.Selenium">
<arg>class=form-control</arg>
<arg>${fila}[Legs]</arg>
<doc>Types the given ``text`` into the text field identified by ``locator``.</doc>
<msg timestamp="20210603 10:14:01.274" level="INFO">Typing text '2' into text field 'class=form-control'.</msg>
<status status="PASS" starttime="20210603 10:14:01.273" endtime="20210603 10:14:01.395"/>
</kw>
<kw name="Input Text" library="RPA.Browser.Selenium">
<arg>id=address</arg>
<arg>${fila}[Address]</arg>
<doc>Types the given ``text`` into the text field identified by ``locator``.</doc>
<msg timestamp="20210603 10:14:01.397" level="INFO">Typing text 'Address G' into text field 'id=address'.</msg>
<status status="PASS" starttime="20210603 10:14:01.396" endtime="20210603 10:14:01.547"/>
</kw>
<kw name="Click Button" library="RPA.Browser.Selenium">
<arg>Preview</arg>
<doc>Clicks the button identified by ``locator``.</doc>
<msg timestamp="20210603 10:14:01.548" level="INFO">Clicking button 'Preview'.</msg>
<status status="PASS" starttime="20210603 10:14:01.547" endtime="20210603 10:14:01.647"/>
</kw>
<status status="PASS" starttime="20210603 10:14:01.092" endtime="20210603 10:14:01.647"/>
</kw>
<status status="PASS" starttime="20210603 10:14:01.090" endtime="20210603 10:14:01.647"/>
</kw>
<kw name="Wait Until Keyword Succeeds" library="BuiltIn">
<arg>${GLOBAL_RETRY_AMOUNT}</arg>
<arg>${GLOBAL_RETRY_INTERVAL}</arg>
<arg>PDF</arg>
<arg>${fila}</arg>
<doc>Runs the specified keyword and retries if it fails.</doc>
<kw name="PDF">
<arg>${fila}</arg>
<kw name="Log" library="BuiltIn">
<arg>${fila}</arg>
<doc>Logs the given message with the given level.</doc>
<msg timestamp="20210603 10:14:01.654" level="INFO">{'Order number': '19', 'Head': '4', 'Body': '6', 'Legs': '2', 'Address': 'Address G'}</msg>
<status status="PASS" starttime="20210603 10:14:01.653" endtime="20210603 10:14:01.654"/>
</kw>
<kw name="Wait Until Element Is Visible" library="RPA.Browser.Selenium">
<arg>id=order</arg>
<doc>Waits until the element ``locator`` is visible.</doc>
<status status="PASS" starttime="20210603 10:14:01.655" endtime="20210603 10:14:01.686"/>
</kw>
<kw name="Sleep" library="BuiltIn">
<arg>1s</arg>
<doc>Pauses the test executed for the given time.</doc>
<msg timestamp="20210603 10:14:02.688" level="INFO">Slept 1 second</msg>
<status status="PASS" starttime="20210603 10:14:01.687" endtime="20210603 10:14:02.688"/>
</kw>
<kw name="Click Element" library="RPA.Browser.Selenium">
<arg>id=order</arg>
<doc>Click the element identified by ``locator``.</doc>
<msg timestamp="20210603 10:14:02.689" level="INFO">Clicking element 'id=order'.</msg>
<status status="PASS" starttime="20210603 10:14:02.689" endtime="20210603 10:14:02.747"/>
</kw>
<kw name="Wait Until Element Is Visible" library="RPA.Browser.Selenium">
<arg>id=receipt</arg>
<doc>Waits until the element ``locator`` is visible.</doc>
<status status="PASS" starttime="20210603 10:14:02.747" endtime="20210603 10:14:02.774"/>
</kw>
<kw name="Get Element Attribute" library="RPA.Browser.Selenium">
<var>${receipt_html}</var>
<arg>id=receipt</arg>
<arg>outerHTML</arg>
<doc>Returns the value of ``attribute`` from the element ``locator``.</doc>
<msg timestamp="20210603 10:14:02.792" level="INFO">${receipt_html} = &lt;div id="receipt" class="alert alert-success" role="alert"&gt;&lt;h3&gt;Receipt&lt;/h3&gt;&lt;div&gt;2021-06-03T08:14:02.738Z&lt;/div&gt;&lt;p class="badge badge-success"&gt;RSB-ROBO-ORDER-4EX7L4Q8V&lt;/p&gt;&lt;p&gt;Address G&lt;/p&gt;&lt;div id="parts"...</msg>
<status status="PASS" starttime="20210603 10:14:02.774" endtime="20210603 10:14:02.792"/>
</kw>
<kw name="Html To Pdf" library="RPA.PDF">
<arg>${receipt_html}</arg>
<arg>${recibopdf}${fila}[Order number].pdf</arg>
<doc>Generate a PDF file from HTML content.</doc>
<msg timestamp="20210603 10:14:02.794" level="INFO">Writing output to file C:\ProgramData\Temp\rcd1f381\AppData\Local\Temp\69_7770_575662499_1\workarea60b88ea1\output\pdf\receipt19.pdf</msg>
<status status="PASS" starttime="20210603 10:14:02.793" endtime="20210603 10:14:02.799"/>
</kw>
<kw name="Wait Until Element Is Visible" library="RPA.Browser.Selenium">
<arg>id=robot-preview-image</arg>
<doc>Waits until the element ``locator`` is visible.</doc>
<status status="PASS" starttime="20210603 10:14:02.799" endtime="20210603 10:14:02.838"/>
</kw>
<kw name="Capture Element Screenshot" library="RPA.Browser.Selenium">
<var>${screenshot}</var>
<arg>id=robot-preview-image</arg>
<arg>${reciboimg}${fila}[Order number].png</arg>
<doc>Captures a screenshot from the element identified by ``locator`` and embeds it into log file.</doc>
<msg timestamp="20210603 10:14:02.988" level="INFO" html="true">&lt;/td&gt;&lt;/tr&gt;&lt;tr&gt;&lt;td colspan="3"&gt;&lt;a href="img/receipt19.png"&gt;&lt;img src="img/receipt19.png" width="400px"&gt;&lt;/a&gt;</msg>
<msg timestamp="20210603 10:14:02.988" level="INFO">${screenshot} = C:\ProgramData\Temp\rcd1f381\AppData\Local\Temp\69_7770_575662499_1\workarea60b88ea1\output\img\receipt19.png</msg>
<status status="PASS" starttime="20210603 10:14:02.838" endtime="20210603 10:14:02.989"/>
</kw>
<kw name="Open Pdf" library="RPA.PDF">
<arg>${recibopdf}${fila}[Order number].pdf</arg>
<doc>Open a PDF document for reading.</doc>
<status status="PASS" starttime="20210603 10:14:02.989" endtime="20210603 10:14:03.005"/>
</kw>
<kw name="Add Watermark Image To Pdf" library="RPA.PDF">
<arg>${screenshot}</arg>
<arg>${recibopdf}${fila}[Order number].pdf</arg>
<doc>Add image to PDF which can be new or existing PDF.</doc>
<status status="PASS" starttime="20210603 10:14:03.007" endtime="20210603 10:14:03.091"/>
</kw>
<kw name="Close All Pdfs" library="RPA.PDF">
<doc>Close all opened PDF file descriptors.</doc>
<msg timestamp="20210603 10:14:03.093" level="INFO">Closing PDF document: C:\ProgramData\Temp\rcd1f381\AppData\Local\Temp\69_7770_575662499_1\workarea60b88ea1\output\pdf\receipt19.pdf</msg>
<status status="PASS" starttime="20210603 10:14:03.092" endtime="20210603 10:14:03.093"/>
</kw>
<status status="PASS" starttime="20210603 10:14:01.651" endtime="20210603 10:14:03.094"/>
</kw>
<status status="PASS" starttime="20210603 10:14:01.648" endtime="20210603 10:14:03.094"/>
</kw>
<kw name="Another One">
<kw name="Click Button" library="RPA.Browser.Selenium">
<arg>id=order-another</arg>
<doc>Clicks the button identified by ``locator``.</doc>
<msg timestamp="20210603 10:14:03.097" level="INFO">Clicking button 'id=order-another'.</msg>
<status status="PASS" starttime="20210603 10:14:03.096" endtime="20210603 10:14:03.387"/>
</kw>
<kw name="Wait Until Element Contains" library="RPA.Browser.Selenium">
<arg>class=modal-body</arg>
<arg>${text}</arg>
<doc>Waits until the element ``locator`` contains ``text``.</doc>
<status status="PASS" starttime="20210603 10:14:03.387" endtime="20210603 10:14:03.491"/>
</kw>
<kw name="Handle Modal">
<kw name="Click Button" library="RPA.Browser.Selenium">
<arg>OK</arg>
<doc>Clicks the button identified by ``locator``.</doc>
<msg timestamp="20210603 10:14:03.495" level="INFO">Clicking button 'OK'.</msg>
<status status="PASS" starttime="20210603 10:14:03.494" endtime="20210603 10:14:03.623"/>
</kw>
<status status="PASS" starttime="20210603 10:14:03.492" endtime="20210603 10:14:03.625"/>
</kw>
<status status="PASS" starttime="20210603 10:14:03.095" endtime="20210603 10:14:03.625"/>
</kw>
<status status="PASS" starttime="20210603 10:14:01.089" endtime="20210603 10:14:03.626"/>
</iter>
<iter>
<var name="${fila}">{'Order number': '20', 'Head': '1', 'Body': '1', 'Legs': '5', 'Address': 'Address H'}</var>
<kw name="Wait Until Keyword Succeeds" library="BuiltIn">
<arg>${GLOBAL_RETRY_AMOUNT}</arg>
<arg>${GLOBAL_RETRY_INTERVAL}</arg>
<arg>Fill Form</arg>
<arg>${fila}</arg>
<doc>Runs the specified keyword and retries if it fails.</doc>
<kw name="Fill Form">
<arg>${fila}</arg>
<kw name="Wait Until Element Contains" library="RPA.Browser.Selenium">
<arg>class=form-group</arg>
<arg>1.</arg>
<doc>Waits until the element ``locator`` contains ``text``.</doc>
<status status="PASS" starttime="20210603 10:14:03.629" endtime="20210603 10:14:03.673"/>
</kw>
<kw name="Convert To Integer" library="BuiltIn">
<var>${numhead}</var>
<arg>${fila}[Head]</arg>
<doc>Converts the given item to an integer number.</doc>
<msg timestamp="20210603 10:14:03.675" level="INFO">${numhead} = 1</msg>
<status status="PASS" starttime="20210603 10:14:03.674" endtime="20210603 10:14:03.675"/>
</kw>
<kw name="Click Element" library="RPA.Browser.Selenium">
<arg>xpath=${path}/option[${numhead + 1}]</arg>
<doc>Click the element identified by ``locator``.</doc>
<msg timestamp="20210603 10:14:03.678" level="INFO">Clicking element 'xpath=/html[1]/body[1]/div[1]/div[1]/div[1]/div[1]/div[1]/form[1]/div[1]/select[1]/option[2]'.</msg>
<status status="PASS" starttime="20210603 10:14:03.675" endtime="20210603 10:14:03.730"/>
</kw>
<kw name="Click Element" library="RPA.Browser.Selenium">
<arg>id=id-body-${fila}[Body]</arg>
<doc>Click the element identified by ``locator``.</doc>
<msg timestamp="20210603 10:14:03.734" level="INFO">Clicking element 'id=id-body-1'.</msg>
<status status="PASS" starttime="20210603 10:14:03.732" endtime="20210603 10:14:03.822"/>
</kw>
<kw name="Input Text" library="RPA.Browser.Selenium">
<arg>class=form-control</arg>
<arg>${fila}[Legs]</arg>
<doc>Types the given ``text`` into the text field identified by ``locator``.</doc>
<msg timestamp="20210603 10:14:03.823" level="INFO">Typing text '5' into text field 'class=form-control'.</msg>
<status status="PASS" starttime="20210603 10:14:03.822" endtime="20210603 10:14:03.966"/>
</kw>
<kw name="Input Text" library="RPA.Browser.Selenium">
<arg>id=address</arg>
<arg>${fila}[Address]</arg>
<doc>Types the given ``text`` into the text field identified by ``locator``.</doc>
<msg timestamp="20210603 10:14:03.969" level="INFO">Typing text 'Address H' into text field 'id=address'.</msg>
<status status="PASS" starttime="20210603 10:14:03.968" endtime="20210603 10:14:04.109"/>
</kw>
<kw name="Click Button" library="RPA.Browser.Selenium">
<arg>Preview</arg>
<doc>Clicks the button identified by ``locator``.</doc>
<msg timestamp="20210603 10:14:04.110" level="INFO">Clicking button 'Preview'.</msg>
<status status="PASS" starttime="20210603 10:14:04.110" endtime="20210603 10:14:04.207"/>
</kw>
<status status="PASS" starttime="20210603 10:14:03.628" endtime="20210603 10:14:04.208"/>
</kw>
<status status="PASS" starttime="20210603 10:14:03.627" endtime="20210603 10:14:04.209"/>
</kw>
<kw name="Wait Until Keyword Succeeds" library="BuiltIn">
<arg>${GLOBAL_RETRY_AMOUNT}</arg>
<arg>${GLOBAL_RETRY_INTERVAL}</arg>
<arg>PDF</arg>
<arg>${fila}</arg>
<doc>Runs the specified keyword and retries if it fails.</doc>
<kw name="PDF">
<arg>${fila}</arg>
<kw name="Log" library="BuiltIn">
<arg>${fila}</arg>
<doc>Logs the given message with the given level.</doc>
<msg timestamp="20210603 10:14:04.214" level="INFO">{'Order number': '20', 'Head': '1', 'Body': '1', 'Legs': '5', 'Address': 'Address H'}</msg>
<status status="PASS" starttime="20210603 10:14:04.213" endtime="20210603 10:14:04.215"/>
</kw>
<kw name="Wait Until Element Is Visible" library="RPA.Browser.Selenium">
<arg>id=order</arg>
<doc>Waits until the element ``locator`` is visible.</doc>
<status status="PASS" starttime="20210603 10:14:04.216" endtime="20210603 10:14:04.252"/>
</kw>
<kw name="Sleep" library="BuiltIn">
<arg>1s</arg>
<doc>Pauses the test executed for the given time.</doc>
<msg timestamp="20210603 10:14:05.265" level="INFO">Slept 1 second</msg>
<status status="PASS" starttime="20210603 10:14:04.254" endtime="20210603 10:14:05.265"/>
</kw>
<kw name="Click Element" library="RPA.Browser.Selenium">
<arg>id=order</arg>
<doc>Click the element identified by ``locator``.</doc>
<msg timestamp="20210603 10:14:05.267" level="INFO">Clicking element 'id=order'.</msg>
<status status="PASS" starttime="20210603 10:14:05.266" endtime="20210603 10:14:05.331"/>
</kw>
<kw name="Wait Until Element Is Visible" library="RPA.Browser.Selenium">
<arg>id=receipt</arg>
<doc>Waits until the element ``locator`` is visible.</doc>
<status status="PASS" starttime="20210603 10:14:05.332" endtime="20210603 10:14:05.360"/>
</kw>
<kw name="Get Element Attribute" library="RPA.Browser.Selenium">
<var>${receipt_html}</var>
<arg>id=receipt</arg>
<arg>outerHTML</arg>
<doc>Returns the value of ``attribute`` from the element ``locator``.</doc>
<msg timestamp="20210603 10:14:05.378" level="INFO">${receipt_html} = &lt;div id="receipt" class="alert alert-success" role="alert"&gt;&lt;h3&gt;Receipt&lt;/h3&gt;&lt;div&gt;2021-06-03T08:14:05.321Z&lt;/div&gt;&lt;p class="badge badge-success"&gt;RSB-ROBO-ORDER-E4C4YQ7VVQ&lt;/p&gt;&lt;p&gt;Address H&lt;/p&gt;&lt;div id="parts...</msg>
<status status="PASS" starttime="20210603 10:14:05.361" endtime="20210603 10:14:05.378"/>
</kw>
<kw name="Html To Pdf" library="RPA.PDF">
<arg>${receipt_html}</arg>
<arg>${recibopdf}${fila}[Order number].pdf</arg>
<doc>Generate a PDF file from HTML content.</doc>
<msg timestamp="20210603 10:14:05.380" level="INFO">Writing output to file C:\ProgramData\Temp\rcd1f381\AppData\Local\Temp\69_7770_575662499_1\workarea60b88ea1\output\pdf\receipt20.pdf</msg>
<status status="PASS" starttime="20210603 10:14:05.379" endtime="20210603 10:14:05.387"/>
</kw>
<kw name="Wait Until Element Is Visible" library="RPA.Browser.Selenium">
<arg>id=robot-preview-image</arg>
<doc>Waits until the element ``locator`` is visible.</doc>
<status status="PASS" starttime="20210603 10:14:05.388" endtime="20210603 10:14:05.412"/>
</kw>
<kw name="Capture Element Screenshot" library="RPA.Browser.Selenium">
<var>${screenshot}</var>
<arg>id=robot-preview-image</arg>
<arg>${reciboimg}${fila}[Order number].png</arg>
<doc>Captures a screenshot from the element identified by ``locator`` and embeds it into log file.</doc>
<msg timestamp="20210603 10:14:05.551" level="INFO" html="true">&lt;/td&gt;&lt;/tr&gt;&lt;tr&gt;&lt;td colspan="3"&gt;&lt;a href="img/receipt20.png"&gt;&lt;img src="img/receipt20.png" width="400px"&gt;&lt;/a&gt;</msg>
<msg timestamp="20210603 10:14:05.552" level="INFO">${screenshot} = C:\ProgramData\Temp\rcd1f381\AppData\Local\Temp\69_7770_575662499_1\workarea60b88ea1\output\img\receipt20.png</msg>
<status status="PASS" starttime="20210603 10:14:05.413" endtime="20210603 10:14:05.552"/>
</kw>
<kw name="Open Pdf" library="RPA.PDF">
<arg>${recibopdf}${fila}[Order number].pdf</arg>
<doc>Open a PDF document for reading.</doc>
<status status="PASS" starttime="20210603 10:14:05.553" endtime="20210603 10:14:05.566"/>
</kw>
<kw name="Add Watermark Image To Pdf" library="RPA.PDF">
<arg>${screenshot}</arg>
<arg>${recibopdf}${fila}[Order number].pdf</arg>
<doc>Add image to PDF which can be new or existing PDF.</doc>
<status status="PASS" starttime="20210603 10:14:05.567" endtime="20210603 10:14:05.627"/>
</kw>
<kw name="Close All Pdfs" library="RPA.PDF">
<doc>Close all opened PDF file descriptors.</doc>
<msg timestamp="20210603 10:14:05.628" level="INFO">Closing PDF document: C:\ProgramData\Temp\rcd1f381\AppData\Local\Temp\69_7770_575662499_1\workarea60b88ea1\output\pdf\receipt20.pdf</msg>
<status status="PASS" starttime="20210603 10:14:05.627" endtime="20210603 10:14:05.628"/>
</kw>
<status status="PASS" starttime="20210603 10:14:04.211" endtime="20210603 10:14:05.629"/>
</kw>
<status status="PASS" starttime="20210603 10:14:04.210" endtime="20210603 10:14:05.629"/>
</kw>
<kw name="Another One">
<kw name="Click Button" library="RPA.Browser.Selenium">
<arg>id=order-another</arg>
<doc>Clicks the button identified by ``locator``.</doc>
<msg timestamp="20210603 10:14:05.631" level="INFO">Clicking button 'id=order-another'.</msg>
<status status="PASS" starttime="20210603 10:14:05.630" endtime="20210603 10:14:05.835"/>
</kw>
<kw name="Wait Until Element Contains" library="RPA.Browser.Selenium">
<arg>class=modal-body</arg>
<arg>${text}</arg>
<doc>Waits until the element ``locator`` contains ``text``.</doc>
<status status="PASS" starttime="20210603 10:14:05.836" endtime="20210603 10:14:05.887"/>
</kw>
<kw name="Handle Modal">
<kw name="Click Button" library="RPA.Browser.Selenium">
<arg>OK</arg>
<doc>Clicks the button identified by ``locator``.</doc>
<msg timestamp="20210603 10:14:05.889" level="INFO">Clicking button 'OK'.</msg>
<status status="PASS" starttime="20210603 10:14:05.889" endtime="20210603 10:14:05.972"/>
</kw>
<status status="PASS" starttime="20210603 10:14:05.887" endtime="20210603 10:14:05.973"/>
</kw>
<status status="PASS" starttime="20210603 10:14:05.629" endtime="20210603 10:14:05.973"/>
</kw>
<status status="PASS" starttime="20210603 10:14:03.626" endtime="20210603 10:14:05.973"/>
</iter>
<status status="PASS" starttime="20210603 10:11:29.606" endtime="20210603 10:14:05.973"/>
</for>
<status status="PASS" starttime="20210603 10:11:29.597" endtime="20210603 10:14:05.974"/>
</kw>
<kw name="Zip">
<kw name="Archive Folder With Zip" library="RPA.Archive">
<arg>${OUTPUT_DIR}/pdf</arg>
<arg>pdf.zip</arg>
<doc>Create a zip archive of a folder</doc>
<status status="PASS" starttime="20210603 10:14:05.975" endtime="20210603 10:14:06.287"/>
</kw>
<status status="PASS" starttime="20210603 10:14:05.974" endtime="20210603 10:14:06.288"/>
</kw>
<kw name="Close All Browsers" library="RPA.Browser.Selenium" type="TEARDOWN">
<doc>Closes all open browsers and resets the browser cache.</doc>
<status status="PASS" starttime="20210603 10:14:06.289" endtime="20210603 10:14:09.630"/>
</kw>
<status status="PASS" starttime="20210603 10:11:21.878" endtime="20210603 10:14:09.630"/>
</test>
<doc>Program to build robots
and capture the info</doc>
<status status="PASS" starttime="20210603 10:11:20.394" endtime="20210603 10:14:09.632"/>
</suite>
<statistics>
<total>
<stat pass="1" fail="0" skip="0">All Tasks</stat>
</total>
<tag>
</tag>
<suite>
<stat pass="1" fail="0" skip="0" id="s1" name="Tasks">Tasks</stat>
</suite>
</statistics>
<errors>
</errors>
</robot>
