<?xml version="1.0" encoding="UTF-8"?>
<robot generator="Robot 4.0 (Python 3.7.5 on win32)" generated="20210526 09:00:13.484" rpa="true" schemaversion="2">
<suite id="s1" name="Tasks" source="C:\ProgramData\Temp\rcd1f381\AppData\Local\Temp\39_3964_921430900_1\workarea60adf1f9\tasks.robot">
<test id="s1-t1" name="Build-a-robot">
<kw name="Open browser">
<kw name="Open Available Browser" library="RPA.Browser.Selenium">
<arg>${url}</arg>
<doc>Attempts to open a browser on the user's device from a set of
supported browsers. Automatically downloads a corresponding webdriver
if none is already installed.</doc>
<msg timestamp="20210526 09:00:14.912" level="INFO">Creating an instance of the Chrome WebDriver.</msg>
<msg timestamp="20210526 09:00:16.504" level="INFO">Created Chrome browser with arguments: --disable-dev-shm-usage --disable-web-security --allow-running-insecure-content --no-sandbox</msg>
<msg timestamp="20210526 09:00:16.504" level="INFO" html="true">&lt;p&gt;Attempted combinations:&lt;/p&gt;&lt;div class="doc"&gt;&lt;table&gt;&lt;tr&gt;&lt;th&gt;Browser&lt;/th&gt;&lt;th&gt;Download&lt;/th&gt;&lt;th&gt;Error&lt;/th&gt;&lt;/tr&gt;&lt;tr&gt;&lt;td&gt;Chrome&lt;/td&gt;&lt;td&gt;False&lt;/td&gt;&lt;td&gt;&lt;/td&gt;&lt;/tr&gt;&lt;/table&gt;&lt;/div&gt;</msg>
<msg timestamp="20210526 09:00:16.505" level="INFO">Opening url 'https://robotsparebinindustries.com/#/robot-order'</msg>
<status status="PASS" starttime="20210526 09:00:14.909" endtime="20210526 09:00:17.886"/>
</kw>
<kw name="Maximize Browser Window" library="RPA.Browser.Selenium">
<doc>Maximizes current browser window.</doc>
<status status="PASS" starttime="20210526 09:00:17.887" endtime="20210526 09:00:18.042"/>
</kw>
<status status="PASS" starttime="20210526 09:00:14.908" endtime="20210526 09:00:18.042"/>
</kw>
<kw name="Create Directories">
<kw name="Create Directory" library="RPA.FileSystem">
<arg>${OUTPUT_DIR}/pdf</arg>
<doc>Creates a directory and (optionally) non-existing parent directories.</doc>
<status status="PASS" starttime="20210526 09:00:18.044" endtime="20210526 09:00:18.046"/>
</kw>
<kw name="Create Directory" library="RPA.FileSystem">
<arg>${OUTPUT_DIR}/img</arg>
<doc>Creates a directory and (optionally) non-existing parent directories.</doc>
<status status="PASS" starttime="20210526 09:00:18.047" endtime="20210526 09:00:18.049"/>
</kw>
<status status="PASS" starttime="20210526 09:00:18.042" endtime="20210526 09:00:18.049"/>
</kw>
<kw name="Download File">
<kw name="Download" library="RPA.HTTP">
<arg>${excelurl}</arg>
<arg>overwrite=True</arg>
<arg>target_file=C:\\ProgramData\\Temp\\rcd1f381\\AppData\\Local\\Temp\\39_3964_921430900_1\\workarea60adf1f9</arg>
<doc>An alias for the ``HTTP Get`` keyword.</doc>
<msg timestamp="20210526 09:00:18.052" level="INFO">Creating a new HTTP session</msg>
<msg timestamp="20210526 09:00:18.052" level="INFO">Creating Session using : alias=rpasession_alias.httpsrobotsparebinindustries.com, url=https://robotsparebinindustries.com, headers={},                     cookies={}, auth=None, timeout=None, proxies=None, verify=True,                     debug=0 </msg>
<msg timestamp="20210526 09:00:18.340" level="INFO">GET Request : url=https://robotsparebinindustries.com/orders.csv 
 path_url=/orders.csv 
 headers={'User-Agent': 'python-requests/2.25.1', 'Accept-Encoding': 'gzip, deflate', 'Accept': '*/*', 'Connection': 'keep-alive'} 
 body=None 
 </msg>
<msg timestamp="20210526 09:00:18.341" level="INFO">GET Response : url=https://robotsparebinindustries.com/orders.csv 
 status=200, reason=OK 
 body=Order number,Head,Body,Legs,Address
1,1,2,3,Address 123
2,4,1,5,Address 456
3,6,2,3,Address 789
4,2,3,2,Address 1
5,3,5,1,Address 2
6,1,6,6,Address 3
7,5,1,5,Address 4
8,2,3,3,Address 5
9,3,2,2,Address 6
10,4,4,2,Address 7
11,6,6,1,Address 8
12,1,3,3,Address 9
13,1,5,4,Address A
14,3,1,5,Address B
15,3,2,6,Address C
16,6,3,6,Address D
17,5,4,1,Address E
18,2,5,1,Address F
19,4,6,2,Address G
20,1,1,5,Address H 
 </msg>
<status status="PASS" starttime="20210526 09:00:18.050" endtime="20210526 09:00:18.346"/>
</kw>
<status status="PASS" starttime="20210526 09:00:18.049" endtime="20210526 09:00:18.347"/>
</kw>
<kw name="Handle Modal">
<kw name="Click Button" library="RPA.Browser.Selenium">
<arg>OK</arg>
<doc>Clicks the button identified by ``locator``.</doc>
<msg timestamp="20210526 09:00:18.349" level="INFO">Clicking button 'OK'.</msg>
<status status="PASS" starttime="20210526 09:00:18.349" endtime="20210526 09:00:18.613"/>
</kw>
<status status="PASS" starttime="20210526 09:00:18.347" endtime="20210526 09:00:18.613"/>
</kw>
<kw name="Saving Screenshots">
<kw name="Create Directory" library="RPA.FileSystem">
<arg>C:\\ProgramData\\Temp\\rcd1f381\\AppData\\Local\\Temp\\39_3964_921430900_1\\workarea60adf1f9/output/screenshots</arg>
<doc>Creates a directory and (optionally) non-existing parent directories.</doc>
<status status="PASS" starttime="20210526 09:00:18.617" endtime="20210526 09:00:18.622"/>
</kw>
<kw name="Set Screenshot Directory" library="RPA.Browser.Selenium">
<arg>C:\\ProgramData\\Temp\\rcd1f381\\AppData\\Local\\Temp\\39_3964_921430900_1\\workarea60adf1f9/output/screenshots</arg>
<doc>Sets the directory for captured screenshots.</doc>
<status status="PASS" starttime="20210526 09:00:18.623" endtime="20210526 09:00:18.624"/>
</kw>
<status status="PASS" starttime="20210526 09:00:18.613" endtime="20210526 09:00:18.624"/>
</kw>
<kw name="Read File">
<kw name="Read Table From Csv" library="RPA.Tables">
<var>${tabla}</var>
<arg>orders.csv</arg>
<arg>C:\\ProgramData\\Temp\\rcd1f381\\AppData\\Local\\Temp\\39_3964_921430900_1\\workarea60adf1f9</arg>
<arg>delimiters=,</arg>
<doc>Read a CSV file as a table.</doc>
<msg timestamp="20210526 09:00:18.639" level="INFO">${tabla} = Table(columns=['Order number', 'Head', 'Body', 'Legs', 'Address'], rows=20)</msg>
<status status="PASS" starttime="20210526 09:00:18.624" endtime="20210526 09:00:18.639"/>
</kw>
<for flavor="IN">
<var>${fila}</var>
<value>@{tabla}</value>
<iter>
<var name="${fila}">{'Order number': '1', 'Head': '1', 'Body': '2', 'Legs': '3', 'Address': 'Address 123'}</var>
<kw name="Wait Until Keyword Succeeds" library="BuiltIn">
<arg>${GLOBAL_RETRY_AMOUNT}</arg>
<arg>${GLOBAL_RETRY_INTERVAL}</arg>
<arg>Fill Form</arg>
<arg>${fila}</arg>
<doc>Runs the specified keyword and retries if it fails.</doc>
<kw name="Fill Form">
<arg>${fila}</arg>
<kw name="Wait Until Element Contains" library="RPA.Browser.Selenium">
<arg>class=form-group</arg>
<arg>1.</arg>
<doc>Waits until the element ``locator`` contains ``text``.</doc>
<status status="PASS" starttime="20210526 09:00:18.644" endtime="20210526 09:00:18.704"/>
</kw>
<kw name="Convert To Integer" library="BuiltIn">
<var>${numhead}</var>
<arg>${fila}[Head]</arg>
<doc>Converts the given item to an integer number.</doc>
<msg timestamp="20210526 09:00:18.706" level="INFO">${numhead} = 1</msg>
<status status="PASS" starttime="20210526 09:00:18.705" endtime="20210526 09:00:18.706"/>
</kw>
<kw name="Click Element" library="RPA.Browser.Selenium">
<arg>xpath=${path}/option[${numhead + 1}]</arg>
<doc>Click the element identified by ``locator``.</doc>
<msg timestamp="20210526 09:00:18.712" level="INFO">Clicking element 'xpath=/html[1]/body[1]/div[1]/div[1]/div[1]/div[1]/div[1]/form[1]/div[1]/select[1]/option[2]'.</msg>
<status status="PASS" starttime="20210526 09:00:18.706" endtime="20210526 09:00:18.779"/>
</kw>
<kw name="Click Element" library="RPA.Browser.Selenium">
<arg>id=id-body-${fila}[Body]</arg>
<doc>Click the element identified by ``locator``.</doc>
<msg timestamp="20210526 09:00:18.780" level="INFO">Clicking element 'id=id-body-2'.</msg>
<status status="PASS" starttime="20210526 09:00:18.780" endtime="20210526 09:00:18.891"/>
</kw>
<kw name="Input Text" library="RPA.Browser.Selenium">
<arg>class=form-control</arg>
<arg>${fila}[Legs]</arg>
<doc>Types the given ``text`` into the text field identified by ``locator``.</doc>
<msg timestamp="20210526 09:00:18.894" level="INFO">Typing text '3' into text field 'class=form-control'.</msg>
<status status="PASS" starttime="20210526 09:00:18.892" endtime="20210526 09:00:19.174"/>
</kw>
<kw name="Input Text" library="RPA.Browser.Selenium">
<arg>id=address</arg>
<arg>${fila}[Address]</arg>
<doc>Types the given ``text`` into the text field identified by ``locator``.</doc>
<msg timestamp="20210526 09:00:19.176" level="INFO">Typing text 'Address 123' into text field 'id=address'.</msg>
<status status="PASS" starttime="20210526 09:00:19.175" endtime="20210526 09:00:19.359"/>
</kw>
<kw name="Click Button" library="RPA.Browser.Selenium">
<arg>Preview</arg>
<doc>Clicks the button identified by ``locator``.</doc>
<msg timestamp="20210526 09:00:19.360" level="INFO">Clicking button 'Preview'.</msg>
<status status="PASS" starttime="20210526 09:00:19.360" endtime="20210526 09:00:19.472"/>
</kw>
<status status="PASS" starttime="20210526 09:00:18.643" endtime="20210526 09:00:19.473"/>
</kw>
<status status="PASS" starttime="20210526 09:00:18.640" endtime="20210526 09:00:19.474"/>
</kw>
<kw name="Wait Until Keyword Succeeds" library="BuiltIn">
<arg>${GLOBAL_RETRY_AMOUNT}</arg>
<arg>${GLOBAL_RETRY_INTERVAL}</arg>
<arg>PDF</arg>
<arg>${fila}</arg>
<doc>Runs the specified keyword and retries if it fails.</doc>
<kw name="PDF">
<arg>${fila}</arg>
<kw name="Log" library="BuiltIn">
<arg>${fila}</arg>
<doc>Logs the given message with the given level.</doc>
<msg timestamp="20210526 09:00:19.477" level="INFO">{'Order number': '1', 'Head': '1', 'Body': '2', 'Legs': '3', 'Address': 'Address 123'}</msg>
<status status="PASS" starttime="20210526 09:00:19.476" endtime="20210526 09:00:19.477"/>
</kw>
<kw name="Wait Until Element Is Visible" library="RPA.Browser.Selenium">
<arg>id=order</arg>
<doc>Waits until the element ``locator`` is visible.</doc>
<status status="PASS" starttime="20210526 09:00:19.477" endtime="20210526 09:00:19.528"/>
</kw>
<kw name="Sleep" library="BuiltIn">
<arg>1s</arg>
<doc>Pauses the test executed for the given time.</doc>
<msg timestamp="20210526 09:00:20.544" level="INFO">Slept 1 second</msg>
<status status="PASS" starttime="20210526 09:00:19.529" endtime="20210526 09:00:20.545"/>
</kw>
<kw name="Click Element" library="RPA.Browser.Selenium">
<arg>id=order</arg>
<doc>Click the element identified by ``locator``.</doc>
<msg timestamp="20210526 09:00:20.546" level="INFO">Clicking element 'id=order'.</msg>
<status status="PASS" starttime="20210526 09:00:20.545" endtime="20210526 09:00:20.706"/>
</kw>
<kw name="Wait Until Element Is Visible" library="RPA.Browser.Selenium">
<arg>id=receipt</arg>
<doc>Waits until the element ``locator`` is visible.</doc>
<kw name="Capture Page Screenshot" library="RPA.Browser.Selenium">
<doc>Takes a screenshot of the current page and embeds it into a log file.</doc>
<msg timestamp="20210526 09:00:26.105" level="INFO" html="true">&lt;/td&gt;&lt;/tr&gt;&lt;tr&gt;&lt;td colspan="3"&gt;&lt;a href="screenshots/selenium-screenshot-1.png"&gt;&lt;img src="screenshots/selenium-screenshot-1.png" width="800px"&gt;&lt;/a&gt;</msg>
<status status="PASS" starttime="20210526 09:00:25.741" endtime="20210526 09:00:26.105"/>
</kw>
<msg timestamp="20210526 09:00:26.107" level="FAIL">Element 'id=receipt' not visible after 5 seconds.</msg>
<status status="FAIL" starttime="20210526 09:00:20.706" endtime="20210526 09:00:26.107"/>
</kw>
<kw name="Get Element Attribute" library="RPA.Browser.Selenium">
<var>${receipt_html}</var>
<arg>id=receipt</arg>
<arg>outerHTML</arg>
<doc>Returns the value of ``attribute`` from the element ``locator``.</doc>
<status status="NOT RUN" starttime="20210526 09:00:26.109" endtime="20210526 09:00:26.109"/>
</kw>
<kw name="Html To Pdf" library="RPA.PDF">
<arg>${receipt_html}</arg>
<arg>${recibopdf}${fila}[Order number].pdf</arg>
<doc>Generate a PDF file from HTML content.</doc>
<status status="NOT RUN" starttime="20210526 09:00:26.110" endtime="20210526 09:00:26.110"/>
</kw>
<kw name="Wait Until Element Is Visible" library="RPA.Browser.Selenium">
<arg>id=robot-preview-image</arg>
<doc>Waits until the element ``locator`` is visible.</doc>
<status status="NOT RUN" starttime="20210526 09:00:26.110" endtime="20210526 09:00:26.111"/>
</kw>
<kw name="Capture Element Screenshot" library="RPA.Browser.Selenium">
<var>${screenshot}</var>
<arg>id=robot-preview-image</arg>
<arg>${reciboimg}${fila}[Order number].png</arg>
<doc>Captures a screenshot from the element identified by ``locator`` and embeds it into log file.</doc>
<status status="NOT RUN" starttime="20210526 09:00:26.111" endtime="20210526 09:00:26.111"/>
</kw>
<kw name="Open Pdf" library="RPA.PDF">
<arg>${recibopdf}${fila}[Order number].pdf</arg>
<doc>Open a PDF document for reading.</doc>
<status status="NOT RUN" starttime="20210526 09:00:26.112" endtime="20210526 09:00:26.112"/>
</kw>
<kw name="Add Watermark Image To Pdf" library="RPA.PDF">
<arg>${screenshot}</arg>
<arg>${recibopdf}${fila}[Order number].pdf</arg>
<doc>Add image to PDF which can be new or existing PDF.</doc>
<status status="NOT RUN" starttime="20210526 09:00:26.112" endtime="20210526 09:00:26.113"/>
</kw>
<kw name="Close All Pdfs" library="RPA.PDF">
<doc>Close all opened PDF file descriptors.</doc>
<status status="NOT RUN" starttime="20210526 09:00:26.113" endtime="20210526 09:00:26.113"/>
</kw>
<status status="FAIL" starttime="20210526 09:00:19.475" endtime="20210526 09:00:26.114"/>
</kw>
<kw name="PDF">
<arg>${fila}</arg>
<kw name="Log" library="BuiltIn">
<arg>${fila}</arg>
<doc>Logs the given message with the given level.</doc>
<msg timestamp="20210526 09:00:29.117" level="INFO">{'Order number': '1', 'Head': '1', 'Body': '2', 'Legs': '3', 'Address': 'Address 123'}</msg>
<status status="PASS" starttime="20210526 09:00:29.116" endtime="20210526 09:00:29.117"/>
</kw>
<kw name="Wait Until Element Is Visible" library="RPA.Browser.Selenium">
<arg>id=order</arg>
<doc>Waits until the element ``locator`` is visible.</doc>
<status status="PASS" starttime="20210526 09:00:29.117" endtime="20210526 09:00:29.159"/>
</kw>
<kw name="Sleep" library="BuiltIn">
<arg>1s</arg>
<doc>Pauses the test executed for the given time.</doc>
<msg timestamp="20210526 09:00:30.168" level="INFO">Slept 1 second</msg>
<status status="PASS" starttime="20210526 09:00:29.160" endtime="20210526 09:00:30.168"/>
</kw>
<kw name="Click Element" library="RPA.Browser.Selenium">
<arg>id=order</arg>
<doc>Click the element identified by ``locator``.</doc>
<msg timestamp="20210526 09:00:30.168" level="INFO">Clicking element 'id=order'.</msg>
<status status="PASS" starttime="20210526 09:00:30.168" endtime="20210526 09:00:30.217"/>
</kw>
<kw name="Wait Until Element Is Visible" library="RPA.Browser.Selenium">
<arg>id=receipt</arg>
<doc>Waits until the element ``locator`` is visible.</doc>
<status status="PASS" starttime="20210526 09:00:30.217" endtime="20210526 09:00:30.251"/>
</kw>
<kw name="Get Element Attribute" library="RPA.Browser.Selenium">
<var>${receipt_html}</var>
<arg>id=receipt</arg>
<arg>outerHTML</arg>
<doc>Returns the value of ``attribute`` from the element ``locator``.</doc>
<msg timestamp="20210526 09:00:30.271" level="INFO">${receipt_html} = &lt;div id="receipt" class="alert alert-success" role="alert"&gt;&lt;h3&gt;Receipt&lt;/h3&gt;&lt;div&gt;2021-05-26T07:00:30.204Z&lt;/div&gt;&lt;p class="badge badge-success"&gt;RSB-ROBO-ORDER-JX2TM1VL4C&lt;/p&gt;&lt;p&gt;Address 123&lt;/p&gt;&lt;div id="par...</msg>
<status status="PASS" starttime="20210526 09:00:30.252" endtime="20210526 09:00:30.271"/>
</kw>
<kw name="Html To Pdf" library="RPA.PDF">
<arg>${receipt_html}</arg>
<arg>${recibopdf}${fila}[Order number].pdf</arg>
<doc>Generate a PDF file from HTML content.</doc>
<msg timestamp="20210526 09:00:30.272" level="INFO">Writing output to file C:\ProgramData\Temp\rcd1f381\AppData\Local\Temp\39_3964_921430900_1\workarea60adf1f9\output\pdf\receipt1.pdf</msg>
<status status="PASS" starttime="20210526 09:00:30.271" endtime="20210526 09:00:30.281"/>
</kw>
<kw name="Wait Until Element Is Visible" library="RPA.Browser.Selenium">
<arg>id=robot-preview-image</arg>
<doc>Waits until the element ``locator`` is visible.</doc>
<status status="PASS" starttime="20210526 09:00:30.282" endtime="20210526 09:00:30.317"/>
</kw>
<kw name="Capture Element Screenshot" library="RPA.Browser.Selenium">
<var>${screenshot}</var>
<arg>id=robot-preview-image</arg>
<arg>${reciboimg}${fila}[Order number].png</arg>
<doc>Captures a screenshot from the element identified by ``locator`` and embeds it into log file.</doc>
<msg timestamp="20210526 09:00:30.529" level="INFO" html="true">&lt;/td&gt;&lt;/tr&gt;&lt;tr&gt;&lt;td colspan="3"&gt;&lt;a href="img/receipt1.png"&gt;&lt;img src="img/receipt1.png" width="400px"&gt;&lt;/a&gt;</msg>
<msg timestamp="20210526 09:00:30.529" level="INFO">${screenshot} = C:\ProgramData\Temp\rcd1f381\AppData\Local\Temp\39_3964_921430900_1\workarea60adf1f9\output\img\receipt1.png</msg>
<status status="PASS" starttime="20210526 09:00:30.317" endtime="20210526 09:00:30.529"/>
</kw>
<kw name="Open Pdf" library="RPA.PDF">
<arg>${recibopdf}${fila}[Order number].pdf</arg>
<doc>Open a PDF document for reading.</doc>
<status status="PASS" starttime="20210526 09:00:30.529" endtime="20210526 09:00:30.554"/>
</kw>
<kw name="Add Watermark Image To Pdf" library="RPA.PDF">
<arg>${screenshot}</arg>
<arg>${recibopdf}${fila}[Order number].pdf</arg>
<doc>Add image to PDF which can be new or existing PDF.</doc>
<status status="PASS" starttime="20210526 09:00:30.554" endtime="20210526 09:00:30.716"/>
</kw>
<kw name="Close All Pdfs" library="RPA.PDF">
<doc>Close all opened PDF file descriptors.</doc>
<msg timestamp="20210526 09:00:30.717" level="INFO">Closing PDF document: C:\ProgramData\Temp\rcd1f381\AppData\Local\Temp\39_3964_921430900_1\workarea60adf1f9\output\pdf\receipt1.pdf</msg>
<status status="PASS" starttime="20210526 09:00:30.716" endtime="20210526 09:00:30.717"/>
</kw>
<status status="PASS" starttime="20210526 09:00:29.114" endtime="20210526 09:00:30.717"/>
</kw>
<status status="PASS" starttime="20210526 09:00:19.474" endtime="20210526 09:00:30.717"/>
</kw>
<kw name="Another one">
<kw name="Click Button" library="RPA.Browser.Selenium">
<arg>id=order-another</arg>
<doc>Clicks the button identified by ``locator``.</doc>
<msg timestamp="20210526 09:00:30.719" level="INFO">Clicking button 'id=order-another'.</msg>
<status status="PASS" starttime="20210526 09:00:30.718" endtime="20210526 09:00:31.039"/>
</kw>
<kw name="Wait Until Element Contains" library="RPA.Browser.Selenium">
<arg>class=modal-body</arg>
<arg>${text}</arg>
<doc>Waits until the element ``locator`` contains ``text``.</doc>
<status status="PASS" starttime="20210526 09:00:31.039" endtime="20210526 09:00:31.103"/>
</kw>
<kw name="Handle Modal">
<kw name="Click Button" library="RPA.Browser.Selenium">
<arg>OK</arg>
<doc>Clicks the button identified by ``locator``.</doc>
<msg timestamp="20210526 09:00:31.105" level="INFO">Clicking button 'OK'.</msg>
<status status="PASS" starttime="20210526 09:00:31.105" endtime="20210526 09:00:31.196"/>
</kw>
<status status="PASS" starttime="20210526 09:00:31.104" endtime="20210526 09:00:31.197"/>
</kw>
<status status="PASS" starttime="20210526 09:00:30.718" endtime="20210526 09:00:31.197"/>
</kw>
<status status="PASS" starttime="20210526 09:00:18.640" endtime="20210526 09:00:31.197"/>
</iter>
<iter>
<var name="${fila}">{'Order number': '2', 'Head': '4', 'Body': '1', 'Legs': '5', 'Address': 'Address 456'}</var>
<kw name="Wait Until Keyword Succeeds" library="BuiltIn">
<arg>${GLOBAL_RETRY_AMOUNT}</arg>
<arg>${GLOBAL_RETRY_INTERVAL}</arg>
<arg>Fill Form</arg>
<arg>${fila}</arg>
<doc>Runs the specified keyword and retries if it fails.</doc>
<kw name="Fill Form">
<arg>${fila}</arg>
<kw name="Wait Until Element Contains" library="RPA.Browser.Selenium">
<arg>class=form-group</arg>
<arg>1.</arg>
<doc>Waits until the element ``locator`` contains ``text``.</doc>
<status status="PASS" starttime="20210526 09:00:31.200" endtime="20210526 09:00:31.245"/>
</kw>
<kw name="Convert To Integer" library="BuiltIn">
<var>${numhead}</var>
<arg>${fila}[Head]</arg>
<doc>Converts the given item to an integer number.</doc>
<msg timestamp="20210526 09:00:31.247" level="INFO">${numhead} = 4</msg>
<status status="PASS" starttime="20210526 09:00:31.246" endtime="20210526 09:00:31.247"/>
</kw>
<kw name="Click Element" library="RPA.Browser.Selenium">
<arg>xpath=${path}/option[${numhead + 1}]</arg>
<doc>Click the element identified by ``locator``.</doc>
<msg timestamp="20210526 09:00:31.250" level="INFO">Clicking element 'xpath=/html[1]/body[1]/div[1]/div[1]/div[1]/div[1]/div[1]/form[1]/div[1]/select[1]/option[5]'.</msg>
<status status="PASS" starttime="20210526 09:00:31.248" endtime="20210526 09:00:31.304"/>
</kw>
<kw name="Click Element" library="RPA.Browser.Selenium">
<arg>id=id-body-${fila}[Body]</arg>
<doc>Click the element identified by ``locator``.</doc>
<msg timestamp="20210526 09:00:31.305" level="INFO">Clicking element 'id=id-body-1'.</msg>
<status status="PASS" starttime="20210526 09:00:31.304" endtime="20210526 09:00:31.385"/>
</kw>
<kw name="Input Text" library="RPA.Browser.Selenium">
<arg>class=form-control</arg>
<arg>${fila}[Legs]</arg>
<doc>Types the given ``text`` into the text field identified by ``locator``.</doc>
<msg timestamp="20210526 09:00:31.386" level="INFO">Typing text '5' into text field 'class=form-control'.</msg>
<status status="PASS" starttime="20210526 09:00:31.385" endtime="20210526 09:00:31.502"/>
</kw>
<kw name="Input Text" library="RPA.Browser.Selenium">
<arg>id=address</arg>
<arg>${fila}[Address]</arg>
<doc>Types the given ``text`` into the text field identified by ``locator``.</doc>
<msg timestamp="20210526 09:00:31.502" level="INFO">Typing text 'Address 456' into text field 'id=address'.</msg>
<status status="PASS" starttime="20210526 09:00:31.502" endtime="20210526 09:00:31.646"/>
</kw>
<kw name="Click Button" library="RPA.Browser.Selenium">
<arg>Preview</arg>
<doc>Clicks the button identified by ``locator``.</doc>
<msg timestamp="20210526 09:00:31.647" level="INFO">Clicking button 'Preview'.</msg>
<status status="PASS" starttime="20210526 09:00:31.646" endtime="20210526 09:00:31.767"/>
</kw>
<status status="PASS" starttime="20210526 09:00:31.199" endtime="20210526 09:00:31.768"/>
</kw>
<status status="PASS" starttime="20210526 09:00:31.198" endtime="20210526 09:00:31.768"/>
</kw>
<kw name="Wait Until Keyword Succeeds" library="BuiltIn">
<arg>${GLOBAL_RETRY_AMOUNT}</arg>
<arg>${GLOBAL_RETRY_INTERVAL}</arg>
<arg>PDF</arg>
<arg>${fila}</arg>
<doc>Runs the specified keyword and retries if it fails.</doc>
<kw name="PDF">
<arg>${fila}</arg>
<kw name="Log" library="BuiltIn">
<arg>${fila}</arg>
<doc>Logs the given message with the given level.</doc>
<msg timestamp="20210526 09:00:31.774" level="INFO">{'Order number': '2', 'Head': '4', 'Body': '1', 'Legs': '5', 'Address': 'Address 456'}</msg>
<status status="PASS" starttime="20210526 09:00:31.772" endtime="20210526 09:00:31.774"/>
</kw>
<kw name="Wait Until Element Is Visible" library="RPA.Browser.Selenium">
<arg>id=order</arg>
<doc>Waits until the element ``locator`` is visible.</doc>
<status status="PASS" starttime="20210526 09:00:31.775" endtime="20210526 09:00:31.831"/>
</kw>
<kw name="Sleep" library="BuiltIn">
<arg>1s</arg>
<doc>Pauses the test executed for the given time.</doc>
<msg timestamp="20210526 09:00:32.836" level="INFO">Slept 1 second</msg>
<status status="PASS" starttime="20210526 09:00:31.832" endtime="20210526 09:00:32.836"/>
</kw>
<kw name="Click Element" library="RPA.Browser.Selenium">
<arg>id=order</arg>
<doc>Click the element identified by ``locator``.</doc>
<msg timestamp="20210526 09:00:32.838" level="INFO">Clicking element 'id=order'.</msg>
<status status="PASS" starttime="20210526 09:00:32.836" endtime="20210526 09:00:32.929"/>
</kw>
<kw name="Wait Until Element Is Visible" library="RPA.Browser.Selenium">
<arg>id=receipt</arg>
<doc>Waits until the element ``locator`` is visible.</doc>
<status status="PASS" starttime="20210526 09:00:32.932" endtime="20210526 09:00:32.968"/>
</kw>
<kw name="Get Element Attribute" library="RPA.Browser.Selenium">
<var>${receipt_html}</var>
<arg>id=receipt</arg>
<arg>outerHTML</arg>
<doc>Returns the value of ``attribute`` from the element ``locator``.</doc>
<msg timestamp="20210526 09:00:33.011" level="INFO">${receipt_html} = &lt;div id="receipt" class="alert alert-success" role="alert"&gt;&lt;h3&gt;Receipt&lt;/h3&gt;&lt;div&gt;2021-05-26T07:00:32.917Z&lt;/div&gt;&lt;p class="badge badge-success"&gt;RSB-ROBO-ORDER-J6NMB8HFJ&lt;/p&gt;&lt;p&gt;Address 456&lt;/p&gt;&lt;div id="part...</msg>
<status status="PASS" starttime="20210526 09:00:32.969" endtime="20210526 09:00:33.011"/>
</kw>
<kw name="Html To Pdf" library="RPA.PDF">
<arg>${receipt_html}</arg>
<arg>${recibopdf}${fila}[Order number].pdf</arg>
<doc>Generate a PDF file from HTML content.</doc>
<msg timestamp="20210526 09:00:33.014" level="INFO">Writing output to file C:\ProgramData\Temp\rcd1f381\AppData\Local\Temp\39_3964_921430900_1\workarea60adf1f9\output\pdf\receipt2.pdf</msg>
<status status="PASS" starttime="20210526 09:00:33.012" endtime="20210526 09:00:33.019"/>
</kw>
<kw name="Wait Until Element Is Visible" library="RPA.Browser.Selenium">
<arg>id=robot-preview-image</arg>
<doc>Waits until the element ``locator`` is visible.</doc>
<status status="PASS" starttime="20210526 09:00:33.020" endtime="20210526 09:00:33.059"/>
</kw>
<kw name="Capture Element Screenshot" library="RPA.Browser.Selenium">
<var>${screenshot}</var>
<arg>id=robot-preview-image</arg>
<arg>${reciboimg}${fila}[Order number].png</arg>
<doc>Captures a screenshot from the element identified by ``locator`` and embeds it into log file.</doc>
<msg timestamp="20210526 09:00:33.251" level="INFO" html="true">&lt;/td&gt;&lt;/tr&gt;&lt;tr&gt;&lt;td colspan="3"&gt;&lt;a href="img/receipt2.png"&gt;&lt;img src="img/receipt2.png" width="400px"&gt;&lt;/a&gt;</msg>
<msg timestamp="20210526 09:00:33.251" level="INFO">${screenshot} = C:\ProgramData\Temp\rcd1f381\AppData\Local\Temp\39_3964_921430900_1\workarea60adf1f9\output\img\receipt2.png</msg>
<status status="PASS" starttime="20210526 09:00:33.059" endtime="20210526 09:00:33.251"/>
</kw>
<kw name="Open Pdf" library="RPA.PDF">
<arg>${recibopdf}${fila}[Order number].pdf</arg>
<doc>Open a PDF document for reading.</doc>
<status status="PASS" starttime="20210526 09:00:33.251" endtime="20210526 09:00:33.272"/>
</kw>
<kw name="Add Watermark Image To Pdf" library="RPA.PDF">
<arg>${screenshot}</arg>
<arg>${recibopdf}${fila}[Order number].pdf</arg>
<doc>Add image to PDF which can be new or existing PDF.</doc>
<status status="PASS" starttime="20210526 09:00:33.273" endtime="20210526 09:00:33.383"/>
</kw>
<kw name="Close All Pdfs" library="RPA.PDF">
<doc>Close all opened PDF file descriptors.</doc>
<msg timestamp="20210526 09:00:33.384" level="INFO">Closing PDF document: C:\ProgramData\Temp\rcd1f381\AppData\Local\Temp\39_3964_921430900_1\workarea60adf1f9\output\pdf\receipt2.pdf</msg>
<status status="PASS" starttime="20210526 09:00:33.383" endtime="20210526 09:00:33.384"/>
</kw>
<status status="PASS" starttime="20210526 09:00:31.771" endtime="20210526 09:00:33.384"/>
</kw>
<status status="PASS" starttime="20210526 09:00:31.768" endtime="20210526 09:00:33.384"/>
</kw>
<kw name="Another one">
<kw name="Click Button" library="RPA.Browser.Selenium">
<arg>id=order-another</arg>
<doc>Clicks the button identified by ``locator``.</doc>
<msg timestamp="20210526 09:00:33.384" level="INFO">Clicking button 'id=order-another'.</msg>
<status status="PASS" starttime="20210526 09:00:33.384" endtime="20210526 09:00:33.699"/>
</kw>
<kw name="Wait Until Element Contains" library="RPA.Browser.Selenium">
<arg>class=modal-body</arg>
<arg>${text}</arg>
<doc>Waits until the element ``locator`` contains ``text``.</doc>
<status status="PASS" starttime="20210526 09:00:33.699" endtime="20210526 09:00:33.744"/>
</kw>
<kw name="Handle Modal">
<kw name="Click Button" library="RPA.Browser.Selenium">
<arg>OK</arg>
<doc>Clicks the button identified by ``locator``.</doc>
<msg timestamp="20210526 09:00:33.745" level="INFO">Clicking button 'OK'.</msg>
<status status="PASS" starttime="20210526 09:00:33.745" endtime="20210526 09:00:33.829"/>
</kw>
<status status="PASS" starttime="20210526 09:00:33.744" endtime="20210526 09:00:33.829"/>
</kw>
<status status="PASS" starttime="20210526 09:00:33.384" endtime="20210526 09:00:33.829"/>
</kw>
<status status="PASS" starttime="20210526 09:00:31.198" endtime="20210526 09:00:33.830"/>
</iter>
<iter>
<var name="${fila}">{'Order number': '3', 'Head': '6', 'Body': '2', 'Legs': '3', 'Address': 'Address 789'}</var>
<kw name="Wait Until Keyword Succeeds" library="BuiltIn">
<arg>${GLOBAL_RETRY_AMOUNT}</arg>
<arg>${GLOBAL_RETRY_INTERVAL}</arg>
<arg>Fill Form</arg>
<arg>${fila}</arg>
<doc>Runs the specified keyword and retries if it fails.</doc>
<kw name="Fill Form">
<arg>${fila}</arg>
<kw name="Wait Until Element Contains" library="RPA.Browser.Selenium">
<arg>class=form-group</arg>
<arg>1.</arg>
<doc>Waits until the element ``locator`` contains ``text``.</doc>
<status status="PASS" starttime="20210526 09:00:33.830" endtime="20210526 09:00:33.866"/>
</kw>
<kw name="Convert To Integer" library="BuiltIn">
<var>${numhead}</var>
<arg>${fila}[Head]</arg>
<doc>Converts the given item to an integer number.</doc>
<msg timestamp="20210526 09:00:33.867" level="INFO">${numhead} = 6</msg>
<status status="PASS" starttime="20210526 09:00:33.867" endtime="20210526 09:00:33.867"/>
</kw>
<kw name="Click Element" library="RPA.Browser.Selenium">
<arg>xpath=${path}/option[${numhead + 1}]</arg>
<doc>Click the element identified by ``locator``.</doc>
<msg timestamp="20210526 09:00:33.868" level="INFO">Clicking element 'xpath=/html[1]/body[1]/div[1]/div[1]/div[1]/div[1]/div[1]/form[1]/div[1]/select[1]/option[7]'.</msg>
<status status="PASS" starttime="20210526 09:00:33.867" endtime="20210526 09:00:33.914"/>
</kw>
<kw name="Click Element" library="RPA.Browser.Selenium">
<arg>id=id-body-${fila}[Body]</arg>
<doc>Click the element identified by ``locator``.</doc>
<msg timestamp="20210526 09:00:33.915" level="INFO">Clicking element 'id=id-body-2'.</msg>
<status status="PASS" starttime="20210526 09:00:33.914" endtime="20210526 09:00:33.983"/>
</kw>
<kw name="Input Text" library="RPA.Browser.Selenium">
<arg>class=form-control</arg>
<arg>${fila}[Legs]</arg>
<doc>Types the given ``text`` into the text field identified by ``locator``.</doc>
<msg timestamp="20210526 09:00:33.984" level="INFO">Typing text '3' into text field 'class=form-control'.</msg>
<status status="PASS" starttime="20210526 09:00:33.984" endtime="20210526 09:00:34.116"/>
</kw>
<kw name="Input Text" library="RPA.Browser.Selenium">
<arg>id=address</arg>
<arg>${fila}[Address]</arg>
<doc>Types the given ``text`` into the text field identified by ``locator``.</doc>
<msg timestamp="20210526 09:00:34.116" level="INFO">Typing text 'Address 789' into text field 'id=address'.</msg>
<status status="PASS" starttime="20210526 09:00:34.116" endtime="20210526 09:00:34.351"/>
</kw>
<kw name="Click Button" library="RPA.Browser.Selenium">
<arg>Preview</arg>
<doc>Clicks the button identified by ``locator``.</doc>
<msg timestamp="20210526 09:00:34.352" level="INFO">Clicking button 'Preview'.</msg>
<status status="PASS" starttime="20210526 09:00:34.351" endtime="20210526 09:00:34.563"/>
</kw>
<status status="PASS" starttime="20210526 09:00:33.830" endtime="20210526 09:00:34.565"/>
</kw>
<status status="PASS" starttime="20210526 09:00:33.830" endtime="20210526 09:00:34.565"/>
</kw>
<kw name="Wait Until Keyword Succeeds" library="BuiltIn">
<arg>${GLOBAL_RETRY_AMOUNT}</arg>
<arg>${GLOBAL_RETRY_INTERVAL}</arg>
<arg>PDF</arg>
<arg>${fila}</arg>
<doc>Runs the specified keyword and retries if it fails.</doc>
<kw name="PDF">
<arg>${fila}</arg>
<kw name="Log" library="BuiltIn">
<arg>${fila}</arg>
<doc>Logs the given message with the given level.</doc>
<msg timestamp="20210526 09:00:34.574" level="INFO">{'Order number': '3', 'Head': '6', 'Body': '2', 'Legs': '3', 'Address': 'Address 789'}</msg>
<status status="PASS" starttime="20210526 09:00:34.572" endtime="20210526 09:00:34.575"/>
</kw>
<kw name="Wait Until Element Is Visible" library="RPA.Browser.Selenium">
<arg>id=order</arg>
<doc>Waits until the element ``locator`` is visible.</doc>
<status status="PASS" starttime="20210526 09:00:34.576" endtime="20210526 09:00:34.639"/>
</kw>
<kw name="Sleep" library="BuiltIn">
<arg>1s</arg>
<doc>Pauses the test executed for the given time.</doc>
<msg timestamp="20210526 09:00:35.650" level="INFO">Slept 1 second</msg>
<status status="PASS" starttime="20210526 09:00:34.640" endtime="20210526 09:00:35.650"/>
</kw>
<kw name="Click Element" library="RPA.Browser.Selenium">
<arg>id=order</arg>
<doc>Click the element identified by ``locator``.</doc>
<msg timestamp="20210526 09:00:35.650" level="INFO">Clicking element 'id=order'.</msg>
<status status="PASS" starttime="20210526 09:00:35.650" endtime="20210526 09:00:35.710"/>
</kw>
<kw name="Wait Until Element Is Visible" library="RPA.Browser.Selenium">
<arg>id=receipt</arg>
<doc>Waits until the element ``locator`` is visible.</doc>
<kw name="Capture Page Screenshot" library="RPA.Browser.Selenium">
<doc>Takes a screenshot of the current page and embeds it into a log file.</doc>
<msg timestamp="20210526 09:00:41.207" level="INFO" html="true">&lt;/td&gt;&lt;/tr&gt;&lt;tr&gt;&lt;td colspan="3"&gt;&lt;a href="screenshots/selenium-screenshot-2.png"&gt;&lt;img src="screenshots/selenium-screenshot-2.png" width="800px"&gt;&lt;/a&gt;</msg>
<status status="PASS" starttime="20210526 09:00:40.931" endtime="20210526 09:00:41.207"/>
</kw>
<msg timestamp="20210526 09:00:41.208" level="FAIL">Element 'id=receipt' not visible after 5 seconds.</msg>
<status status="FAIL" starttime="20210526 09:00:35.711" endtime="20210526 09:00:41.208"/>
</kw>
<kw name="Get Element Attribute" library="RPA.Browser.Selenium">
<var>${receipt_html}</var>
<arg>id=receipt</arg>
<arg>outerHTML</arg>
<doc>Returns the value of ``attribute`` from the element ``locator``.</doc>
<status status="NOT RUN" starttime="20210526 09:00:41.208" endtime="20210526 09:00:41.208"/>
</kw>
<kw name="Html To Pdf" library="RPA.PDF">
<arg>${receipt_html}</arg>
<arg>${recibopdf}${fila}[Order number].pdf</arg>
<doc>Generate a PDF file from HTML content.</doc>
<status status="NOT RUN" starttime="20210526 09:00:41.208" endtime="20210526 09:00:41.208"/>
</kw>
<kw name="Wait Until Element Is Visible" library="RPA.Browser.Selenium">
<arg>id=robot-preview-image</arg>
<doc>Waits until the element ``locator`` is visible.</doc>
<status status="NOT RUN" starttime="20210526 09:00:41.208" endtime="20210526 09:00:41.208"/>
</kw>
<kw name="Capture Element Screenshot" library="RPA.Browser.Selenium">
<var>${screenshot}</var>
<arg>id=robot-preview-image</arg>
<arg>${reciboimg}${fila}[Order number].png</arg>
<doc>Captures a screenshot from the element identified by ``locator`` and embeds it into log file.</doc>
<status status="NOT RUN" starttime="20210526 09:00:41.208" endtime="20210526 09:00:41.208"/>
</kw>
<kw name="Open Pdf" library="RPA.PDF">
<arg>${recibopdf}${fila}[Order number].pdf</arg>
<doc>Open a PDF document for reading.</doc>
<status status="NOT RUN" starttime="20210526 09:00:41.208" endtime="20210526 09:00:41.208"/>
</kw>
<kw name="Add Watermark Image To Pdf" library="RPA.PDF">
<arg>${screenshot}</arg>
<arg>${recibopdf}${fila}[Order number].pdf</arg>
<doc>Add image to PDF which can be new or existing PDF.</doc>
<status status="NOT RUN" starttime="20210526 09:00:41.208" endtime="20210526 09:00:41.208"/>
</kw>
<kw name="Close All Pdfs" library="RPA.PDF">
<doc>Close all opened PDF file descriptors.</doc>
<status status="NOT RUN" starttime="20210526 09:00:41.208" endtime="20210526 09:00:41.208"/>
</kw>
<status status="FAIL" starttime="20210526 09:00:34.567" endtime="20210526 09:00:41.212"/>
</kw>
<kw name="PDF">
<arg>${fila}</arg>
<kw name="Log" library="BuiltIn">
<arg>${fila}</arg>
<doc>Logs the given message with the given level.</doc>
<msg timestamp="20210526 09:00:44.230" level="INFO">{'Order number': '3', 'Head': '6', 'Body': '2', 'Legs': '3', 'Address': 'Address 789'}</msg>
<status status="PASS" starttime="20210526 09:00:44.227" endtime="20210526 09:00:44.231"/>
</kw>
<kw name="Wait Until Element Is Visible" library="RPA.Browser.Selenium">
<arg>id=order</arg>
<doc>Waits until the element ``locator`` is visible.</doc>
<status status="PASS" starttime="20210526 09:00:44.231" endtime="20210526 09:00:44.296"/>
</kw>
<kw name="Sleep" library="BuiltIn">
<arg>1s</arg>
<doc>Pauses the test executed for the given time.</doc>
<msg timestamp="20210526 09:00:45.304" level="INFO">Slept 1 second</msg>
<status status="PASS" starttime="20210526 09:00:44.297" endtime="20210526 09:00:45.304"/>
</kw>
<kw name="Click Element" library="RPA.Browser.Selenium">
<arg>id=order</arg>
<doc>Click the element identified by ``locator``.</doc>
<msg timestamp="20210526 09:00:45.304" level="INFO">Clicking element 'id=order'.</msg>
<status status="PASS" starttime="20210526 09:00:45.304" endtime="20210526 09:00:45.422"/>
</kw>
<kw name="Wait Until Element Is Visible" library="RPA.Browser.Selenium">
<arg>id=receipt</arg>
<doc>Waits until the element ``locator`` is visible.</doc>
<status status="PASS" starttime="20210526 09:00:45.422" endtime="20210526 09:00:45.500"/>
</kw>
<kw name="Get Element Attribute" library="RPA.Browser.Selenium">
<var>${receipt_html}</var>
<arg>id=receipt</arg>
<arg>outerHTML</arg>
<doc>Returns the value of ``attribute`` from the element ``locator``.</doc>
<msg timestamp="20210526 09:00:45.556" level="INFO">${receipt_html} = &lt;div id="receipt" class="alert alert-success" role="alert"&gt;&lt;h3&gt;Receipt&lt;/h3&gt;&lt;div&gt;2021-05-26T07:00:45.399Z&lt;/div&gt;&lt;p class="badge badge-success"&gt;RSB-ROBO-ORDER-0MI4PP8D7P&lt;/p&gt;&lt;p&gt;Address 789&lt;/p&gt;&lt;div id="par...</msg>
<status status="PASS" starttime="20210526 09:00:45.500" endtime="20210526 09:00:45.556"/>
</kw>
<kw name="Html To Pdf" library="RPA.PDF">
<arg>${receipt_html}</arg>
<arg>${recibopdf}${fila}[Order number].pdf</arg>
<doc>Generate a PDF file from HTML content.</doc>
<msg timestamp="20210526 09:00:45.557" level="INFO">Writing output to file C:\ProgramData\Temp\rcd1f381\AppData\Local\Temp\39_3964_921430900_1\workarea60adf1f9\output\pdf\receipt3.pdf</msg>
<status status="PASS" starttime="20210526 09:00:45.557" endtime="20210526 09:00:45.573"/>
</kw>
<kw name="Wait Until Element Is Visible" library="RPA.Browser.Selenium">
<arg>id=robot-preview-image</arg>
<doc>Waits until the element ``locator`` is visible.</doc>
<status status="PASS" starttime="20210526 09:00:45.573" endtime="20210526 09:00:45.649"/>
</kw>
<kw name="Capture Element Screenshot" library="RPA.Browser.Selenium">
<var>${screenshot}</var>
<arg>id=robot-preview-image</arg>
<arg>${reciboimg}${fila}[Order number].png</arg>
<doc>Captures a screenshot from the element identified by ``locator`` and embeds it into log file.</doc>
<msg timestamp="20210526 09:00:45.943" level="INFO" html="true">&lt;/td&gt;&lt;/tr&gt;&lt;tr&gt;&lt;td colspan="3"&gt;&lt;a href="img/receipt3.png"&gt;&lt;img src="img/receipt3.png" width="400px"&gt;&lt;/a&gt;</msg>
<msg timestamp="20210526 09:00:45.946" level="INFO">${screenshot} = C:\ProgramData\Temp\rcd1f381\AppData\Local\Temp\39_3964_921430900_1\workarea60adf1f9\output\img\receipt3.png</msg>
<status status="PASS" starttime="20210526 09:00:45.650" endtime="20210526 09:00:45.946"/>
</kw>
<kw name="Open Pdf" library="RPA.PDF">
<arg>${recibopdf}${fila}[Order number].pdf</arg>
<doc>Open a PDF document for reading.</doc>
<status status="PASS" starttime="20210526 09:00:45.946" endtime="20210526 09:00:45.977"/>
</kw>
<kw name="Add Watermark Image To Pdf" library="RPA.PDF">
<arg>${screenshot}</arg>
<arg>${recibopdf}${fila}[Order number].pdf</arg>
<doc>Add image to PDF which can be new or existing PDF.</doc>
<status status="PASS" starttime="20210526 09:00:45.979" endtime="20210526 09:00:46.217"/>
</kw>
<kw name="Close All Pdfs" library="RPA.PDF">
<doc>Close all opened PDF file descriptors.</doc>
<msg timestamp="20210526 09:00:46.217" level="INFO">Closing PDF document: C:\ProgramData\Temp\rcd1f381\AppData\Local\Temp\39_3964_921430900_1\workarea60adf1f9\output\pdf\receipt3.pdf</msg>
<status status="PASS" starttime="20210526 09:00:46.217" endtime="20210526 09:00:46.217"/>
</kw>
<status status="PASS" starttime="20210526 09:00:44.223" endtime="20210526 09:00:46.227"/>
</kw>
<status status="PASS" starttime="20210526 09:00:34.566" endtime="20210526 09:00:46.227"/>
</kw>
<kw name="Another one">
<kw name="Click Button" library="RPA.Browser.Selenium">
<arg>id=order-another</arg>
<doc>Clicks the button identified by ``locator``.</doc>
<msg timestamp="20210526 09:00:46.231" level="INFO">Clicking button 'id=order-another'.</msg>
<status status="PASS" starttime="20210526 09:00:46.230" endtime="20210526 09:00:46.783"/>
</kw>
<kw name="Wait Until Element Contains" library="RPA.Browser.Selenium">
<arg>class=modal-body</arg>
<arg>${text}</arg>
<doc>Waits until the element ``locator`` contains ``text``.</doc>
<status status="PASS" starttime="20210526 09:00:46.784" endtime="20210526 09:00:46.886"/>
</kw>
<kw name="Handle Modal">
<kw name="Click Button" library="RPA.Browser.Selenium">
<arg>OK</arg>
<doc>Clicks the button identified by ``locator``.</doc>
<msg timestamp="20210526 09:00:46.892" level="INFO">Clicking button 'OK'.</msg>
<status status="PASS" starttime="20210526 09:00:46.890" endtime="20210526 09:00:47.101"/>
</kw>
<status status="PASS" starttime="20210526 09:00:46.886" endtime="20210526 09:00:47.101"/>
</kw>
<status status="PASS" starttime="20210526 09:00:46.228" endtime="20210526 09:00:47.101"/>
</kw>
<status status="PASS" starttime="20210526 09:00:33.830" endtime="20210526 09:00:47.101"/>
</iter>
<iter>
<var name="${fila}">{'Order number': '4', 'Head': '2', 'Body': '3', 'Legs': '2', 'Address': 'Address 1'}</var>
<kw name="Wait Until Keyword Succeeds" library="BuiltIn">
<arg>${GLOBAL_RETRY_AMOUNT}</arg>
<arg>${GLOBAL_RETRY_INTERVAL}</arg>
<arg>Fill Form</arg>
<arg>${fila}</arg>
<doc>Runs the specified keyword and retries if it fails.</doc>
<kw name="Fill Form">
<arg>${fila}</arg>
<kw name="Wait Until Element Contains" library="RPA.Browser.Selenium">
<arg>class=form-group</arg>
<arg>1.</arg>
<doc>Waits until the element ``locator`` contains ``text``.</doc>
<status status="PASS" starttime="20210526 09:00:47.112" endtime="20210526 09:00:47.214"/>
</kw>
<kw name="Convert To Integer" library="BuiltIn">
<var>${numhead}</var>
<arg>${fila}[Head]</arg>
<doc>Converts the given item to an integer number.</doc>
<msg timestamp="20210526 09:00:47.220" level="INFO">${numhead} = 2</msg>
<status status="PASS" starttime="20210526 09:00:47.214" endtime="20210526 09:00:47.220"/>
</kw>
<kw name="Click Element" library="RPA.Browser.Selenium">
<arg>xpath=${path}/option[${numhead + 1}]</arg>
<doc>Click the element identified by ``locator``.</doc>
<msg timestamp="20210526 09:00:47.221" level="INFO">Clicking element 'xpath=/html[1]/body[1]/div[1]/div[1]/div[1]/div[1]/div[1]/form[1]/div[1]/select[1]/option[3]'.</msg>
<status status="PASS" starttime="20210526 09:00:47.220" endtime="20210526 09:00:47.338"/>
</kw>
<kw name="Click Element" library="RPA.Browser.Selenium">
<arg>id=id-body-${fila}[Body]</arg>
<doc>Click the element identified by ``locator``.</doc>
<msg timestamp="20210526 09:00:47.338" level="INFO">Clicking element 'id=id-body-3'.</msg>
<status status="PASS" starttime="20210526 09:00:47.338" endtime="20210526 09:00:47.510"/>
</kw>
<kw name="Input Text" library="RPA.Browser.Selenium">
<arg>class=form-control</arg>
<arg>${fila}[Legs]</arg>
<doc>Types the given ``text`` into the text field identified by ``locator``.</doc>
<msg timestamp="20210526 09:00:47.513" level="INFO">Typing text '2' into text field 'class=form-control'.</msg>
<status status="PASS" starttime="20210526 09:00:47.512" endtime="20210526 09:00:47.814"/>
</kw>
<kw name="Input Text" library="RPA.Browser.Selenium">
<arg>id=address</arg>
<arg>${fila}[Address]</arg>
<doc>Types the given ``text`` into the text field identified by ``locator``.</doc>
<msg timestamp="20210526 09:00:47.817" level="INFO">Typing text 'Address 1' into text field 'id=address'.</msg>
<status status="PASS" starttime="20210526 09:00:47.815" endtime="20210526 09:00:48.098"/>
</kw>
<kw name="Click Button" library="RPA.Browser.Selenium">
<arg>Preview</arg>
<doc>Clicks the button identified by ``locator``.</doc>
<msg timestamp="20210526 09:00:48.099" level="INFO">Clicking button 'Preview'.</msg>
<status status="PASS" starttime="20210526 09:00:48.099" endtime="20210526 09:00:48.187"/>
</kw>
<status status="PASS" starttime="20210526 09:00:47.108" endtime="20210526 09:00:48.187"/>
</kw>
<status status="PASS" starttime="20210526 09:00:47.104" endtime="20210526 09:00:48.187"/>
</kw>
<kw name="Wait Until Keyword Succeeds" library="BuiltIn">
<arg>${GLOBAL_RETRY_AMOUNT}</arg>
<arg>${GLOBAL_RETRY_INTERVAL}</arg>
<arg>PDF</arg>
<arg>${fila}</arg>
<doc>Runs the specified keyword and retries if it fails.</doc>
<kw name="PDF">
<arg>${fila}</arg>
<kw name="Log" library="BuiltIn">
<arg>${fila}</arg>
<doc>Logs the given message with the given level.</doc>
<msg timestamp="20210526 09:00:48.190" level="INFO">{'Order number': '4', 'Head': '2', 'Body': '3', 'Legs': '2', 'Address': 'Address 1'}</msg>
<status status="PASS" starttime="20210526 09:00:48.189" endtime="20210526 09:00:48.190"/>
</kw>
<kw name="Wait Until Element Is Visible" library="RPA.Browser.Selenium">
<arg>id=order</arg>
<doc>Waits until the element ``locator`` is visible.</doc>
<status status="PASS" starttime="20210526 09:00:48.190" endtime="20210526 09:00:48.236"/>
</kw>
<kw name="Sleep" library="BuiltIn">
<arg>1s</arg>
<doc>Pauses the test executed for the given time.</doc>
<msg timestamp="20210526 09:00:49.241" level="INFO">Slept 1 second</msg>
<status status="PASS" starttime="20210526 09:00:48.237" endtime="20210526 09:00:49.242"/>
</kw>
<kw name="Click Element" library="RPA.Browser.Selenium">
<arg>id=order</arg>
<doc>Click the element identified by ``locator``.</doc>
<msg timestamp="20210526 09:00:49.245" level="INFO">Clicking element 'id=order'.</msg>
<status status="PASS" starttime="20210526 09:00:49.242" endtime="20210526 09:00:49.421"/>
</kw>
<kw name="Wait Until Element Is Visible" library="RPA.Browser.Selenium">
<arg>id=receipt</arg>
<doc>Waits until the element ``locator`` is visible.</doc>
<status status="PASS" starttime="20210526 09:00:49.422" endtime="20210526 09:00:49.459"/>
</kw>
<kw name="Get Element Attribute" library="RPA.Browser.Selenium">
<var>${receipt_html}</var>
<arg>id=receipt</arg>
<arg>outerHTML</arg>
<doc>Returns the value of ``attribute`` from the element ``locator``.</doc>
<msg timestamp="20210526 09:00:49.486" level="INFO">${receipt_html} = &lt;div id="receipt" class="alert alert-success" role="alert"&gt;&lt;h3&gt;Receipt&lt;/h3&gt;&lt;div&gt;2021-05-26T07:00:49.409Z&lt;/div&gt;&lt;p class="badge badge-success"&gt;RSB-ROBO-ORDER-9H0T90WGOE&lt;/p&gt;&lt;p&gt;Address 1&lt;/p&gt;&lt;div id="parts...</msg>
<status status="PASS" starttime="20210526 09:00:49.459" endtime="20210526 09:00:49.486"/>
</kw>
<kw name="Html To Pdf" library="RPA.PDF">
<arg>${receipt_html}</arg>
<arg>${recibopdf}${fila}[Order number].pdf</arg>
<doc>Generate a PDF file from HTML content.</doc>
<msg timestamp="20210526 09:00:49.488" level="INFO">Writing output to file C:\ProgramData\Temp\rcd1f381\AppData\Local\Temp\39_3964_921430900_1\workarea60adf1f9\output\pdf\receipt4.pdf</msg>
<status status="PASS" starttime="20210526 09:00:49.487" endtime="20210526 09:00:49.498"/>
</kw>
<kw name="Wait Until Element Is Visible" library="RPA.Browser.Selenium">
<arg>id=robot-preview-image</arg>
<doc>Waits until the element ``locator`` is visible.</doc>
<status status="PASS" starttime="20210526 09:00:49.499" endtime="20210526 09:00:49.537"/>
</kw>
<kw name="Capture Element Screenshot" library="RPA.Browser.Selenium">
<var>${screenshot}</var>
<arg>id=robot-preview-image</arg>
<arg>${reciboimg}${fila}[Order number].png</arg>
<doc>Captures a screenshot from the element identified by ``locator`` and embeds it into log file.</doc>
<msg timestamp="20210526 09:00:49.739" level="INFO" html="true">&lt;/td&gt;&lt;/tr&gt;&lt;tr&gt;&lt;td colspan="3"&gt;&lt;a href="img/receipt4.png"&gt;&lt;img src="img/receipt4.png" width="400px"&gt;&lt;/a&gt;</msg>
<msg timestamp="20210526 09:00:49.740" level="INFO">${screenshot} = C:\ProgramData\Temp\rcd1f381\AppData\Local\Temp\39_3964_921430900_1\workarea60adf1f9\output\img\receipt4.png</msg>
<status status="PASS" starttime="20210526 09:00:49.537" endtime="20210526 09:00:49.740"/>
</kw>
<kw name="Open Pdf" library="RPA.PDF">
<arg>${recibopdf}${fila}[Order number].pdf</arg>
<doc>Open a PDF document for reading.</doc>
<status status="PASS" starttime="20210526 09:00:49.742" endtime="20210526 09:00:49.760"/>
</kw>
<kw name="Add Watermark Image To Pdf" library="RPA.PDF">
<arg>${screenshot}</arg>
<arg>${recibopdf}${fila}[Order number].pdf</arg>
<doc>Add image to PDF which can be new or existing PDF.</doc>
<status status="PASS" starttime="20210526 09:00:49.760" endtime="20210526 09:00:49.883"/>
</kw>
<kw name="Close All Pdfs" library="RPA.PDF">
<doc>Close all opened PDF file descriptors.</doc>
<msg timestamp="20210526 09:00:49.883" level="INFO">Closing PDF document: C:\ProgramData\Temp\rcd1f381\AppData\Local\Temp\39_3964_921430900_1\workarea60adf1f9\output\pdf\receipt4.pdf</msg>
<status status="PASS" starttime="20210526 09:00:49.883" endtime="20210526 09:00:49.883"/>
</kw>
<status status="PASS" starttime="20210526 09:00:48.188" endtime="20210526 09:00:49.889"/>
</kw>
<status status="PASS" starttime="20210526 09:00:48.187" endtime="20210526 09:00:49.889"/>
</kw>
<kw name="Another one">
<kw name="Click Button" library="RPA.Browser.Selenium">
<arg>id=order-another</arg>
<doc>Clicks the button identified by ``locator``.</doc>
<msg timestamp="20210526 09:00:49.889" level="INFO">Clicking button 'id=order-another'.</msg>
<status status="PASS" starttime="20210526 09:00:49.889" endtime="20210526 09:00:50.187"/>
</kw>
<kw name="Wait Until Element Contains" library="RPA.Browser.Selenium">
<arg>class=modal-body</arg>
<arg>${text}</arg>
<doc>Waits until the element ``locator`` contains ``text``.</doc>
<status status="PASS" starttime="20210526 09:00:50.188" endtime="20210526 09:00:50.243"/>
</kw>
<kw name="Handle Modal">
<kw name="Click Button" library="RPA.Browser.Selenium">
<arg>OK</arg>
<doc>Clicks the button identified by ``locator``.</doc>
<msg timestamp="20210526 09:00:50.246" level="INFO">Clicking button 'OK'.</msg>
<status status="PASS" starttime="20210526 09:00:50.246" endtime="20210526 09:00:50.413"/>
</kw>
<status status="PASS" starttime="20210526 09:00:50.243" endtime="20210526 09:00:50.414"/>
</kw>
<status status="PASS" starttime="20210526 09:00:49.889" endtime="20210526 09:00:50.414"/>
</kw>
<status status="PASS" starttime="20210526 09:00:47.101" endtime="20210526 09:00:50.414"/>
</iter>
<iter>
<var name="${fila}">{'Order number': '5', 'Head': '3', 'Body': '5', 'Legs': '1', 'Address': 'Address 2'}</var>
<kw name="Wait Until Keyword Succeeds" library="BuiltIn">
<arg>${GLOBAL_RETRY_AMOUNT}</arg>
<arg>${GLOBAL_RETRY_INTERVAL}</arg>
<arg>Fill Form</arg>
<arg>${fila}</arg>
<doc>Runs the specified keyword and retries if it fails.</doc>
<kw name="Fill Form">
<arg>${fila}</arg>
<kw name="Wait Until Element Contains" library="RPA.Browser.Selenium">
<arg>class=form-group</arg>
<arg>1.</arg>
<doc>Waits until the element ``locator`` contains ``text``.</doc>
<status status="PASS" starttime="20210526 09:00:50.426" endtime="20210526 09:00:50.517"/>
</kw>
<kw name="Convert To Integer" library="BuiltIn">
<var>${numhead}</var>
<arg>${fila}[Head]</arg>
<doc>Converts the given item to an integer number.</doc>
<msg timestamp="20210526 09:00:50.517" level="INFO">${numhead} = 3</msg>
<status status="PASS" starttime="20210526 09:00:50.517" endtime="20210526 09:00:50.517"/>
</kw>
<kw name="Click Element" library="RPA.Browser.Selenium">
<arg>xpath=${path}/option[${numhead + 1}]</arg>
<doc>Click the element identified by ``locator``.</doc>
<msg timestamp="20210526 09:00:50.527" level="INFO">Clicking element 'xpath=/html[1]/body[1]/div[1]/div[1]/div[1]/div[1]/div[1]/form[1]/div[1]/select[1]/option[4]'.</msg>
<status status="PASS" starttime="20210526 09:00:50.521" endtime="20210526 09:00:50.647"/>
</kw>
<kw name="Click Element" library="RPA.Browser.Selenium">
<arg>id=id-body-${fila}[Body]</arg>
<doc>Click the element identified by ``locator``.</doc>
<msg timestamp="20210526 09:00:50.651" level="INFO">Clicking element 'id=id-body-5'.</msg>
<status status="PASS" starttime="20210526 09:00:50.651" endtime="20210526 09:00:50.845"/>
</kw>
<kw name="Input Text" library="RPA.Browser.Selenium">
<arg>class=form-control</arg>
<arg>${fila}[Legs]</arg>
<doc>Types the given ``text`` into the text field identified by ``locator``.</doc>
<msg timestamp="20210526 09:00:50.848" level="INFO">Typing text '1' into text field 'class=form-control'.</msg>
<status status="PASS" starttime="20210526 09:00:50.846" endtime="20210526 09:00:51.165"/>
</kw>
<kw name="Input Text" library="RPA.Browser.Selenium">
<arg>id=address</arg>
<arg>${fila}[Address]</arg>
<doc>Types the given ``text`` into the text field identified by ``locator``.</doc>
<msg timestamp="20210526 09:00:51.165" level="INFO">Typing text 'Address 2' into text field 'id=address'.</msg>
<status status="PASS" starttime="20210526 09:00:51.165" endtime="20210526 09:00:51.522"/>
</kw>
<kw name="Click Button" library="RPA.Browser.Selenium">
<arg>Preview</arg>
<doc>Clicks the button identified by ``locator``.</doc>
<msg timestamp="20210526 09:00:51.524" level="INFO">Clicking button 'Preview'.</msg>
<status status="PASS" starttime="20210526 09:00:51.523" endtime="20210526 09:00:51.627"/>
</kw>
<status status="PASS" starttime="20210526 09:00:50.421" endtime="20210526 09:00:51.627"/>
</kw>
<status status="PASS" starttime="20210526 09:00:50.417" endtime="20210526 09:00:51.627"/>
</kw>
<kw name="Wait Until Keyword Succeeds" library="BuiltIn">
<arg>${GLOBAL_RETRY_AMOUNT}</arg>
<arg>${GLOBAL_RETRY_INTERVAL}</arg>
<arg>PDF</arg>
<arg>${fila}</arg>
<doc>Runs the specified keyword and retries if it fails.</doc>
<kw name="PDF">
<arg>${fila}</arg>
<kw name="Log" library="BuiltIn">
<arg>${fila}</arg>
<doc>Logs the given message with the given level.</doc>
<msg timestamp="20210526 09:00:51.632" level="INFO">{'Order number': '5', 'Head': '3', 'Body': '5', 'Legs': '1', 'Address': 'Address 2'}</msg>
<status status="PASS" starttime="20210526 09:00:51.631" endtime="20210526 09:00:51.632"/>
</kw>
<kw name="Wait Until Element Is Visible" library="RPA.Browser.Selenium">
<arg>id=order</arg>
<doc>Waits until the element ``locator`` is visible.</doc>
<status status="PASS" starttime="20210526 09:00:51.632" endtime="20210526 09:00:51.666"/>
</kw>
<kw name="Sleep" library="BuiltIn">
<arg>1s</arg>
<doc>Pauses the test executed for the given time.</doc>
<msg timestamp="20210526 09:00:52.680" level="INFO">Slept 1 second</msg>
<status status="PASS" starttime="20210526 09:00:51.666" endtime="20210526 09:00:52.680"/>
</kw>
<kw name="Click Element" library="RPA.Browser.Selenium">
<arg>id=order</arg>
<doc>Click the element identified by ``locator``.</doc>
<msg timestamp="20210526 09:00:52.681" level="INFO">Clicking element 'id=order'.</msg>
<status status="PASS" starttime="20210526 09:00:52.681" endtime="20210526 09:00:52.853"/>
</kw>
<kw name="Wait Until Element Is Visible" library="RPA.Browser.Selenium">
<arg>id=receipt</arg>
<doc>Waits until the element ``locator`` is visible.</doc>
<status status="PASS" starttime="20210526 09:00:52.854" endtime="20210526 09:00:52.917"/>
</kw>
<kw name="Get Element Attribute" library="RPA.Browser.Selenium">
<var>${receipt_html}</var>
<arg>id=receipt</arg>
<arg>outerHTML</arg>
<doc>Returns the value of ``attribute`` from the element ``locator``.</doc>
<msg timestamp="20210526 09:00:52.974" level="INFO">${receipt_html} = &lt;div id="receipt" class="alert alert-success" role="alert"&gt;&lt;h3&gt;Receipt&lt;/h3&gt;&lt;div&gt;2021-05-26T07:00:52.829Z&lt;/div&gt;&lt;p class="badge badge-success"&gt;RSB-ROBO-ORDER-3BOCLUFCNO&lt;/p&gt;&lt;p&gt;Address 2&lt;/p&gt;&lt;div id="parts...</msg>
<status status="PASS" starttime="20210526 09:00:52.917" endtime="20210526 09:00:52.974"/>
</kw>
<kw name="Html To Pdf" library="RPA.PDF">
<arg>${receipt_html}</arg>
<arg>${recibopdf}${fila}[Order number].pdf</arg>
<doc>Generate a PDF file from HTML content.</doc>
<msg timestamp="20210526 09:00:52.975" level="INFO">Writing output to file C:\ProgramData\Temp\rcd1f381\AppData\Local\Temp\39_3964_921430900_1\workarea60adf1f9\output\pdf\receipt5.pdf</msg>
<status status="PASS" starttime="20210526 09:00:52.975" endtime="20210526 09:00:52.991"/>
</kw>
<kw name="Wait Until Element Is Visible" library="RPA.Browser.Selenium">
<arg>id=robot-preview-image</arg>
<doc>Waits until the element ``locator`` is visible.</doc>
<status status="PASS" starttime="20210526 09:00:52.993" endtime="20210526 09:00:53.060"/>
</kw>
<kw name="Capture Element Screenshot" library="RPA.Browser.Selenium">
<var>${screenshot}</var>
<arg>id=robot-preview-image</arg>
<arg>${reciboimg}${fila}[Order number].png</arg>
<doc>Captures a screenshot from the element identified by ``locator`` and embeds it into log file.</doc>
<msg timestamp="20210526 09:00:53.357" level="INFO" html="true">&lt;/td&gt;&lt;/tr&gt;&lt;tr&gt;&lt;td colspan="3"&gt;&lt;a href="img/receipt5.png"&gt;&lt;img src="img/receipt5.png" width="400px"&gt;&lt;/a&gt;</msg>
<msg timestamp="20210526 09:00:53.358" level="INFO">${screenshot} = C:\ProgramData\Temp\rcd1f381\AppData\Local\Temp\39_3964_921430900_1\workarea60adf1f9\output\img\receipt5.png</msg>
<status status="PASS" starttime="20210526 09:00:53.064" endtime="20210526 09:00:53.358"/>
</kw>
<kw name="Open Pdf" library="RPA.PDF">
<arg>${recibopdf}${fila}[Order number].pdf</arg>
<doc>Open a PDF document for reading.</doc>
<status status="PASS" starttime="20210526 09:00:53.359" endtime="20210526 09:00:53.391"/>
</kw>
<kw name="Add Watermark Image To Pdf" library="RPA.PDF">
<arg>${screenshot}</arg>
<arg>${recibopdf}${fila}[Order number].pdf</arg>
<doc>Add image to PDF which can be new or existing PDF.</doc>
<status status="PASS" starttime="20210526 09:00:53.392" endtime="20210526 09:00:53.678"/>
</kw>
<kw name="Close All Pdfs" library="RPA.PDF">
<doc>Close all opened PDF file descriptors.</doc>
<msg timestamp="20210526 09:00:53.679" level="INFO">Closing PDF document: C:\ProgramData\Temp\rcd1f381\AppData\Local\Temp\39_3964_921430900_1\workarea60adf1f9\output\pdf\receipt5.pdf</msg>
<status status="PASS" starttime="20210526 09:00:53.678" endtime="20210526 09:00:53.679"/>
</kw>
<status status="PASS" starttime="20210526 09:00:51.630" endtime="20210526 09:00:53.679"/>
</kw>
<status status="PASS" starttime="20210526 09:00:51.628" endtime="20210526 09:00:53.679"/>
</kw>
<kw name="Another one">
<kw name="Click Button" library="RPA.Browser.Selenium">
<arg>id=order-another</arg>
<doc>Clicks the button identified by ``locator``.</doc>
<msg timestamp="20210526 09:00:53.683" level="INFO">Clicking button 'id=order-another'.</msg>
<status status="PASS" starttime="20210526 09:00:53.683" endtime="20210526 09:00:54.196"/>
</kw>
<kw name="Wait Until Element Contains" library="RPA.Browser.Selenium">
<arg>class=modal-body</arg>
<arg>${text}</arg>
<doc>Waits until the element ``locator`` contains ``text``.</doc>
<status status="PASS" starttime="20210526 09:00:54.197" endtime="20210526 09:00:54.299"/>
</kw>
<kw name="Handle Modal">
<kw name="Click Button" library="RPA.Browser.Selenium">
<arg>OK</arg>
<doc>Clicks the button identified by ``locator``.</doc>
<msg timestamp="20210526 09:00:54.303" level="INFO">Clicking button 'OK'.</msg>
<status status="PASS" starttime="20210526 09:00:54.301" endtime="20210526 09:00:54.492"/>
</kw>
<status status="PASS" starttime="20210526 09:00:54.300" endtime="20210526 09:00:54.494"/>
</kw>
<status status="PASS" starttime="20210526 09:00:53.679" endtime="20210526 09:00:54.495"/>
</kw>
<status status="PASS" starttime="20210526 09:00:50.416" endtime="20210526 09:00:54.495"/>
</iter>
<iter>
<var name="${fila}">{'Order number': '6', 'Head': '1', 'Body': '6', 'Legs': '6', 'Address': 'Address 3'}</var>
<kw name="Wait Until Keyword Succeeds" library="BuiltIn">
<arg>${GLOBAL_RETRY_AMOUNT}</arg>
<arg>${GLOBAL_RETRY_INTERVAL}</arg>
<arg>Fill Form</arg>
<arg>${fila}</arg>
<doc>Runs the specified keyword and retries if it fails.</doc>
<kw name="Fill Form">
<arg>${fila}</arg>
<kw name="Wait Until Element Contains" library="RPA.Browser.Selenium">
<arg>class=form-group</arg>
<arg>1.</arg>
<doc>Waits until the element ``locator`` contains ``text``.</doc>
<status status="PASS" starttime="20210526 09:00:54.502" endtime="20210526 09:00:54.586"/>
</kw>
<kw name="Convert To Integer" library="BuiltIn">
<var>${numhead}</var>
<arg>${fila}[Head]</arg>
<doc>Converts the given item to an integer number.</doc>
<msg timestamp="20210526 09:00:54.589" level="INFO">${numhead} = 1</msg>
<status status="PASS" starttime="20210526 09:00:54.586" endtime="20210526 09:00:54.590"/>
</kw>
<kw name="Click Element" library="RPA.Browser.Selenium">
<arg>xpath=${path}/option[${numhead + 1}]</arg>
<doc>Click the element identified by ``locator``.</doc>
<msg timestamp="20210526 09:00:54.595" level="INFO">Clicking element 'xpath=/html[1]/body[1]/div[1]/div[1]/div[1]/div[1]/div[1]/form[1]/div[1]/select[1]/option[2]'.</msg>
<status status="PASS" starttime="20210526 09:00:54.590" endtime="20210526 09:00:54.717"/>
</kw>
<kw name="Click Element" library="RPA.Browser.Selenium">
<arg>id=id-body-${fila}[Body]</arg>
<doc>Click the element identified by ``locator``.</doc>
<msg timestamp="20210526 09:00:54.722" level="INFO">Clicking element 'id=id-body-6'.</msg>
<status status="PASS" starttime="20210526 09:00:54.719" endtime="20210526 09:00:54.917"/>
</kw>
<kw name="Input Text" library="RPA.Browser.Selenium">
<arg>class=form-control</arg>
<arg>${fila}[Legs]</arg>
<doc>Types the given ``text`` into the text field identified by ``locator``.</doc>
<msg timestamp="20210526 09:00:54.920" level="INFO">Typing text '6' into text field 'class=form-control'.</msg>
<status status="PASS" starttime="20210526 09:00:54.918" endtime="20210526 09:00:55.096"/>
</kw>
<kw name="Input Text" library="RPA.Browser.Selenium">
<arg>id=address</arg>
<arg>${fila}[Address]</arg>
<doc>Types the given ``text`` into the text field identified by ``locator``.</doc>
<msg timestamp="20210526 09:00:55.098" level="INFO">Typing text 'Address 3' into text field 'id=address'.</msg>
<status status="PASS" starttime="20210526 09:00:55.097" endtime="20210526 09:00:55.298"/>
</kw>
<kw name="Click Button" library="RPA.Browser.Selenium">
<arg>Preview</arg>
<doc>Clicks the button identified by ``locator``.</doc>
<msg timestamp="20210526 09:00:55.300" level="INFO">Clicking button 'Preview'.</msg>
<status status="PASS" starttime="20210526 09:00:55.299" endtime="20210526 09:00:55.412"/>
</kw>
<status status="PASS" starttime="20210526 09:00:54.499" endtime="20210526 09:00:55.412"/>
</kw>
<status status="PASS" starttime="20210526 09:00:54.495" endtime="20210526 09:00:55.412"/>
</kw>
<kw name="Wait Until Keyword Succeeds" library="BuiltIn">
<arg>${GLOBAL_RETRY_AMOUNT}</arg>
<arg>${GLOBAL_RETRY_INTERVAL}</arg>
<arg>PDF</arg>
<arg>${fila}</arg>
<doc>Runs the specified keyword and retries if it fails.</doc>
<kw name="PDF">
<arg>${fila}</arg>
<kw name="Log" library="BuiltIn">
<arg>${fila}</arg>
<doc>Logs the given message with the given level.</doc>
<msg timestamp="20210526 09:00:55.417" level="INFO">{'Order number': '6', 'Head': '1', 'Body': '6', 'Legs': '6', 'Address': 'Address 3'}</msg>
<status status="PASS" starttime="20210526 09:00:55.416" endtime="20210526 09:00:55.418"/>
</kw>
<kw name="Wait Until Element Is Visible" library="RPA.Browser.Selenium">
<arg>id=order</arg>
<doc>Waits until the element ``locator`` is visible.</doc>
<status status="PASS" starttime="20210526 09:00:55.418" endtime="20210526 09:00:55.455"/>
</kw>
<kw name="Sleep" library="BuiltIn">
<arg>1s</arg>
<doc>Pauses the test executed for the given time.</doc>
<msg timestamp="20210526 09:00:56.457" level="INFO">Slept 1 second</msg>
<status status="PASS" starttime="20210526 09:00:55.455" endtime="20210526 09:00:56.457"/>
</kw>
<kw name="Click Element" library="RPA.Browser.Selenium">
<arg>id=order</arg>
<doc>Click the element identified by ``locator``.</doc>
<msg timestamp="20210526 09:00:56.461" level="INFO">Clicking element 'id=order'.</msg>
<status status="PASS" starttime="20210526 09:00:56.458" endtime="20210526 09:00:56.630"/>
</kw>
<kw name="Wait Until Element Is Visible" library="RPA.Browser.Selenium">
<arg>id=receipt</arg>
<doc>Waits until the element ``locator`` is visible.</doc>
<kw name="Capture Page Screenshot" library="RPA.Browser.Selenium">
<doc>Takes a screenshot of the current page and embeds it into a log file.</doc>
<msg timestamp="20210526 09:01:02.131" level="INFO" html="true">&lt;/td&gt;&lt;/tr&gt;&lt;tr&gt;&lt;td colspan="3"&gt;&lt;a href="screenshots/selenium-screenshot-3.png"&gt;&lt;img src="screenshots/selenium-screenshot-3.png" width="800px"&gt;&lt;/a&gt;</msg>
<status status="PASS" starttime="20210526 09:01:01.800" endtime="20210526 09:01:02.131"/>
</kw>
<msg timestamp="20210526 09:01:02.134" level="FAIL">Element 'id=receipt' not visible after 5 seconds.</msg>
<status status="FAIL" starttime="20210526 09:00:56.631" endtime="20210526 09:01:02.134"/>
</kw>
<kw name="Get Element Attribute" library="RPA.Browser.Selenium">
<var>${receipt_html}</var>
<arg>id=receipt</arg>
<arg>outerHTML</arg>
<doc>Returns the value of ``attribute`` from the element ``locator``.</doc>
<status status="NOT RUN" starttime="20210526 09:01:02.134" endtime="20210526 09:01:02.134"/>
</kw>
<kw name="Html To Pdf" library="RPA.PDF">
<arg>${receipt_html}</arg>
<arg>${recibopdf}${fila}[Order number].pdf</arg>
<doc>Generate a PDF file from HTML content.</doc>
<status status="NOT RUN" starttime="20210526 09:01:02.134" endtime="20210526 09:01:02.134"/>
</kw>
<kw name="Wait Until Element Is Visible" library="RPA.Browser.Selenium">
<arg>id=robot-preview-image</arg>
<doc>Waits until the element ``locator`` is visible.</doc>
<status status="NOT RUN" starttime="20210526 09:01:02.134" endtime="20210526 09:01:02.134"/>
</kw>
<kw name="Capture Element Screenshot" library="RPA.Browser.Selenium">
<var>${screenshot}</var>
<arg>id=robot-preview-image</arg>
<arg>${reciboimg}${fila}[Order number].png</arg>
<doc>Captures a screenshot from the element identified by ``locator`` and embeds it into log file.</doc>
<status status="NOT RUN" starttime="20210526 09:01:02.134" endtime="20210526 09:01:02.134"/>
</kw>
<kw name="Open Pdf" library="RPA.PDF">
<arg>${recibopdf}${fila}[Order number].pdf</arg>
<doc>Open a PDF document for reading.</doc>
<status status="NOT RUN" starttime="20210526 09:01:02.134" endtime="20210526 09:01:02.134"/>
</kw>
<kw name="Add Watermark Image To Pdf" library="RPA.PDF">
<arg>${screenshot}</arg>
<arg>${recibopdf}${fila}[Order number].pdf</arg>
<doc>Add image to PDF which can be new or existing PDF.</doc>
<status status="NOT RUN" starttime="20210526 09:01:02.134" endtime="20210526 09:01:02.134"/>
</kw>
<kw name="Close All Pdfs" library="RPA.PDF">
<doc>Close all opened PDF file descriptors.</doc>
<status status="NOT RUN" starttime="20210526 09:01:02.134" endtime="20210526 09:01:02.134"/>
</kw>
<status status="FAIL" starttime="20210526 09:00:55.414" endtime="20210526 09:01:02.134"/>
</kw>
<kw name="PDF">
<arg>${fila}</arg>
<kw name="Log" library="BuiltIn">
<arg>${fila}</arg>
<doc>Logs the given message with the given level.</doc>
<msg timestamp="20210526 09:01:05.146" level="INFO">{'Order number': '6', 'Head': '1', 'Body': '6', 'Legs': '6', 'Address': 'Address 3'}</msg>
<status status="PASS" starttime="20210526 09:01:05.144" endtime="20210526 09:01:05.147"/>
</kw>
<kw name="Wait Until Element Is Visible" library="RPA.Browser.Selenium">
<arg>id=order</arg>
<doc>Waits until the element ``locator`` is visible.</doc>
<status status="PASS" starttime="20210526 09:01:05.148" endtime="20210526 09:01:05.208"/>
</kw>
<kw name="Sleep" library="BuiltIn">
<arg>1s</arg>
<doc>Pauses the test executed for the given time.</doc>
<msg timestamp="20210526 09:01:06.220" level="INFO">Slept 1 second</msg>
<status status="PASS" starttime="20210526 09:01:05.209" endtime="20210526 09:01:06.221"/>
</kw>
<kw name="Click Element" library="RPA.Browser.Selenium">
<arg>id=order</arg>
<doc>Click the element identified by ``locator``.</doc>
<msg timestamp="20210526 09:01:06.223" level="INFO">Clicking element 'id=order'.</msg>
<status status="PASS" starttime="20210526 09:01:06.222" endtime="20210526 09:01:06.353"/>
</kw>
<kw name="Wait Until Element Is Visible" library="RPA.Browser.Selenium">
<arg>id=receipt</arg>
<doc>Waits until the element ``locator`` is visible.</doc>
<status status="PASS" starttime="20210526 09:01:06.355" endtime="20210526 09:01:06.431"/>
</kw>
<kw name="Get Element Attribute" library="RPA.Browser.Selenium">
<var>${receipt_html}</var>
<arg>id=receipt</arg>
<arg>outerHTML</arg>
<doc>Returns the value of ``attribute`` from the element ``locator``.</doc>
<msg timestamp="20210526 09:01:06.492" level="INFO">${receipt_html} = &lt;div id="receipt" class="alert alert-success" role="alert"&gt;&lt;h3&gt;Receipt&lt;/h3&gt;&lt;div&gt;2021-05-26T07:01:06.329Z&lt;/div&gt;&lt;p class="badge badge-success"&gt;RSB-ROBO-ORDER-GUXEGM41P&lt;/p&gt;&lt;p&gt;Address 3&lt;/p&gt;&lt;div id="parts"...</msg>
<status status="PASS" starttime="20210526 09:01:06.431" endtime="20210526 09:01:06.493"/>
</kw>
<kw name="Html To Pdf" library="RPA.PDF">
<arg>${receipt_html}</arg>
<arg>${recibopdf}${fila}[Order number].pdf</arg>
<doc>Generate a PDF file from HTML content.</doc>
<msg timestamp="20210526 09:01:06.495" level="INFO">Writing output to file C:\ProgramData\Temp\rcd1f381\AppData\Local\Temp\39_3964_921430900_1\workarea60adf1f9\output\pdf\receipt6.pdf</msg>
<status status="PASS" starttime="20210526 09:01:06.494" endtime="20210526 09:01:06.512"/>
</kw>
<kw name="Wait Until Element Is Visible" library="RPA.Browser.Selenium">
<arg>id=robot-preview-image</arg>
<doc>Waits until the element ``locator`` is visible.</doc>
<status status="PASS" starttime="20210526 09:01:06.513" endtime="20210526 09:01:06.582"/>
</kw>
<kw name="Capture Element Screenshot" library="RPA.Browser.Selenium">
<var>${screenshot}</var>
<arg>id=robot-preview-image</arg>
<arg>${reciboimg}${fila}[Order number].png</arg>
<doc>Captures a screenshot from the element identified by ``locator`` and embeds it into log file.</doc>
<msg timestamp="20210526 09:01:06.799" level="INFO" html="true">&lt;/td&gt;&lt;/tr&gt;&lt;tr&gt;&lt;td colspan="3"&gt;&lt;a href="img/receipt6.png"&gt;&lt;img src="img/receipt6.png" width="400px"&gt;&lt;/a&gt;</msg>
<msg timestamp="20210526 09:01:06.799" level="INFO">${screenshot} = C:\ProgramData\Temp\rcd1f381\AppData\Local\Temp\39_3964_921430900_1\workarea60adf1f9\output\img\receipt6.png</msg>
<status status="PASS" starttime="20210526 09:01:06.582" endtime="20210526 09:01:06.799"/>
</kw>
<kw name="Open Pdf" library="RPA.PDF">
<arg>${recibopdf}${fila}[Order number].pdf</arg>
<doc>Open a PDF document for reading.</doc>
<status status="PASS" starttime="20210526 09:01:06.800" endtime="20210526 09:01:06.824"/>
</kw>
<kw name="Add Watermark Image To Pdf" library="RPA.PDF">
<arg>${screenshot}</arg>
<arg>${recibopdf}${fila}[Order number].pdf</arg>
<doc>Add image to PDF which can be new or existing PDF.</doc>
<status status="PASS" starttime="20210526 09:01:06.825" endtime="20210526 09:01:06.917"/>
</kw>
<kw name="Close All Pdfs" library="RPA.PDF">
<doc>Close all opened PDF file descriptors.</doc>
<msg timestamp="20210526 09:01:06.921" level="INFO">Closing PDF document: C:\ProgramData\Temp\rcd1f381\AppData\Local\Temp\39_3964_921430900_1\workarea60adf1f9\output\pdf\receipt6.pdf</msg>
<status status="PASS" starttime="20210526 09:01:06.921" endtime="20210526 09:01:06.921"/>
</kw>
<status status="PASS" starttime="20210526 09:01:05.140" endtime="20210526 09:01:06.921"/>
</kw>
<status status="PASS" starttime="20210526 09:00:55.413" endtime="20210526 09:01:06.921"/>
</kw>
<kw name="Another one">
<kw name="Click Button" library="RPA.Browser.Selenium">
<arg>id=order-another</arg>
<doc>Clicks the button identified by ``locator``.</doc>
<msg timestamp="20210526 09:01:06.924" level="INFO">Clicking button 'id=order-another'.</msg>
<status status="PASS" starttime="20210526 09:01:06.923" endtime="20210526 09:01:07.318"/>
</kw>
<kw name="Wait Until Element Contains" library="RPA.Browser.Selenium">
<arg>class=modal-body</arg>
<arg>${text}</arg>
<doc>Waits until the element ``locator`` contains ``text``.</doc>
<status status="PASS" starttime="20210526 09:01:07.319" endtime="20210526 09:01:07.378"/>
</kw>
<kw name="Handle Modal">
<kw name="Click Button" library="RPA.Browser.Selenium">
<arg>OK</arg>
<doc>Clicks the button identified by ``locator``.</doc>
<msg timestamp="20210526 09:01:07.380" level="INFO">Clicking button 'OK'.</msg>
<status status="PASS" starttime="20210526 09:01:07.379" endtime="20210526 09:01:07.462"/>
</kw>
<status status="PASS" starttime="20210526 09:01:07.378" endtime="20210526 09:01:07.463"/>
</kw>
<status status="PASS" starttime="20210526 09:01:06.921" endtime="20210526 09:01:07.463"/>
</kw>
<status status="PASS" starttime="20210526 09:00:54.495" endtime="20210526 09:01:07.463"/>
</iter>
<iter>
<var name="${fila}">{'Order number': '7', 'Head': '5', 'Body': '1', 'Legs': '5', 'Address': 'Address 4'}</var>
<kw name="Wait Until Keyword Succeeds" library="BuiltIn">
<arg>${GLOBAL_RETRY_AMOUNT}</arg>
<arg>${GLOBAL_RETRY_INTERVAL}</arg>
<arg>Fill Form</arg>
<arg>${fila}</arg>
<doc>Runs the specified keyword and retries if it fails.</doc>
<kw name="Fill Form">
<arg>${fila}</arg>
<kw name="Wait Until Element Contains" library="RPA.Browser.Selenium">
<arg>class=form-group</arg>
<arg>1.</arg>
<doc>Waits until the element ``locator`` contains ``text``.</doc>
<status status="PASS" starttime="20210526 09:01:07.465" endtime="20210526 09:01:07.504"/>
</kw>
<kw name="Convert To Integer" library="BuiltIn">
<var>${numhead}</var>
<arg>${fila}[Head]</arg>
<doc>Converts the given item to an integer number.</doc>
<msg timestamp="20210526 09:01:07.507" level="INFO">${numhead} = 5</msg>
<status status="PASS" starttime="20210526 09:01:07.505" endtime="20210526 09:01:07.507"/>
</kw>
<kw name="Click Element" library="RPA.Browser.Selenium">
<arg>xpath=${path}/option[${numhead + 1}]</arg>
<doc>Click the element identified by ``locator``.</doc>
<msg timestamp="20210526 09:01:07.511" level="INFO">Clicking element 'xpath=/html[1]/body[1]/div[1]/div[1]/div[1]/div[1]/div[1]/form[1]/div[1]/select[1]/option[6]'.</msg>
<status status="PASS" starttime="20210526 09:01:07.508" endtime="20210526 09:01:07.583"/>
</kw>
<kw name="Click Element" library="RPA.Browser.Selenium">
<arg>id=id-body-${fila}[Body]</arg>
<doc>Click the element identified by ``locator``.</doc>
<msg timestamp="20210526 09:01:07.584" level="INFO">Clicking element 'id=id-body-1'.</msg>
<status status="PASS" starttime="20210526 09:01:07.584" endtime="20210526 09:01:07.695"/>
</kw>
<kw name="Input Text" library="RPA.Browser.Selenium">
<arg>class=form-control</arg>
<arg>${fila}[Legs]</arg>
<doc>Types the given ``text`` into the text field identified by ``locator``.</doc>
<msg timestamp="20210526 09:01:07.696" level="INFO">Typing text '5' into text field 'class=form-control'.</msg>
<status status="PASS" starttime="20210526 09:01:07.695" endtime="20210526 09:01:07.859"/>
</kw>
<kw name="Input Text" library="RPA.Browser.Selenium">
<arg>id=address</arg>
<arg>${fila}[Address]</arg>
<doc>Types the given ``text`` into the text field identified by ``locator``.</doc>
<msg timestamp="20210526 09:01:07.862" level="INFO">Typing text 'Address 4' into text field 'id=address'.</msg>
<status status="PASS" starttime="20210526 09:01:07.860" endtime="20210526 09:01:08.048"/>
</kw>
<kw name="Click Button" library="RPA.Browser.Selenium">
<arg>Preview</arg>
<doc>Clicks the button identified by ``locator``.</doc>
<msg timestamp="20210526 09:01:08.048" level="INFO">Clicking button 'Preview'.</msg>
<status status="PASS" starttime="20210526 09:01:08.048" endtime="20210526 09:01:08.230"/>
</kw>
<status status="PASS" starttime="20210526 09:01:07.465" endtime="20210526 09:01:08.232"/>
</kw>
<status status="PASS" starttime="20210526 09:01:07.464" endtime="20210526 09:01:08.232"/>
</kw>
<kw name="Wait Until Keyword Succeeds" library="BuiltIn">
<arg>${GLOBAL_RETRY_AMOUNT}</arg>
<arg>${GLOBAL_RETRY_INTERVAL}</arg>
<arg>PDF</arg>
<arg>${fila}</arg>
<doc>Runs the specified keyword and retries if it fails.</doc>
<kw name="PDF">
<arg>${fila}</arg>
<kw name="Log" library="BuiltIn">
<arg>${fila}</arg>
<doc>Logs the given message with the given level.</doc>
<msg timestamp="20210526 09:01:08.240" level="INFO">{'Order number': '7', 'Head': '5', 'Body': '1', 'Legs': '5', 'Address': 'Address 4'}</msg>
<status status="PASS" starttime="20210526 09:01:08.239" endtime="20210526 09:01:08.241"/>
</kw>
<kw name="Wait Until Element Is Visible" library="RPA.Browser.Selenium">
<arg>id=order</arg>
<doc>Waits until the element ``locator`` is visible.</doc>
<status status="PASS" starttime="20210526 09:01:08.242" endtime="20210526 09:01:08.307"/>
</kw>
<kw name="Sleep" library="BuiltIn">
<arg>1s</arg>
<doc>Pauses the test executed for the given time.</doc>
<msg timestamp="20210526 09:01:09.318" level="INFO">Slept 1 second</msg>
<status status="PASS" starttime="20210526 09:01:08.308" endtime="20210526 09:01:09.318"/>
</kw>
<kw name="Click Element" library="RPA.Browser.Selenium">
<arg>id=order</arg>
<doc>Click the element identified by ``locator``.</doc>
<msg timestamp="20210526 09:01:09.318" level="INFO">Clicking element 'id=order'.</msg>
<status status="PASS" starttime="20210526 09:01:09.318" endtime="20210526 09:01:09.482"/>
</kw>
<kw name="Wait Until Element Is Visible" library="RPA.Browser.Selenium">
<arg>id=receipt</arg>
<doc>Waits until the element ``locator`` is visible.</doc>
<kw name="Capture Page Screenshot" library="RPA.Browser.Selenium">
<doc>Takes a screenshot of the current page and embeds it into a log file.</doc>
<msg timestamp="20210526 09:01:14.975" level="INFO" html="true">&lt;/td&gt;&lt;/tr&gt;&lt;tr&gt;&lt;td colspan="3"&gt;&lt;a href="screenshots/selenium-screenshot-4.png"&gt;&lt;img src="screenshots/selenium-screenshot-4.png" width="800px"&gt;&lt;/a&gt;</msg>
<status status="PASS" starttime="20210526 09:01:14.500" endtime="20210526 09:01:14.976"/>
</kw>
<msg timestamp="20210526 09:01:14.977" level="FAIL">Element 'id=receipt' not visible after 5 seconds.</msg>
<status status="FAIL" starttime="20210526 09:01:09.484" endtime="20210526 09:01:14.978"/>
</kw>
<kw name="Get Element Attribute" library="RPA.Browser.Selenium">
<var>${receipt_html}</var>
<arg>id=receipt</arg>
<arg>outerHTML</arg>
<doc>Returns the value of ``attribute`` from the element ``locator``.</doc>
<status status="NOT RUN" starttime="20210526 09:01:14.978" endtime="20210526 09:01:14.979"/>
</kw>
<kw name="Html To Pdf" library="RPA.PDF">
<arg>${receipt_html}</arg>
<arg>${recibopdf}${fila}[Order number].pdf</arg>
<doc>Generate a PDF file from HTML content.</doc>
<status status="NOT RUN" starttime="20210526 09:01:14.979" endtime="20210526 09:01:14.979"/>
</kw>
<kw name="Wait Until Element Is Visible" library="RPA.Browser.Selenium">
<arg>id=robot-preview-image</arg>
<doc>Waits until the element ``locator`` is visible.</doc>
<status status="NOT RUN" starttime="20210526 09:01:14.980" endtime="20210526 09:01:14.980"/>
</kw>
[...]
</kw>
<status status="PASS" starttime="20210526 09:02:37.174" endtime="20210526 09:02:37.600"/>
</kw>
<status status="PASS" starttime="20210526 09:02:34.087" endtime="20210526 09:02:37.600"/>
</iter>
<iter>
<var name="${fila}">{'Order number': '19', 'Head': '4', 'Body': '6', 'Legs': '2', 'Address': 'Address G'}</var>
<kw name="Wait Until Keyword Succeeds" library="BuiltIn">
<arg>${GLOBAL_RETRY_AMOUNT}</arg>
<arg>${GLOBAL_RETRY_INTERVAL}</arg>
<arg>Fill Form</arg>
<arg>${fila}</arg>
<doc>Runs the specified keyword and retries if it fails.</doc>
<kw name="Fill Form">
<arg>${fila}</arg>
<kw name="Wait Until Element Contains" library="RPA.Browser.Selenium">
<arg>class=form-group</arg>
<arg>1.</arg>
<doc>Waits until the element ``locator`` contains ``text``.</doc>
<status status="PASS" starttime="20210526 09:02:37.604" endtime="20210526 09:02:37.665"/>
</kw>
<kw name="Convert To Integer" library="BuiltIn">
<var>${numhead}</var>
<arg>${fila}[Head]</arg>
<doc>Converts the given item to an integer number.</doc>
<msg timestamp="20210526 09:02:37.669" level="INFO">${numhead} = 4</msg>
<status status="PASS" starttime="20210526 09:02:37.665" endtime="20210526 09:02:37.669"/>
</kw>
<kw name="Click Element" library="RPA.Browser.Selenium">
<arg>xpath=${path}/option[${numhead + 1}]</arg>
<doc>Click the element identified by ``locator``.</doc>
<msg timestamp="20210526 09:02:37.677" level="INFO">Clicking element 'xpath=/html[1]/body[1]/div[1]/div[1]/div[1]/div[1]/div[1]/form[1]/div[1]/select[1]/option[5]'.</msg>
<status status="PASS" starttime="20210526 09:02:37.670" endtime="20210526 09:02:37.808"/>
</kw>
<kw name="Click Element" library="RPA.Browser.Selenium">
<arg>id=id-body-${fila}[Body]</arg>
<doc>Click the element identified by ``locator``.</doc>
<msg timestamp="20210526 09:02:37.812" level="INFO">Clicking element 'id=id-body-6'.</msg>
<status status="PASS" starttime="20210526 09:02:37.809" endtime="20210526 09:02:38.001"/>
</kw>
<kw name="Input Text" library="RPA.Browser.Selenium">
<arg>class=form-control</arg>
<arg>${fila}[Legs]</arg>
<doc>Types the given ``text`` into the text field identified by ``locator``.</doc>
<msg timestamp="20210526 09:02:38.003" level="INFO">Typing text '2' into text field 'class=form-control'.</msg>
<status status="PASS" starttime="20210526 09:02:38.001" endtime="20210526 09:02:38.313"/>
</kw>
<kw name="Input Text" library="RPA.Browser.Selenium">
<arg>id=address</arg>
<arg>${fila}[Address]</arg>
<doc>Types the given ``text`` into the text field identified by ``locator``.</doc>
<msg timestamp="20210526 09:02:38.316" level="INFO">Typing text 'Address G' into text field 'id=address'.</msg>
<status status="PASS" starttime="20210526 09:02:38.314" endtime="20210526 09:02:38.648"/>
</kw>
<kw name="Click Button" library="RPA.Browser.Selenium">
<arg>Preview</arg>
<doc>Clicks the button identified by ``locator``.</doc>
<msg timestamp="20210526 09:02:38.649" level="INFO">Clicking button 'Preview'.</msg>
<status status="PASS" starttime="20210526 09:02:38.649" endtime="20210526 09:02:38.897"/>
</kw>
<status status="PASS" starttime="20210526 09:02:37.602" endtime="20210526 09:02:38.898"/>
</kw>
<status status="PASS" starttime="20210526 09:02:37.601" endtime="20210526 09:02:38.898"/>
</kw>
<kw name="Wait Until Keyword Succeeds" library="BuiltIn">
<arg>${GLOBAL_RETRY_AMOUNT}</arg>
<arg>${GLOBAL_RETRY_INTERVAL}</arg>
<arg>PDF</arg>
<arg>${fila}</arg>
<doc>Runs the specified keyword and retries if it fails.</doc>
<kw name="PDF">
<arg>${fila}</arg>
<kw name="Log" library="BuiltIn">
<arg>${fila}</arg>
<doc>Logs the given message with the given level.</doc>
<msg timestamp="20210526 09:02:38.908" level="INFO">{'Order number': '19', 'Head': '4', 'Body': '6', 'Legs': '2', 'Address': 'Address G'}</msg>
<status status="PASS" starttime="20210526 09:02:38.905" endtime="20210526 09:02:38.908"/>
</kw>
<kw name="Wait Until Element Is Visible" library="RPA.Browser.Selenium">
<arg>id=order</arg>
<doc>Waits until the element ``locator`` is visible.</doc>
<status status="PASS" starttime="20210526 09:02:38.909" endtime="20210526 09:02:38.993"/>
</kw>
<kw name="Sleep" library="BuiltIn">
<arg>1s</arg>
<doc>Pauses the test executed for the given time.</doc>
<msg timestamp="20210526 09:02:40.008" level="INFO">Slept 1 second</msg>
<status status="PASS" starttime="20210526 09:02:38.994" endtime="20210526 09:02:40.008"/>
</kw>
<kw name="Click Element" library="RPA.Browser.Selenium">
<arg>id=order</arg>
<doc>Click the element identified by ``locator``.</doc>
<msg timestamp="20210526 09:02:40.012" level="INFO">Clicking element 'id=order'.</msg>
<status status="PASS" starttime="20210526 09:02:40.008" endtime="20210526 09:02:40.176"/>
</kw>
<kw name="Wait Until Element Is Visible" library="RPA.Browser.Selenium">
<arg>id=receipt</arg>
<doc>Waits until the element ``locator`` is visible.</doc>
<status status="PASS" starttime="20210526 09:02:40.176" endtime="20210526 09:02:40.254"/>
</kw>
<kw name="Get Element Attribute" library="RPA.Browser.Selenium">
<var>${receipt_html}</var>
<arg>id=receipt</arg>
<arg>outerHTML</arg>
<doc>Returns the value of ``attribute`` from the element ``locator``.</doc>
<msg timestamp="20210526 09:02:40.303" level="INFO">${receipt_html} = &lt;div id="receipt" class="alert alert-success" role="alert"&gt;&lt;h3&gt;Receipt&lt;/h3&gt;&lt;div&gt;2021-05-26T07:02:40.149Z&lt;/div&gt;&lt;p class="badge badge-success"&gt;RSB-ROBO-ORDER-RZS4NRHE4&lt;/p&gt;&lt;p&gt;Address G&lt;/p&gt;&lt;div id="parts"...</msg>
<status status="PASS" starttime="20210526 09:02:40.255" endtime="20210526 09:02:40.303"/>
</kw>
<kw name="Html To Pdf" library="RPA.PDF">
<arg>${receipt_html}</arg>
<arg>${recibopdf}${fila}[Order number].pdf</arg>
<doc>Generate a PDF file from HTML content.</doc>
<msg timestamp="20210526 09:02:40.307" level="INFO">Writing output to file C:\ProgramData\Temp\rcd1f381\AppData\Local\Temp\39_3964_921430900_1\workarea60adf1f9\output\pdf\receipt19.pdf</msg>
<status status="PASS" starttime="20210526 09:02:40.303" endtime="20210526 09:02:40.324"/>
</kw>
<kw name="Wait Until Element Is Visible" library="RPA.Browser.Selenium">
<arg>id=robot-preview-image</arg>
<doc>Waits until the element ``locator`` is visible.</doc>
<status status="PASS" starttime="20210526 09:02:40.325" endtime="20210526 09:02:40.392"/>
</kw>
<kw name="Capture Element Screenshot" library="RPA.Browser.Selenium">
<var>${screenshot}</var>
<arg>id=robot-preview-image</arg>
<arg>${reciboimg}${fila}[Order number].png</arg>
<doc>Captures a screenshot from the element identified by ``locator`` and embeds it into log file.</doc>
<msg timestamp="20210526 09:02:40.682" level="INFO" html="true">&lt;/td&gt;&lt;/tr&gt;&lt;tr&gt;&lt;td colspan="3"&gt;&lt;a href="img/receipt19.png"&gt;&lt;img src="img/receipt19.png" width="400px"&gt;&lt;/a&gt;</msg>
<msg timestamp="20210526 09:02:40.682" level="INFO">${screenshot} = C:\ProgramData\Temp\rcd1f381\AppData\Local\Temp\39_3964_921430900_1\workarea60adf1f9\output\img\receipt19.png</msg>
<status status="PASS" starttime="20210526 09:02:40.393" endtime="20210526 09:02:40.682"/>
</kw>
<kw name="Open Pdf" library="RPA.PDF">
<arg>${recibopdf}${fila}[Order number].pdf</arg>
<doc>Open a PDF document for reading.</doc>
<status status="PASS" starttime="20210526 09:02:40.686" endtime="20210526 09:02:40.720"/>
</kw>
<kw name="Add Watermark Image To Pdf" library="RPA.PDF">
<arg>${screenshot}</arg>
<arg>${recibopdf}${fila}[Order number].pdf</arg>
<doc>Add image to PDF which can be new or existing PDF.</doc>
<status status="PASS" starttime="20210526 09:02:40.720" endtime="20210526 09:02:40.879"/>
</kw>
<kw name="Close All Pdfs" library="RPA.PDF">
<doc>Close all opened PDF file descriptors.</doc>
<msg timestamp="20210526 09:02:40.879" level="INFO">Closing PDF document: C:\ProgramData\Temp\rcd1f381\AppData\Local\Temp\39_3964_921430900_1\workarea60adf1f9\output\pdf\receipt19.pdf</msg>
<status status="PASS" starttime="20210526 09:02:40.879" endtime="20210526 09:02:40.879"/>
</kw>
<status status="PASS" starttime="20210526 09:02:38.903" endtime="20210526 09:02:40.879"/>
</kw>
<status status="PASS" starttime="20210526 09:02:38.899" endtime="20210526 09:02:40.879"/>
</kw>
<kw name="Another one">
<kw name="Click Button" library="RPA.Browser.Selenium">
<arg>id=order-another</arg>
<doc>Clicks the button identified by ``locator``.</doc>
<msg timestamp="20210526 09:02:40.879" level="INFO">Clicking button 'id=order-another'.</msg>
<status status="PASS" starttime="20210526 09:02:40.879" endtime="20210526 09:02:41.129"/>
</kw>
<kw name="Wait Until Element Contains" library="RPA.Browser.Selenium">
<arg>class=modal-body</arg>
<arg>${text}</arg>
<doc>Waits until the element ``locator`` contains ``text``.</doc>
<status status="PASS" starttime="20210526 09:02:41.130" endtime="20210526 09:02:41.177"/>
</kw>
<kw name="Handle Modal">
<kw name="Click Button" library="RPA.Browser.Selenium">
<arg>OK</arg>
<doc>Clicks the button identified by ``locator``.</doc>
<msg timestamp="20210526 09:02:41.178" level="INFO">Clicking button 'OK'.</msg>
<status status="PASS" starttime="20210526 09:02:41.178" endtime="20210526 09:02:41.368"/>
</kw>
<status status="PASS" starttime="20210526 09:02:41.177" endtime="20210526 09:02:41.369"/>
</kw>
<status status="PASS" starttime="20210526 09:02:40.879" endtime="20210526 09:02:41.370"/>
</kw>
<status status="PASS" starttime="20210526 09:02:37.601" endtime="20210526 09:02:41.371"/>
</iter>
<iter>
<var name="${fila}">{'Order number': '20', 'Head': '1', 'Body': '1', 'Legs': '5', 'Address': 'Address H'}</var>
<kw name="Wait Until Keyword Succeeds" library="BuiltIn">
<arg>${GLOBAL_RETRY_AMOUNT}</arg>
<arg>${GLOBAL_RETRY_INTERVAL}</arg>
<arg>Fill Form</arg>
<arg>${fila}</arg>
<doc>Runs the specified keyword and retries if it fails.</doc>
<kw name="Fill Form">
<arg>${fila}</arg>
<kw name="Wait Until Element Contains" library="RPA.Browser.Selenium">
<arg>class=form-group</arg>
<arg>1.</arg>
<doc>Waits until the element ``locator`` contains ``text``.</doc>
<status status="PASS" starttime="20210526 09:02:41.377" endtime="20210526 09:02:41.471"/>
</kw>
<kw name="Convert To Integer" library="BuiltIn">
<var>${numhead}</var>
<arg>${fila}[Head]</arg>
<doc>Converts the given item to an integer number.</doc>
<msg timestamp="20210526 09:02:41.472" level="INFO">${numhead} = 1</msg>
<status status="PASS" starttime="20210526 09:02:41.472" endtime="20210526 09:02:41.472"/>
</kw>
<kw name="Click Element" library="RPA.Browser.Selenium">
<arg>xpath=${path}/option[${numhead + 1}]</arg>
<doc>Click the element identified by ``locator``.</doc>
<msg timestamp="20210526 09:02:41.480" level="INFO">Clicking element 'xpath=/html[1]/body[1]/div[1]/div[1]/div[1]/div[1]/div[1]/form[1]/div[1]/select[1]/option[2]'.</msg>
<status status="PASS" starttime="20210526 09:02:41.472" endtime="20210526 09:02:41.608"/>
</kw>
<kw name="Click Element" library="RPA.Browser.Selenium">
<arg>id=id-body-${fila}[Body]</arg>
<doc>Click the element identified by ``locator``.</doc>
<msg timestamp="20210526 09:02:41.611" level="INFO">Clicking element 'id=id-body-1'.</msg>
<status status="PASS" starttime="20210526 09:02:41.609" endtime="20210526 09:02:41.808"/>
</kw>
<kw name="Input Text" library="RPA.Browser.Selenium">
<arg>class=form-control</arg>
<arg>${fila}[Legs]</arg>
<doc>Types the given ``text`` into the text field identified by ``locator``.</doc>
<msg timestamp="20210526 09:02:41.809" level="INFO">Typing text '5' into text field 'class=form-control'.</msg>
<status status="PASS" starttime="20210526 09:02:41.808" endtime="20210526 09:02:42.112"/>
</kw>
<kw name="Input Text" library="RPA.Browser.Selenium">
<arg>id=address</arg>
<arg>${fila}[Address]</arg>
<doc>Types the given ``text`` into the text field identified by ``locator``.</doc>
<msg timestamp="20210526 09:02:42.112" level="INFO">Typing text 'Address H' into text field 'id=address'.</msg>
<status status="PASS" starttime="20210526 09:02:42.112" endtime="20210526 09:02:42.427"/>
</kw>
<kw name="Click Button" library="RPA.Browser.Selenium">
<arg>Preview</arg>
<doc>Clicks the button identified by ``locator``.</doc>
<msg timestamp="20210526 09:02:42.427" level="INFO">Clicking button 'Preview'.</msg>
<status status="PASS" starttime="20210526 09:02:42.427" endtime="20210526 09:02:42.666"/>
</kw>
<status status="PASS" starttime="20210526 09:02:41.373" endtime="20210526 09:02:42.667"/>
</kw>
<status status="PASS" starttime="20210526 09:02:41.371" endtime="20210526 09:02:42.668"/>
</kw>
<kw name="Wait Until Keyword Succeeds" library="BuiltIn">
<arg>${GLOBAL_RETRY_AMOUNT}</arg>
<arg>${GLOBAL_RETRY_INTERVAL}</arg>
<arg>PDF</arg>
<arg>${fila}</arg>
<doc>Runs the specified keyword and retries if it fails.</doc>
<kw name="PDF">
<arg>${fila}</arg>
<kw name="Log" library="BuiltIn">
<arg>${fila}</arg>
<doc>Logs the given message with the given level.</doc>
<msg timestamp="20210526 09:02:42.675" level="INFO">{'Order number': '20', 'Head': '1', 'Body': '1', 'Legs': '5', 'Address': 'Address H'}</msg>
<status status="PASS" starttime="20210526 09:02:42.674" endtime="20210526 09:02:42.676"/>
</kw>
<kw name="Wait Until Element Is Visible" library="RPA.Browser.Selenium">
<arg>id=order</arg>
<doc>Waits until the element ``locator`` is visible.</doc>
<status status="PASS" starttime="20210526 09:02:42.676" endtime="20210526 09:02:42.711"/>
</kw>
<kw name="Sleep" library="BuiltIn">
<arg>1s</arg>
<doc>Pauses the test executed for the given time.</doc>
<msg timestamp="20210526 09:02:43.722" level="INFO">Slept 1 second</msg>
<status status="PASS" starttime="20210526 09:02:42.712" endtime="20210526 09:02:43.723"/>
</kw>
<kw name="Click Element" library="RPA.Browser.Selenium">
<arg>id=order</arg>
<doc>Click the element identified by ``locator``.</doc>
<msg timestamp="20210526 09:02:43.727" level="INFO">Clicking element 'id=order'.</msg>
<status status="PASS" starttime="20210526 09:02:43.723" endtime="20210526 09:02:43.909"/>
</kw>
<kw name="Wait Until Element Is Visible" library="RPA.Browser.Selenium">
<arg>id=receipt</arg>
<doc>Waits until the element ``locator`` is visible.</doc>
<status status="PASS" starttime="20210526 09:02:43.910" endtime="20210526 09:02:43.984"/>
</kw>
<kw name="Get Element Attribute" library="RPA.Browser.Selenium">
<var>${receipt_html}</var>
<arg>id=receipt</arg>
<arg>outerHTML</arg>
<doc>Returns the value of ``attribute`` from the element ``locator``.</doc>
<msg timestamp="20210526 09:02:44.035" level="INFO">${receipt_html} = &lt;div id="receipt" class="alert alert-success" role="alert"&gt;&lt;h3&gt;Receipt&lt;/h3&gt;&lt;div&gt;2021-05-26T07:02:43.867Z&lt;/div&gt;&lt;p class="badge badge-success"&gt;RSB-ROBO-ORDER-NWSBT1T8B&lt;/p&gt;&lt;p&gt;Address H&lt;/p&gt;&lt;div id="parts"...</msg>
<status status="PASS" starttime="20210526 09:02:43.985" endtime="20210526 09:02:44.035"/>
</kw>
<kw name="Html To Pdf" library="RPA.PDF">
<arg>${receipt_html}</arg>
<arg>${recibopdf}${fila}[Order number].pdf</arg>
<doc>Generate a PDF file from HTML content.</doc>
<msg timestamp="20210526 09:02:44.039" level="INFO">Writing output to file C:\ProgramData\Temp\rcd1f381\AppData\Local\Temp\39_3964_921430900_1\workarea60adf1f9\output\pdf\receipt20.pdf</msg>
<status status="PASS" starttime="20210526 09:02:44.035" endtime="20210526 09:02:44.055"/>
</kw>
<kw name="Wait Until Element Is Visible" library="RPA.Browser.Selenium">
<arg>id=robot-preview-image</arg>
<doc>Waits until the element ``locator`` is visible.</doc>
<status status="PASS" starttime="20210526 09:02:44.055" endtime="20210526 09:02:44.129"/>
</kw>
<kw name="Capture Element Screenshot" library="RPA.Browser.Selenium">
<var>${screenshot}</var>
<arg>id=robot-preview-image</arg>
<arg>${reciboimg}${fila}[Order number].png</arg>
<doc>Captures a screenshot from the element identified by ``locator`` and embeds it into log file.</doc>
<msg timestamp="20210526 09:02:44.449" level="INFO" html="true">&lt;/td&gt;&lt;/tr&gt;&lt;tr&gt;&lt;td colspan="3"&gt;&lt;a href="img/receipt20.png"&gt;&lt;img src="img/receipt20.png" width="400px"&gt;&lt;/a&gt;</msg>
<msg timestamp="20210526 09:02:44.450" level="INFO">${screenshot} = C:\ProgramData\Temp\rcd1f381\AppData\Local\Temp\39_3964_921430900_1\workarea60adf1f9\output\img\receipt20.png</msg>
<status status="PASS" starttime="20210526 09:02:44.129" endtime="20210526 09:02:44.450"/>
</kw>
<kw name="Open Pdf" library="RPA.PDF">
<arg>${recibopdf}${fila}[Order number].pdf</arg>
<doc>Open a PDF document for reading.</doc>
<status status="PASS" starttime="20210526 09:02:44.452" endtime="20210526 09:02:44.488"/>
</kw>
<kw name="Add Watermark Image To Pdf" library="RPA.PDF">
<arg>${screenshot}</arg>
<arg>${recibopdf}${fila}[Order number].pdf</arg>
<doc>Add image to PDF which can be new or existing PDF.</doc>
<status status="PASS" starttime="20210526 09:02:44.489" endtime="20210526 09:02:44.672"/>
</kw>
<kw name="Close All Pdfs" library="RPA.PDF">
<doc>Close all opened PDF file descriptors.</doc>
<msg timestamp="20210526 09:02:44.673" level="INFO">Closing PDF document: C:\ProgramData\Temp\rcd1f381\AppData\Local\Temp\39_3964_921430900_1\workarea60adf1f9\output\pdf\receipt20.pdf</msg>
<status status="PASS" starttime="20210526 09:02:44.673" endtime="20210526 09:02:44.674"/>
</kw>
<status status="PASS" starttime="20210526 09:02:42.673" endtime="20210526 09:02:44.674"/>
</kw>
<status status="PASS" starttime="20210526 09:02:42.669" endtime="20210526 09:02:44.674"/>
</kw>
<kw name="Another one">
<kw name="Click Button" library="RPA.Browser.Selenium">
<arg>id=order-another</arg>
<doc>Clicks the button identified by ``locator``.</doc>
<msg timestamp="20210526 09:02:44.675" level="INFO">Clicking button 'id=order-another'.</msg>
<status status="PASS" starttime="20210526 09:02:44.675" endtime="20210526 09:02:45.070"/>
</kw>
<kw name="Wait Until Element Contains" library="RPA.Browser.Selenium">
<arg>class=modal-body</arg>
<arg>${text}</arg>
<doc>Waits until the element ``locator`` contains ``text``.</doc>
<status status="PASS" starttime="20210526 09:02:45.071" endtime="20210526 09:02:45.181"/>
</kw>
<kw name="Handle Modal">
<kw name="Click Button" library="RPA.Browser.Selenium">
<arg>OK</arg>
<doc>Clicks the button identified by ``locator``.</doc>
<msg timestamp="20210526 09:02:45.186" level="INFO">Clicking button 'OK'.</msg>
<status status="PASS" starttime="20210526 09:02:45.185" endtime="20210526 09:02:45.375"/>
</kw>
<status status="PASS" starttime="20210526 09:02:45.182" endtime="20210526 09:02:45.375"/>
</kw>
<status status="PASS" starttime="20210526 09:02:44.675" endtime="20210526 09:02:45.375"/>
</kw>
<status status="PASS" starttime="20210526 09:02:41.371" endtime="20210526 09:02:45.375"/>
</iter>
<status status="PASS" starttime="20210526 09:00:18.639" endtime="20210526 09:02:45.375"/>
</for>
<status status="PASS" starttime="20210526 09:00:18.624" endtime="20210526 09:02:45.375"/>
</kw>
<kw name="Zip">
<kw name="Archive Folder With Zip" library="RPA.Archive">
<arg>${OUTPUT_DIR}/pdf</arg>
<arg>pdf.zip</arg>
<arg>recursive=True</arg>
<doc>Create a zip archive of a folder</doc>
<status status="PASS" starttime="20210526 09:02:45.379" endtime="20210526 09:02:45.907"/>
</kw>
<status status="PASS" starttime="20210526 09:02:45.375" endtime="20210526 09:02:45.909"/>
</kw>
<kw name="Close All Browsers" library="RPA.Browser.Selenium" type="TEARDOWN">
<doc>Closes all open browsers and resets the browser cache.</doc>
<status status="PASS" starttime="20210526 09:02:45.910" endtime="20210526 09:02:48.267"/>
</kw>
<status status="PASS" starttime="20210526 09:00:14.906" endtime="20210526 09:02:48.268"/>
</test>
<doc>Program to build robots
and capture the info</doc>
<status status="PASS" starttime="20210526 09:00:13.492" endtime="20210526 09:02:48.273"/>
</suite>
<statistics>
<total>
<stat pass="1" fail="0" skip="0">All Tasks</stat>
</total>
<tag>
</tag>
<suite>
<stat pass="1" fail="0" skip="0" id="s1" name="Tasks">Tasks</stat>
</suite>
</statistics>
<errors>
</errors>
</robot>
