<?xml version="1.0" encoding="UTF-8"?>
<robot generator="Robot 4.0 (Python 3.7.5 on win32)" generated="20210526 10:12:42.164" rpa="true" schemaversion="2">
<suite id="s1" name="Tasks" source="C:\ProgramData\Temp\rcd1f381\AppData\Local\Temp\66_8312_182508000_1\workarea60ae02f5\tasks.robot">
<test id="s1-t1" name="Build-a-robot">
<kw name="Access Credentials">
<kw name="Get Secret" library="RPA.Robocloud.Secrets">
<var>${secret}</var>
<arg>credentials</arg>
<doc>Read a secret from the configured source, e.g. Robocloud Vault,
and return it as a ``Secret`` object.</doc>
<msg timestamp="20210526 10:12:44.384" level="INFO">Protecting keyword: rpa.robocloud.secrets.get_secret</msg>
<msg timestamp="20210526 10:12:44.386" level="INFO">Log level changed from NONE to INFO.</msg>
<status status="PASS" starttime="20210526 10:12:44.383" endtime="20210526 10:12:44.386"/>
</kw>
<kw name="Log" library="BuiltIn">
<arg>${secret}[url]</arg>
<doc>Logs the given message with the given level.</doc>
<msg timestamp="20210526 10:12:44.388" level="INFO">https://robotsparebinindustries.com/#/robot-order</msg>
<status status="PASS" starttime="20210526 10:12:44.386" endtime="20210526 10:12:44.388"/>
</kw>
<status status="PASS" starttime="20210526 10:12:44.382" endtime="20210526 10:12:44.388"/>
</kw>
<kw name="Log" library="BuiltIn">
<arg>${secret}</arg>
<doc>Logs the given message with the given level.</doc>
<msg timestamp="20210526 10:12:44.389" level="FAIL">Variable '${secret}' not found.</msg>
<status status="FAIL" starttime="20210526 10:12:44.389" endtime="20210526 10:12:44.394"/>
</kw>
<kw name="Open Browser">
<arg>${secret}</arg>
<status status="NOT RUN" starttime="20210526 10:12:44.394" endtime="20210526 10:12:44.394"/>
</kw>
<kw name="Create Directories">
<status status="NOT RUN" starttime="20210526 10:12:44.394" endtime="20210526 10:12:44.396"/>
</kw>
<kw name="Download File">
<status status="NOT RUN" starttime="20210526 10:12:44.396" endtime="20210526 10:12:44.396"/>
</kw>
<kw name="Handle Modal">
<status status="NOT RUN" starttime="20210526 10:12:44.397" endtime="20210526 10:12:44.397"/>
</kw>
<kw name="Saving Screenshots">
<status status="NOT RUN" starttime="20210526 10:12:44.398" endtime="20210526 10:12:44.398"/>
</kw>
<kw name="Read File">
<status status="NOT RUN" starttime="20210526 10:12:44.398" endtime="20210526 10:12:44.398"/>
</kw>
<kw name="Zip">
<status status="NOT RUN" starttime="20210526 10:12:44.398" endtime="20210526 10:12:44.398"/>
</kw>
<kw name="Close All Browsers" library="RPA.Browser.Selenium" type="TEARDOWN">
<doc>Closes all open browsers and resets the browser cache.</doc>
<status status="PASS" starttime="20210526 10:12:44.398" endtime="20210526 10:12:44.402"/>
</kw>
<status status="FAIL" starttime="20210526 10:12:44.380" endtime="20210526 10:12:44.403">Variable '${secret}' not found.</status>
</test>
<doc>Program to build robots
and capture the info</doc>
<status status="FAIL" starttime="20210526 10:12:42.170" endtime="20210526 10:12:44.405"/>
</suite>
<statistics>
<total>
<stat pass="0" fail="1" skip="0">All Tasks</stat>
</total>
<tag>
</tag>
<suite>
<stat pass="0" fail="1" skip="0" id="s1" name="Tasks">Tasks</stat>
</suite>
</statistics>
<errors>
</errors>
</robot>
