<?xml version="1.0" encoding="UTF-8"?>
<robot generator="Robot 4.0 (Python 3.7.5 on win32)" generated="20210526 08:34:10.607" rpa="true" schemaversion="2">
<suite id="s1" name="Tasks" source="C:\ProgramData\Temp\rcd1f381\AppData\Local\Temp\67_2401_725502900_1\workarea60adebde\tasks.robot">
<test id="s1-t1" name="Build-a-robot">
<kw name="Open browser">
<kw name="Open Available Browser" library="RPA.Browser.Selenium">
<arg>${url}</arg>
<doc>Attempts to open a browser on the user's device from a set of
supported browsers. Automatically downloads a corresponding webdriver
if none is already installed.</doc>
<msg timestamp="20210526 08:34:12.736" level="INFO">Creating an instance of the Chrome WebDriver.</msg>
<msg timestamp="20210526 08:34:14.348" level="INFO">Created Chrome browser with arguments: --disable-dev-shm-usage --disable-web-security --allow-running-insecure-content --no-sandbox</msg>
<msg timestamp="20210526 08:34:14.348" level="INFO" html="true">&lt;p&gt;Attempted combinations:&lt;/p&gt;&lt;div class="doc"&gt;&lt;table&gt;&lt;tr&gt;&lt;th&gt;Browser&lt;/th&gt;&lt;th&gt;Download&lt;/th&gt;&lt;th&gt;Error&lt;/th&gt;&lt;/tr&gt;&lt;tr&gt;&lt;td&gt;Chrome&lt;/td&gt;&lt;td&gt;False&lt;/td&gt;&lt;td&gt;&lt;/td&gt;&lt;/tr&gt;&lt;/table&gt;&lt;/div&gt;</msg>
<msg timestamp="20210526 08:34:14.348" level="INFO">Opening url 'https://robotsparebinindustries.com/#/robot-order'</msg>
<status status="PASS" starttime="20210526 08:34:12.734" endtime="20210526 08:34:15.468"/>
</kw>
<kw name="Maximize Browser Window" library="RPA.Browser.Selenium">
<doc>Maximizes current browser window.</doc>
<status status="PASS" starttime="20210526 08:34:15.469" endtime="20210526 08:34:15.593"/>
</kw>
<status status="PASS" starttime="20210526 08:34:12.732" endtime="20210526 08:34:15.594"/>
</kw>
<kw name="Create Directories">
<kw name="Create Directory" library="RPA.FileSystem">
<arg>${OUTPUT_DIR}/pdf</arg>
<doc>Creates a directory and (optionally) non-existing parent directories.</doc>
<status status="PASS" starttime="20210526 08:34:15.596" endtime="20210526 08:34:15.600"/>
</kw>
<kw name="Create Directory" library="RPA.FileSystem">
<arg>${OUTPUT_DIR}/img</arg>
<doc>Creates a directory and (optionally) non-existing parent directories.</doc>
<status status="PASS" starttime="20210526 08:34:15.601" endtime="20210526 08:34:15.602"/>
</kw>
<status status="PASS" starttime="20210526 08:34:15.594" endtime="20210526 08:34:15.602"/>
</kw>
<kw name="Download File">
<kw name="Download" library="RPA.HTTP">
<arg>${excelurl}</arg>
<arg>overwrite=True</arg>
<arg>target_file=C:\\ProgramData\\Temp\\rcd1f381\\AppData\\Local\\Temp\\67_2401_725502900_1\\workarea60adebde</arg>
<doc>An alias for the ``HTTP Get`` keyword.</doc>
<msg timestamp="20210526 08:34:15.608" level="INFO">Creating a new HTTP session</msg>
<msg timestamp="20210526 08:34:15.608" level="INFO">Creating Session using : alias=rpasession_alias.httpsrobotsparebinindustries.com, url=https://robotsparebinindustries.com, headers={},                     cookies={}, auth=None, timeout=None, proxies=None, verify=True,                     debug=0 </msg>
<msg timestamp="20210526 08:34:15.715" level="INFO">GET Request : url=https://robotsparebinindustries.com/orders.csv 
 path_url=/orders.csv 
 headers={'User-Agent': 'python-requests/2.25.1', 'Accept-Encoding': 'gzip, deflate', 'Accept': '*/*', 'Connection': 'keep-alive'} 
 body=None 
 </msg>
<msg timestamp="20210526 08:34:15.715" level="INFO">GET Response : url=https://robotsparebinindustries.com/orders.csv 
 status=200, reason=OK 
 body=Order number,Head,Body,Legs,Address
1,1,2,3,Address 123
2,4,1,5,Address 456
3,6,2,3,Address 789
4,2,3,2,Address 1
5,3,5,1,Address 2
6,1,6,6,Address 3
7,5,1,5,Address 4
8,2,3,3,Address 5
9,3,2,2,Address 6
10,4,4,2,Address 7
11,6,6,1,Address 8
12,1,3,3,Address 9
13,1,5,4,Address A
14,3,1,5,Address B
15,3,2,6,Address C
16,6,3,6,Address D
17,5,4,1,Address E
18,2,5,1,Address F
19,4,6,2,Address G
20,1,1,5,Address H 
 </msg>
<status status="PASS" starttime="20210526 08:34:15.606" endtime="20210526 08:34:15.718"/>
</kw>
<status status="PASS" starttime="20210526 08:34:15.603" endtime="20210526 08:34:15.718"/>
</kw>
<kw name="Handle Modal">
<kw name="Click Button" library="RPA.Browser.Selenium">
<arg>OK</arg>
<doc>Clicks the button identified by ``locator``.</doc>
<msg timestamp="20210526 08:34:15.721" level="INFO">Clicking button 'OK'.</msg>
<status status="PASS" starttime="20210526 08:34:15.720" endtime="20210526 08:34:15.823"/>
</kw>
<status status="PASS" starttime="20210526 08:34:15.718" endtime="20210526 08:34:15.824"/>
</kw>
<kw name="Saving Screenshots">
<kw name="Create Directory" library="RPA.FileSystem">
<arg>C:\\ProgramData\\Temp\\rcd1f381\\AppData\\Local\\Temp\\67_2401_725502900_1\\workarea60adebde/output/screenshots</arg>
<doc>Creates a directory and (optionally) non-existing parent directories.</doc>
<status status="PASS" starttime="20210526 08:34:15.825" endtime="20210526 08:34:15.828"/>
</kw>
<kw name="Set Screenshot Directory" library="RPA.Browser.Selenium">
<arg>C:\\ProgramData\\Temp\\rcd1f381\\AppData\\Local\\Temp\\67_2401_725502900_1\\workarea60adebde/output/screenshots</arg>
<doc>Sets the directory for captured screenshots.</doc>
<status status="PASS" starttime="20210526 08:34:15.828" endtime="20210526 08:34:15.829"/>
</kw>
<status status="PASS" starttime="20210526 08:34:15.824" endtime="20210526 08:34:15.830"/>
</kw>
<kw name="Read File">
<kw name="Read Table From Csv" library="RPA.Tables">
<var>${tabla}</var>
<arg>orders.csv</arg>
<arg>C:\\ProgramData\\Temp\\rcd1f381\\AppData\\Local\\Temp\\67_2401_725502900_1\\workarea60adebde</arg>
<arg>delimiters=,</arg>
<doc>Read a CSV file as a table.</doc>
<msg timestamp="20210526 08:34:15.841" level="INFO">${tabla} = Table(columns=['Order number', 'Head', 'Body', 'Legs', 'Address'], rows=20)</msg>
<status status="PASS" starttime="20210526 08:34:15.832" endtime="20210526 08:34:15.842"/>
</kw>
<for flavor="IN">
<var>${fila}</var>
<value>@{tabla}</value>
<iter>
<var name="${fila}">{'Order number': '1', 'Head': '1', 'Body': '2', 'Legs': '3', 'Address': 'Address 123'}</var>
<kw name="Wait Until Keyword Succeeds" library="BuiltIn">
<arg>${GLOBAL_RETRY_AMOUNT}</arg>
<arg>${GLOBAL_RETRY_INTERVAL}</arg>
<arg>Fill Form</arg>
<arg>${fila}</arg>
<doc>Runs the specified keyword and retries if it fails.</doc>
<kw name="Fill Form">
<arg>${fila}</arg>
<kw name="Wait Until Element Contains" library="RPA.Browser.Selenium">
<arg>class=form-group</arg>
<arg>1.</arg>
<doc>Waits until the element ``locator`` contains ``text``.</doc>
<status status="PASS" starttime="20210526 08:34:15.846" endtime="20210526 08:34:15.883"/>
</kw>
<kw name="Convert To Integer" library="BuiltIn">
<var>${numhead}</var>
<arg>${fila}[Head]</arg>
<doc>Converts the given item to an integer number.</doc>
<msg timestamp="20210526 08:34:15.884" level="INFO">${numhead} = 1</msg>
<status status="PASS" starttime="20210526 08:34:15.884" endtime="20210526 08:34:15.884"/>
</kw>
<kw name="Click Element" library="RPA.Browser.Selenium">
<arg>xpath=${path}/option[${numhead + 1}]</arg>
<doc>Click the element identified by ``locator``.</doc>
<msg timestamp="20210526 08:34:15.887" level="INFO">Clicking element 'xpath=/html[1]/body[1]/div[1]/div[1]/div[1]/div[1]/div[1]/form[1]/div[1]/select[1]/option[2]'.</msg>
<status status="PASS" starttime="20210526 08:34:15.885" endtime="20210526 08:34:15.942"/>
</kw>
<kw name="Click Element" library="RPA.Browser.Selenium">
<arg>id=id-body-${fila}[Body]</arg>
<doc>Click the element identified by ``locator``.</doc>
<msg timestamp="20210526 08:34:15.944" level="INFO">Clicking element 'id=id-body-2'.</msg>
<status status="PASS" starttime="20210526 08:34:15.943" endtime="20210526 08:34:16.028"/>
</kw>
<kw name="Input Text" library="RPA.Browser.Selenium">
<arg>class=form-control</arg>
<arg>${fila}[Legs]</arg>
<doc>Types the given ``text`` into the text field identified by ``locator``.</doc>
<msg timestamp="20210526 08:34:16.030" level="INFO">Typing text '3' into text field 'class=form-control'.</msg>
<status status="PASS" starttime="20210526 08:34:16.029" endtime="20210526 08:34:16.166"/>
</kw>
<kw name="Input Text" library="RPA.Browser.Selenium">
<arg>id=address</arg>
<arg>${fila}[Address]</arg>
<doc>Types the given ``text`` into the text field identified by ``locator``.</doc>
<msg timestamp="20210526 08:34:16.167" level="INFO">Typing text 'Address 123' into text field 'id=address'.</msg>
<status status="PASS" starttime="20210526 08:34:16.166" endtime="20210526 08:34:16.303"/>
</kw>
<kw name="Click Button" library="RPA.Browser.Selenium">
<arg>Preview</arg>
<doc>Clicks the button identified by ``locator``.</doc>
<msg timestamp="20210526 08:34:16.303" level="INFO">Clicking button 'Preview'.</msg>
<status status="PASS" starttime="20210526 08:34:16.303" endtime="20210526 08:34:16.394"/>
</kw>
<status status="PASS" starttime="20210526 08:34:15.845" endtime="20210526 08:34:16.395"/>
</kw>
<status status="PASS" starttime="20210526 08:34:15.844" endtime="20210526 08:34:16.395"/>
</kw>
<kw name="Wait Until Keyword Succeeds" library="BuiltIn">
<arg>${GLOBAL_RETRY_AMOUNT}</arg>
<arg>${GLOBAL_RETRY_INTERVAL}</arg>
<arg>PDF</arg>
<arg>${fila}</arg>
<doc>Runs the specified keyword and retries if it fails.</doc>
<kw name="PDF">
<arg>${fila}</arg>
<kw name="Log" library="BuiltIn">
<arg>${fila}</arg>
<doc>Logs the given message with the given level.</doc>
<msg timestamp="20210526 08:34:16.398" level="INFO">{'Order number': '1', 'Head': '1', 'Body': '2', 'Legs': '3', 'Address': 'Address 123'}</msg>
<status status="PASS" starttime="20210526 08:34:16.397" endtime="20210526 08:34:16.399"/>
</kw>
<kw name="Wait Until Element Is Visible" library="RPA.Browser.Selenium">
<arg>id=order</arg>
<doc>Waits until the element ``locator`` is visible.</doc>
<status status="PASS" starttime="20210526 08:34:16.399" endtime="20210526 08:34:16.436"/>
</kw>
<kw name="Sleep" library="BuiltIn">
<arg>1s</arg>
<doc>Pauses the test executed for the given time.</doc>
<msg timestamp="20210526 08:34:17.438" level="INFO">Slept 1 second</msg>
<status status="PASS" starttime="20210526 08:34:16.436" endtime="20210526 08:34:17.438"/>
</kw>
<kw name="Click Element" library="RPA.Browser.Selenium">
<arg>id=order</arg>
<doc>Click the element identified by ``locator``.</doc>
<msg timestamp="20210526 08:34:17.440" level="INFO">Clicking element 'id=order'.</msg>
<status status="PASS" starttime="20210526 08:34:17.439" endtime="20210526 08:34:17.505"/>
</kw>
<kw name="Wait Until Element Is Visible" library="RPA.Browser.Selenium">
<arg>id=receipt</arg>
<doc>Waits until the element ``locator`` is visible.</doc>
<status status="PASS" starttime="20210526 08:34:17.505" endtime="20210526 08:34:17.552"/>
</kw>
<kw name="Get Element Attribute" library="RPA.Browser.Selenium">
<var>${receipt_html}</var>
<arg>id=receipt</arg>
<arg>outerHTML</arg>
<doc>Returns the value of ``attribute`` from the element ``locator``.</doc>
<msg timestamp="20210526 08:34:17.573" level="INFO">${receipt_html} = &lt;div id="receipt" class="alert alert-success" role="alert"&gt;&lt;h3&gt;Receipt&lt;/h3&gt;&lt;div&gt;2021-05-26T06:34:17.491Z&lt;/div&gt;&lt;p class="badge badge-success"&gt;RSB-ROBO-ORDER-98FXY3G51M&lt;/p&gt;&lt;p&gt;Address 123&lt;/p&gt;&lt;div id="par...</msg>
<status status="PASS" starttime="20210526 08:34:17.552" endtime="20210526 08:34:17.573"/>
</kw>
<kw name="Html To Pdf" library="RPA.PDF">
<arg>${receipt_html}</arg>
<arg>${recibopdf}${fila}[Order number].pdf</arg>
<doc>Generate a PDF file from HTML content.</doc>
<msg timestamp="20210526 08:34:17.575" level="INFO">Writing output to file C:\ProgramData\Temp\rcd1f381\AppData\Local\Temp\67_2401_725502900_1\workarea60adebde\output\pdf\receipt1.pdf</msg>
<status status="PASS" starttime="20210526 08:34:17.574" endtime="20210526 08:34:17.583"/>
</kw>
<kw name="Wait Until Element Is Visible" library="RPA.Browser.Selenium">
<arg>id=robot-preview-image</arg>
<doc>Waits until the element ``locator`` is visible.</doc>
<status status="PASS" starttime="20210526 08:34:17.584" endtime="20210526 08:34:17.614"/>
</kw>
<kw name="Capture Element Screenshot" library="RPA.Browser.Selenium">
<var>${screenshot}</var>
<arg>id=robot-preview-image</arg>
<arg>${reciboimg}${fila}[Order number].png</arg>
<doc>Captures a screenshot from the element identified by ``locator`` and embeds it into log file.</doc>
<msg timestamp="20210526 08:34:17.766" level="INFO" html="true">&lt;/td&gt;&lt;/tr&gt;&lt;tr&gt;&lt;td colspan="3"&gt;&lt;a href="img/receipt1.png"&gt;&lt;img src="img/receipt1.png" width="400px"&gt;&lt;/a&gt;</msg>
<msg timestamp="20210526 08:34:17.766" level="INFO">${screenshot} = C:\ProgramData\Temp\rcd1f381\AppData\Local\Temp\67_2401_725502900_1\workarea60adebde\output\img\receipt1.png</msg>
<status status="PASS" starttime="20210526 08:34:17.615" endtime="20210526 08:34:17.766"/>
</kw>
<kw name="Open Pdf" library="RPA.PDF">
<arg>${recibopdf}${fila}[Order number].pdf</arg>
<doc>Open a PDF document for reading.</doc>
<status status="PASS" starttime="20210526 08:34:17.766" endtime="20210526 08:34:17.780"/>
</kw>
<kw name="Add Watermark Image To Pdf" library="RPA.PDF">
<arg>${screenshot}</arg>
<arg>${recibopdf}${fila}[Order number].pdf</arg>
<doc>Add image to PDF which can be new or existing PDF.</doc>
<status status="PASS" starttime="20210526 08:34:17.780" endtime="20210526 08:34:17.913"/>
</kw>
<kw name="Close All Pdfs" library="RPA.PDF">
<doc>Close all opened PDF file descriptors.</doc>
<msg timestamp="20210526 08:34:17.917" level="INFO">Closing PDF document: C:\ProgramData\Temp\rcd1f381\AppData\Local\Temp\67_2401_725502900_1\workarea60adebde\output\pdf\receipt1.pdf</msg>
<status status="PASS" starttime="20210526 08:34:17.913" endtime="20210526 08:34:17.917"/>
</kw>
<status status="PASS" starttime="20210526 08:34:16.396" endtime="20210526 08:34:17.917"/>
</kw>
<status status="PASS" starttime="20210526 08:34:16.395" endtime="20210526 08:34:17.917"/>
</kw>
<kw name="Another one">
<kw name="Click Button" library="RPA.Browser.Selenium">
<arg>id=order-another</arg>
<doc>Clicks the button identified by ``locator``.</doc>
<msg timestamp="20210526 08:34:17.921" level="INFO">Clicking button 'id=order-another'.</msg>
<status status="PASS" starttime="20210526 08:34:17.917" endtime="20210526 08:34:18.245"/>
</kw>
<kw name="Wait Until Element Contains" library="RPA.Browser.Selenium">
<arg>class=modal-body</arg>
<arg>${text}</arg>
<doc>Waits until the element ``locator`` contains ``text``.</doc>
<status status="PASS" starttime="20210526 08:34:18.245" endtime="20210526 08:34:18.309"/>
</kw>
<kw name="Handle Modal">
<kw name="Click Button" library="RPA.Browser.Selenium">
<arg>OK</arg>
<doc>Clicks the button identified by ``locator``.</doc>
<msg timestamp="20210526 08:34:18.311" level="INFO">Clicking button 'OK'.</msg>
<status status="PASS" starttime="20210526 08:34:18.311" endtime="20210526 08:34:18.389"/>
</kw>
<status status="PASS" starttime="20210526 08:34:18.310" endtime="20210526 08:34:18.390"/>
</kw>
<status status="PASS" starttime="20210526 08:34:17.917" endtime="20210526 08:34:18.390"/>
</kw>
<status status="PASS" starttime="20210526 08:34:15.843" endtime="20210526 08:34:18.390"/>
</iter>
<iter>
<var name="${fila}">{'Order number': '2', 'Head': '4', 'Body': '1', 'Legs': '5', 'Address': 'Address 456'}</var>
<kw name="Wait Until Keyword Succeeds" library="BuiltIn">
<arg>${GLOBAL_RETRY_AMOUNT}</arg>
<arg>${GLOBAL_RETRY_INTERVAL}</arg>
<arg>Fill Form</arg>
<arg>${fila}</arg>
<doc>Runs the specified keyword and retries if it fails.</doc>
<kw name="Fill Form">
<arg>${fila}</arg>
<kw name="Wait Until Element Contains" library="RPA.Browser.Selenium">
<arg>class=form-group</arg>
<arg>1.</arg>
<doc>Waits until the element ``locator`` contains ``text``.</doc>
<status status="PASS" starttime="20210526 08:34:18.393" endtime="20210526 08:34:18.431"/>
</kw>
<kw name="Convert To Integer" library="BuiltIn">
<var>${numhead}</var>
<arg>${fila}[Head]</arg>
<doc>Converts the given item to an integer number.</doc>
<msg timestamp="20210526 08:34:18.432" level="INFO">${numhead} = 4</msg>
<status status="PASS" starttime="20210526 08:34:18.431" endtime="20210526 08:34:18.432"/>
</kw>
<kw name="Click Element" library="RPA.Browser.Selenium">
<arg>xpath=${path}/option[${numhead + 1}]</arg>
<doc>Click the element identified by ``locator``.</doc>
<msg timestamp="20210526 08:34:18.433" level="INFO">Clicking element 'xpath=/html[1]/body[1]/div[1]/div[1]/div[1]/div[1]/div[1]/form[1]/div[1]/select[1]/option[5]'.</msg>
<status status="PASS" starttime="20210526 08:34:18.432" endtime="20210526 08:34:18.484"/>
</kw>
<kw name="Click Element" library="RPA.Browser.Selenium">
<arg>id=id-body-${fila}[Body]</arg>
<doc>Click the element identified by ``locator``.</doc>
<msg timestamp="20210526 08:34:18.484" level="INFO">Clicking element 'id=id-body-1'.</msg>
<status status="PASS" starttime="20210526 08:34:18.484" endtime="20210526 08:34:18.567"/>
</kw>
<kw name="Input Text" library="RPA.Browser.Selenium">
<arg>class=form-control</arg>
<arg>${fila}[Legs]</arg>
<doc>Types the given ``text`` into the text field identified by ``locator``.</doc>
<msg timestamp="20210526 08:34:18.567" level="INFO">Typing text '5' into text field 'class=form-control'.</msg>
<status status="PASS" starttime="20210526 08:34:18.567" endtime="20210526 08:34:18.683"/>
</kw>
<kw name="Input Text" library="RPA.Browser.Selenium">
<arg>id=address</arg>
<arg>${fila}[Address]</arg>
<doc>Types the given ``text`` into the text field identified by ``locator``.</doc>
<msg timestamp="20210526 08:34:18.684" level="INFO">Typing text 'Address 456' into text field 'id=address'.</msg>
<status status="PASS" starttime="20210526 08:34:18.683" endtime="20210526 08:34:18.818"/>
</kw>
<kw name="Click Button" library="RPA.Browser.Selenium">
<arg>Preview</arg>
<doc>Clicks the button identified by ``locator``.</doc>
<msg timestamp="20210526 08:34:18.818" level="INFO">Clicking button 'Preview'.</msg>
<status status="PASS" starttime="20210526 08:34:18.818" endtime="20210526 08:34:18.909"/>
</kw>
<status status="PASS" starttime="20210526 08:34:18.392" endtime="20210526 08:34:18.909"/>
</kw>
<status status="PASS" starttime="20210526 08:34:18.391" endtime="20210526 08:34:18.910"/>
</kw>
<kw name="Wait Until Keyword Succeeds" library="BuiltIn">
<arg>${GLOBAL_RETRY_AMOUNT}</arg>
<arg>${GLOBAL_RETRY_INTERVAL}</arg>
<arg>PDF</arg>
<arg>${fila}</arg>
<doc>Runs the specified keyword and retries if it fails.</doc>
<kw name="PDF">
<arg>${fila}</arg>
<kw name="Log" library="BuiltIn">
<arg>${fila}</arg>
<doc>Logs the given message with the given level.</doc>
<msg timestamp="20210526 08:34:18.913" level="INFO">{'Order number': '2', 'Head': '4', 'Body': '1', 'Legs': '5', 'Address': 'Address 456'}</msg>
<status status="PASS" starttime="20210526 08:34:18.912" endtime="20210526 08:34:18.913"/>
</kw>
<kw name="Wait Until Element Is Visible" library="RPA.Browser.Selenium">
<arg>id=order</arg>
<doc>Waits until the element ``locator`` is visible.</doc>
<status status="PASS" starttime="20210526 08:34:18.913" endtime="20210526 08:34:18.944"/>
</kw>
<kw name="Sleep" library="BuiltIn">
<arg>1s</arg>
<doc>Pauses the test executed for the given time.</doc>
<msg timestamp="20210526 08:34:19.945" level="INFO">Slept 1 second</msg>
<status status="PASS" starttime="20210526 08:34:18.944" endtime="20210526 08:34:19.945"/>
</kw>
<kw name="Click Element" library="RPA.Browser.Selenium">
<arg>id=order</arg>
<doc>Click the element identified by ``locator``.</doc>
<msg timestamp="20210526 08:34:19.946" level="INFO">Clicking element 'id=order'.</msg>
<status status="PASS" starttime="20210526 08:34:19.945" endtime="20210526 08:34:19.999"/>
</kw>
<kw name="Wait Until Element Is Visible" library="RPA.Browser.Selenium">
<arg>id=receipt</arg>
<doc>Waits until the element ``locator`` is visible.</doc>
<status status="PASS" starttime="20210526 08:34:20.000" endtime="20210526 08:34:20.024"/>
</kw>
<kw name="Get Element Attribute" library="RPA.Browser.Selenium">
<var>${receipt_html}</var>
<arg>id=receipt</arg>
<arg>outerHTML</arg>
<doc>Returns the value of ``attribute`` from the element ``locator``.</doc>
<msg timestamp="20210526 08:34:20.043" level="INFO">${receipt_html} = &lt;div id="receipt" class="alert alert-success" role="alert"&gt;&lt;h3&gt;Receipt&lt;/h3&gt;&lt;div&gt;2021-05-26T06:34:19.989Z&lt;/div&gt;&lt;p class="badge badge-success"&gt;RSB-ROBO-ORDER-6S1HKQ3MF&lt;/p&gt;&lt;p&gt;Address 456&lt;/p&gt;&lt;div id="part...</msg>
<status status="PASS" starttime="20210526 08:34:20.024" endtime="20210526 08:34:20.043"/>
</kw>
<kw name="Html To Pdf" library="RPA.PDF">
<arg>${receipt_html}</arg>
<arg>${recibopdf}${fila}[Order number].pdf</arg>
<doc>Generate a PDF file from HTML content.</doc>
<msg timestamp="20210526 08:34:20.043" level="INFO">Writing output to file C:\ProgramData\Temp\rcd1f381\AppData\Local\Temp\67_2401_725502900_1\workarea60adebde\output\pdf\receipt2.pdf</msg>
<status status="PASS" starttime="20210526 08:34:20.043" endtime="20210526 08:34:20.048"/>
</kw>
<kw name="Wait Until Element Is Visible" library="RPA.Browser.Selenium">
<arg>id=robot-preview-image</arg>
<doc>Waits until the element ``locator`` is visible.</doc>
<status status="PASS" starttime="20210526 08:34:20.048" endtime="20210526 08:34:20.072"/>
</kw>
<kw name="Capture Element Screenshot" library="RPA.Browser.Selenium">
<var>${screenshot}</var>
<arg>id=robot-preview-image</arg>
<arg>${reciboimg}${fila}[Order number].png</arg>
<doc>Captures a screenshot from the element identified by ``locator`` and embeds it into log file.</doc>
<msg timestamp="20210526 08:34:20.210" level="INFO" html="true">&lt;/td&gt;&lt;/tr&gt;&lt;tr&gt;&lt;td colspan="3"&gt;&lt;a href="img/receipt2.png"&gt;&lt;img src="img/receipt2.png" width="400px"&gt;&lt;/a&gt;</msg>
<msg timestamp="20210526 08:34:20.210" level="INFO">${screenshot} = C:\ProgramData\Temp\rcd1f381\AppData\Local\Temp\67_2401_725502900_1\workarea60adebde\output\img\receipt2.png</msg>
<status status="PASS" starttime="20210526 08:34:20.072" endtime="20210526 08:34:20.210"/>
</kw>
<kw name="Open Pdf" library="RPA.PDF">
<arg>${recibopdf}${fila}[Order number].pdf</arg>
<doc>Open a PDF document for reading.</doc>
<status status="PASS" starttime="20210526 08:34:20.211" endtime="20210526 08:34:20.225"/>
</kw>
<kw name="Add Watermark Image To Pdf" library="RPA.PDF">
<arg>${screenshot}</arg>
<arg>${recibopdf}${fila}[Order number].pdf</arg>
<doc>Add image to PDF which can be new or existing PDF.</doc>
<status status="PASS" starttime="20210526 08:34:20.226" endtime="20210526 08:34:20.307"/>
</kw>
<kw name="Close All Pdfs" library="RPA.PDF">
<doc>Close all opened PDF file descriptors.</doc>
<msg timestamp="20210526 08:34:20.310" level="INFO">Closing PDF document: C:\ProgramData\Temp\rcd1f381\AppData\Local\Temp\67_2401_725502900_1\workarea60adebde\output\pdf\receipt2.pdf</msg>
<status status="PASS" starttime="20210526 08:34:20.310" endtime="20210526 08:34:20.311"/>
</kw>
<status status="PASS" starttime="20210526 08:34:18.911" endtime="20210526 08:34:20.311"/>
</kw>
<status status="PASS" starttime="20210526 08:34:18.910" endtime="20210526 08:34:20.311"/>
</kw>
<kw name="Another one">
<kw name="Click Button" library="RPA.Browser.Selenium">
<arg>id=order-another</arg>
<doc>Clicks the button identified by ``locator``.</doc>
<msg timestamp="20210526 08:34:20.312" level="INFO">Clicking button 'id=order-another'.</msg>
<status status="PASS" starttime="20210526 08:34:20.312" endtime="20210526 08:34:20.608"/>
</kw>
<kw name="Wait Until Element Contains" library="RPA.Browser.Selenium">
<arg>class=modal-body</arg>
<arg>${text}</arg>
<doc>Waits until the element ``locator`` contains ``text``.</doc>
<status status="PASS" starttime="20210526 08:34:20.609" endtime="20210526 08:34:20.648"/>
</kw>
<kw name="Handle Modal">
<kw name="Click Button" library="RPA.Browser.Selenium">
<arg>OK</arg>
<doc>Clicks the button identified by ``locator``.</doc>
<msg timestamp="20210526 08:34:20.648" level="INFO">Clicking button 'OK'.</msg>
<status status="PASS" starttime="20210526 08:34:20.648" endtime="20210526 08:34:20.735"/>
</kw>
<status status="PASS" starttime="20210526 08:34:20.648" endtime="20210526 08:34:20.736"/>
</kw>
<status status="PASS" starttime="20210526 08:34:20.312" endtime="20210526 08:34:20.737"/>
</kw>
<status status="PASS" starttime="20210526 08:34:18.391" endtime="20210526 08:34:20.738"/>
</iter>
<iter>
<var name="${fila}">{'Order number': '3', 'Head': '6', 'Body': '2', 'Legs': '3', 'Address': 'Address 789'}</var>
<kw name="Wait Until Keyword Succeeds" library="BuiltIn">
<arg>${GLOBAL_RETRY_AMOUNT}</arg>
<arg>${GLOBAL_RETRY_INTERVAL}</arg>
<arg>Fill Form</arg>
<arg>${fila}</arg>
<doc>Runs the specified keyword and retries if it fails.</doc>
<kw name="Fill Form">
<arg>${fila}</arg>
<kw name="Wait Until Element Contains" library="RPA.Browser.Selenium">
<arg>class=form-group</arg>
<arg>1.</arg>
<doc>Waits until the element ``locator`` contains ``text``.</doc>
<status status="PASS" starttime="20210526 08:34:20.741" endtime="20210526 08:34:20.792"/>
</kw>
<kw name="Convert To Integer" library="BuiltIn">
<var>${numhead}</var>
<arg>${fila}[Head]</arg>
<doc>Converts the given item to an integer number.</doc>
<msg timestamp="20210526 08:34:20.793" level="INFO">${numhead} = 6</msg>
<status status="PASS" starttime="20210526 08:34:20.792" endtime="20210526 08:34:20.793"/>
</kw>
<kw name="Click Element" library="RPA.Browser.Selenium">
<arg>xpath=${path}/option[${numhead + 1}]</arg>
<doc>Click the element identified by ``locator``.</doc>
<msg timestamp="20210526 08:34:20.796" level="INFO">Clicking element 'xpath=/html[1]/body[1]/div[1]/div[1]/div[1]/div[1]/div[1]/form[1]/div[1]/select[1]/option[7]'.</msg>
<status status="PASS" starttime="20210526 08:34:20.793" endtime="20210526 08:34:20.861"/>
</kw>
<kw name="Click Element" library="RPA.Browser.Selenium">
<arg>id=id-body-${fila}[Body]</arg>
<doc>Click the element identified by ``locator``.</doc>
<msg timestamp="20210526 08:34:20.863" level="INFO">Clicking element 'id=id-body-2'.</msg>
<status status="PASS" starttime="20210526 08:34:20.862" endtime="20210526 08:34:20.955"/>
</kw>
<kw name="Input Text" library="RPA.Browser.Selenium">
<arg>class=form-control</arg>
<arg>${fila}[Legs]</arg>
<doc>Types the given ``text`` into the text field identified by ``locator``.</doc>
<msg timestamp="20210526 08:34:20.955" level="INFO">Typing text '3' into text field 'class=form-control'.</msg>
<status status="PASS" starttime="20210526 08:34:20.955" endtime="20210526 08:34:21.181"/>
</kw>
<kw name="Input Text" library="RPA.Browser.Selenium">
<arg>id=address</arg>
<arg>${fila}[Address]</arg>
<doc>Types the given ``text`` into the text field identified by ``locator``.</doc>
<msg timestamp="20210526 08:34:21.185" level="INFO">Typing text 'Address 789' into text field 'id=address'.</msg>
<status status="PASS" starttime="20210526 08:34:21.183" endtime="20210526 08:34:21.410"/>
</kw>
<kw name="Click Button" library="RPA.Browser.Selenium">
<arg>Preview</arg>
<doc>Clicks the button identified by ``locator``.</doc>
<msg timestamp="20210526 08:34:21.412" level="INFO">Clicking button 'Preview'.</msg>
<status status="PASS" starttime="20210526 08:34:21.411" endtime="20210526 08:34:21.544"/>
</kw>
<status status="PASS" starttime="20210526 08:34:20.741" endtime="20210526 08:34:21.544"/>
</kw>
<status status="PASS" starttime="20210526 08:34:20.739" endtime="20210526 08:34:21.544"/>
</kw>
<kw name="Wait Until Keyword Succeeds" library="BuiltIn">
<arg>${GLOBAL_RETRY_AMOUNT}</arg>
<arg>${GLOBAL_RETRY_INTERVAL}</arg>
<arg>PDF</arg>
<arg>${fila}</arg>
<doc>Runs the specified keyword and retries if it fails.</doc>
<kw name="PDF">
<arg>${fila}</arg>
<kw name="Log" library="BuiltIn">
<arg>${fila}</arg>
<doc>Logs the given message with the given level.</doc>
<msg timestamp="20210526 08:34:21.549" level="INFO">{'Order number': '3', 'Head': '6', 'Body': '2', 'Legs': '3', 'Address': 'Address 789'}</msg>
<status status="PASS" starttime="20210526 08:34:21.548" endtime="20210526 08:34:21.549"/>
</kw>
<kw name="Wait Until Element Is Visible" library="RPA.Browser.Selenium">
<arg>id=order</arg>
<doc>Waits until the element ``locator`` is visible.</doc>
<status status="PASS" starttime="20210526 08:34:21.549" endtime="20210526 08:34:21.588"/>
</kw>
<kw name="Sleep" library="BuiltIn">
<arg>1s</arg>
<doc>Pauses the test executed for the given time.</doc>
<msg timestamp="20210526 08:34:22.593" level="INFO">Slept 1 second</msg>
<status status="PASS" starttime="20210526 08:34:21.589" endtime="20210526 08:34:22.594"/>
</kw>
<kw name="Click Element" library="RPA.Browser.Selenium">
<arg>id=order</arg>
<doc>Click the element identified by ``locator``.</doc>
<msg timestamp="20210526 08:34:22.595" level="INFO">Clicking element 'id=order'.</msg>
<status status="PASS" starttime="20210526 08:34:22.595" endtime="20210526 08:34:22.721"/>
</kw>
<kw name="Wait Until Element Is Visible" library="RPA.Browser.Selenium">
<arg>id=receipt</arg>
<doc>Waits until the element ``locator`` is visible.</doc>
<status status="PASS" starttime="20210526 08:34:22.721" endtime="20210526 08:34:22.755"/>
</kw>
<kw name="Get Element Attribute" library="RPA.Browser.Selenium">
<var>${receipt_html}</var>
<arg>id=receipt</arg>
<arg>outerHTML</arg>
<doc>Returns the value of ``attribute`` from the element ``locator``.</doc>
<msg timestamp="20210526 08:34:22.775" level="INFO">${receipt_html} = &lt;div id="receipt" class="alert alert-success" role="alert"&gt;&lt;h3&gt;Receipt&lt;/h3&gt;&lt;div&gt;2021-05-26T06:34:22.708Z&lt;/div&gt;&lt;p class="badge badge-success"&gt;RSB-ROBO-ORDER-W0AR0O6CD9&lt;/p&gt;&lt;p&gt;Address 789&lt;/p&gt;&lt;div id="par...</msg>
<status status="PASS" starttime="20210526 08:34:22.755" endtime="20210526 08:34:22.775"/>
</kw>
<kw name="Html To Pdf" library="RPA.PDF">
<arg>${receipt_html}</arg>
<arg>${recibopdf}${fila}[Order number].pdf</arg>
<doc>Generate a PDF file from HTML content.</doc>
<msg timestamp="20210526 08:34:22.776" level="INFO">Writing output to file C:\ProgramData\Temp\rcd1f381\AppData\Local\Temp\67_2401_725502900_1\workarea60adebde\output\pdf\receipt3.pdf</msg>
<status status="PASS" starttime="20210526 08:34:22.776" endtime="20210526 08:34:22.782"/>
</kw>
<kw name="Wait Until Element Is Visible" library="RPA.Browser.Selenium">
<arg>id=robot-preview-image</arg>
<doc>Waits until the element ``locator`` is visible.</doc>
<status status="PASS" starttime="20210526 08:34:22.782" endtime="20210526 08:34:22.808"/>
</kw>
<kw name="Capture Element Screenshot" library="RPA.Browser.Selenium">
<var>${screenshot}</var>
<arg>id=robot-preview-image</arg>
<arg>${reciboimg}${fila}[Order number].png</arg>
<doc>Captures a screenshot from the element identified by ``locator`` and embeds it into log file.</doc>
<msg timestamp="20210526 08:34:22.953" level="INFO" html="true">&lt;/td&gt;&lt;/tr&gt;&lt;tr&gt;&lt;td colspan="3"&gt;&lt;a href="img/receipt3.png"&gt;&lt;img src="img/receipt3.png" width="400px"&gt;&lt;/a&gt;</msg>
<msg timestamp="20210526 08:34:22.954" level="INFO">${screenshot} = C:\ProgramData\Temp\rcd1f381\AppData\Local\Temp\67_2401_725502900_1\workarea60adebde\output\img\receipt3.png</msg>
<status status="PASS" starttime="20210526 08:34:22.808" endtime="20210526 08:34:22.954"/>
</kw>
<kw name="Open Pdf" library="RPA.PDF">
<arg>${recibopdf}${fila}[Order number].pdf</arg>
<doc>Open a PDF document for reading.</doc>
<status status="PASS" starttime="20210526 08:34:22.954" endtime="20210526 08:34:22.970"/>
</kw>
<kw name="Add Watermark Image To Pdf" library="RPA.PDF">
<arg>${screenshot}</arg>
<arg>${recibopdf}${fila}[Order number].pdf</arg>
<doc>Add image to PDF which can be new or existing PDF.</doc>
<status status="PASS" starttime="20210526 08:34:22.970" endtime="20210526 08:34:23.063"/>
</kw>
<kw name="Close All Pdfs" library="RPA.PDF">
<doc>Close all opened PDF file descriptors.</doc>
<msg timestamp="20210526 08:34:23.064" level="INFO">Closing PDF document: C:\ProgramData\Temp\rcd1f381\AppData\Local\Temp\67_2401_725502900_1\workarea60adebde\output\pdf\receipt3.pdf</msg>
<status status="PASS" starttime="20210526 08:34:23.063" endtime="20210526 08:34:23.064"/>
</kw>
<status status="PASS" starttime="20210526 08:34:21.547" endtime="20210526 08:34:23.065"/>
</kw>
<status status="PASS" starttime="20210526 08:34:21.545" endtime="20210526 08:34:23.065"/>
</kw>
<kw name="Another one">
<kw name="Click Button" library="RPA.Browser.Selenium">
<arg>id=order-another</arg>
<doc>Clicks the button identified by ``locator``.</doc>
<msg timestamp="20210526 08:34:23.066" level="INFO">Clicking button 'id=order-another'.</msg>
<status status="PASS" starttime="20210526 08:34:23.066" endtime="20210526 08:34:23.320"/>
</kw>
<kw name="Wait Until Element Contains" library="RPA.Browser.Selenium">
<arg>class=modal-body</arg>
<arg>${text}</arg>
<doc>Waits until the element ``locator`` contains ``text``.</doc>
<status status="PASS" starttime="20210526 08:34:23.320" endtime="20210526 08:34:23.362"/>
</kw>
<kw name="Handle Modal">
<kw name="Click Button" library="RPA.Browser.Selenium">
<arg>OK</arg>
<doc>Clicks the button identified by ``locator``.</doc>
<msg timestamp="20210526 08:34:23.362" level="INFO">Clicking button 'OK'.</msg>
<status status="PASS" starttime="20210526 08:34:23.362" endtime="20210526 08:34:23.449"/>
</kw>
<status status="PASS" starttime="20210526 08:34:23.362" endtime="20210526 08:34:23.450"/>
</kw>
<status status="PASS" starttime="20210526 08:34:23.065" endtime="20210526 08:34:23.450"/>
</kw>
<status status="PASS" starttime="20210526 08:34:20.739" endtime="20210526 08:34:23.450"/>
</iter>
<iter>
<var name="${fila}">{'Order number': '4', 'Head': '2', 'Body': '3', 'Legs': '2', 'Address': 'Address 1'}</var>
<kw name="Wait Until Keyword Succeeds" library="BuiltIn">
<arg>${GLOBAL_RETRY_AMOUNT}</arg>
<arg>${GLOBAL_RETRY_INTERVAL}</arg>
<arg>Fill Form</arg>
<arg>${fila}</arg>
<doc>Runs the specified keyword and retries if it fails.</doc>
<kw name="Fill Form">
<arg>${fila}</arg>
<kw name="Wait Until Element Contains" library="RPA.Browser.Selenium">
<arg>class=form-group</arg>
<arg>1.</arg>
<doc>Waits until the element ``locator`` contains ``text``.</doc>
<status status="PASS" starttime="20210526 08:34:23.454" endtime="20210526 08:34:23.502"/>
</kw>
<kw name="Convert To Integer" library="BuiltIn">
<var>${numhead}</var>
<arg>${fila}[Head]</arg>
<doc>Converts the given item to an integer number.</doc>
<msg timestamp="20210526 08:34:23.503" level="INFO">${numhead} = 2</msg>
<status status="PASS" starttime="20210526 08:34:23.503" endtime="20210526 08:34:23.503"/>
</kw>
<kw name="Click Element" library="RPA.Browser.Selenium">
<arg>xpath=${path}/option[${numhead + 1}]</arg>
<doc>Click the element identified by ``locator``.</doc>
<msg timestamp="20210526 08:34:23.507" level="INFO">Clicking element 'xpath=/html[1]/body[1]/div[1]/div[1]/div[1]/div[1]/div[1]/form[1]/div[1]/select[1]/option[3]'.</msg>
<status status="PASS" starttime="20210526 08:34:23.503" endtime="20210526 08:34:23.588"/>
</kw>
<kw name="Click Element" library="RPA.Browser.Selenium">
<arg>id=id-body-${fila}[Body]</arg>
<doc>Click the element identified by ``locator``.</doc>
<msg timestamp="20210526 08:34:23.591" level="INFO">Clicking element 'id=id-body-3'.</msg>
<status status="PASS" starttime="20210526 08:34:23.589" endtime="20210526 08:34:23.755"/>
</kw>
<kw name="Input Text" library="RPA.Browser.Selenium">
<arg>class=form-control</arg>
<arg>${fila}[Legs]</arg>
<doc>Types the given ``text`` into the text field identified by ``locator``.</doc>
<msg timestamp="20210526 08:34:23.758" level="INFO">Typing text '2' into text field 'class=form-control'.</msg>
<status status="PASS" starttime="20210526 08:34:23.756" endtime="20210526 08:34:24.014"/>
</kw>
<kw name="Input Text" library="RPA.Browser.Selenium">
<arg>id=address</arg>
<arg>${fila}[Address]</arg>
<doc>Types the given ``text`` into the text field identified by ``locator``.</doc>
<msg timestamp="20210526 08:34:24.016" level="INFO">Typing text 'Address 1' into text field 'id=address'.</msg>
<status status="PASS" starttime="20210526 08:34:24.014" endtime="20210526 08:34:24.185"/>
</kw>
<kw name="Click Button" library="RPA.Browser.Selenium">
<arg>Preview</arg>
<doc>Clicks the button identified by ``locator``.</doc>
<msg timestamp="20210526 08:34:24.187" level="INFO">Clicking button 'Preview'.</msg>
<status status="PASS" starttime="20210526 08:34:24.186" endtime="20210526 08:34:24.306"/>
</kw>
<status status="PASS" starttime="20210526 08:34:23.453" endtime="20210526 08:34:24.306"/>
</kw>
<status status="PASS" starttime="20210526 08:34:23.452" endtime="20210526 08:34:24.306"/>
</kw>
<kw name="Wait Until Keyword Succeeds" library="BuiltIn">
<arg>${GLOBAL_RETRY_AMOUNT}</arg>
<arg>${GLOBAL_RETRY_INTERVAL}</arg>
<arg>PDF</arg>
<arg>${fila}</arg>
<doc>Runs the specified keyword and retries if it fails.</doc>
<kw name="PDF">
<arg>${fila}</arg>
<kw name="Log" library="BuiltIn">
<arg>${fila}</arg>
<doc>Logs the given message with the given level.</doc>
<msg timestamp="20210526 08:34:24.310" level="INFO">{'Order number': '4', 'Head': '2', 'Body': '3', 'Legs': '2', 'Address': 'Address 1'}</msg>
<status status="PASS" starttime="20210526 08:34:24.308" endtime="20210526 08:34:24.310"/>
</kw>
<kw name="Wait Until Element Is Visible" library="RPA.Browser.Selenium">
<arg>id=order</arg>
<doc>Waits until the element ``locator`` is visible.</doc>
<status status="PASS" starttime="20210526 08:34:24.310" endtime="20210526 08:34:24.345"/>
</kw>
<kw name="Sleep" library="BuiltIn">
<arg>1s</arg>
<doc>Pauses the test executed for the given time.</doc>
<msg timestamp="20210526 08:34:25.353" level="INFO">Slept 1 second</msg>
<status status="PASS" starttime="20210526 08:34:24.345" endtime="20210526 08:34:25.353"/>
</kw>
<kw name="Click Element" library="RPA.Browser.Selenium">
<arg>id=order</arg>
<doc>Click the element identified by ``locator``.</doc>
<msg timestamp="20210526 08:34:25.356" level="INFO">Clicking element 'id=order'.</msg>
<status status="PASS" starttime="20210526 08:34:25.355" endtime="20210526 08:34:25.511"/>
</kw>
<kw name="Wait Until Element Is Visible" library="RPA.Browser.Selenium">
<arg>id=receipt</arg>
<doc>Waits until the element ``locator`` is visible.</doc>
<kw name="Capture Page Screenshot" library="RPA.Browser.Selenium">
<doc>Takes a screenshot of the current page and embeds it into a log file.</doc>
<msg timestamp="20210526 08:34:30.891" level="INFO" html="true">&lt;/td&gt;&lt;/tr&gt;&lt;tr&gt;&lt;td colspan="3"&gt;&lt;a href="screenshots/selenium-screenshot-1.png"&gt;&lt;img src="screenshots/selenium-screenshot-1.png" width="800px"&gt;&lt;/a&gt;</msg>
<status status="PASS" starttime="20210526 08:34:30.540" endtime="20210526 08:34:30.891"/>
</kw>
<msg timestamp="20210526 08:34:30.894" level="FAIL">Element 'id=receipt' not visible after 5 seconds.</msg>
<status status="FAIL" starttime="20210526 08:34:25.512" endtime="20210526 08:34:30.894"/>
</kw>
<kw name="Get Element Attribute" library="RPA.Browser.Selenium">
<var>${receipt_html}</var>
<arg>id=receipt</arg>
<arg>outerHTML</arg>
<doc>Returns the value of ``attribute`` from the element ``locator``.</doc>
<status status="NOT RUN" starttime="20210526 08:34:30.894" endtime="20210526 08:34:30.894"/>
</kw>
<kw name="Html To Pdf" library="RPA.PDF">
<arg>${receipt_html}</arg>
<arg>${recibopdf}${fila}[Order number].pdf</arg>
<doc>Generate a PDF file from HTML content.</doc>
<status status="NOT RUN" starttime="20210526 08:34:30.894" endtime="20210526 08:34:30.894"/>
</kw>
<kw name="Wait Until Element Is Visible" library="RPA.Browser.Selenium">
<arg>id=robot-preview-image</arg>
<doc>Waits until the element ``locator`` is visible.</doc>
<status status="NOT RUN" starttime="20210526 08:34:30.894" endtime="20210526 08:34:30.894"/>
</kw>
<kw name="Capture Element Screenshot" library="RPA.Browser.Selenium">
<var>${screenshot}</var>
<arg>id=robot-preview-image</arg>
<arg>${reciboimg}${fila}[Order number].png</arg>
<doc>Captures a screenshot from the element identified by ``locator`` and embeds it into log file.</doc>
<status status="NOT RUN" starttime="20210526 08:34:30.898" endtime="20210526 08:34:30.898"/>
</kw>
<kw name="Open Pdf" library="RPA.PDF">
<arg>${recibopdf}${fila}[Order number].pdf</arg>
<doc>Open a PDF document for reading.</doc>
<status status="NOT RUN" starttime="20210526 08:34:30.898" endtime="20210526 08:34:30.898"/>
</kw>
<kw name="Add Watermark Image To Pdf" library="RPA.PDF">
<arg>${screenshot}</arg>
<arg>${recibopdf}${fila}[Order number].pdf</arg>
<doc>Add image to PDF which can be new or existing PDF.</doc>
<status status="NOT RUN" starttime="20210526 08:34:30.898" endtime="20210526 08:34:30.898"/>
</kw>
<kw name="Close All Pdfs" library="RPA.PDF">
<doc>Close all opened PDF file descriptors.</doc>
<status status="NOT RUN" starttime="20210526 08:34:30.898" endtime="20210526 08:34:30.898"/>
</kw>
<status status="FAIL" starttime="20210526 08:34:24.308" endtime="20210526 08:34:30.898"/>
</kw>
<kw name="PDF">
<arg>${fila}</arg>
<kw name="Log" library="BuiltIn">
<arg>${fila}</arg>
<doc>Logs the given message with the given level.</doc>
<msg timestamp="20210526 08:34:33.903" level="INFO">{'Order number': '4', 'Head': '2', 'Body': '3', 'Legs': '2', 'Address': 'Address 1'}</msg>
<status status="PASS" starttime="20210526 08:34:33.903" endtime="20210526 08:34:33.903"/>
</kw>
<kw name="Wait Until Element Is Visible" library="RPA.Browser.Selenium">
<arg>id=order</arg>
<doc>Waits until the element ``locator`` is visible.</doc>
<status status="PASS" starttime="20210526 08:34:33.903" endtime="20210526 08:34:33.966"/>
</kw>
<kw name="Sleep" library="BuiltIn">
<arg>1s</arg>
<doc>Pauses the test executed for the given time.</doc>
<msg timestamp="20210526 08:34:34.982" level="INFO">Slept 1 second</msg>
<status status="PASS" starttime="20210526 08:34:33.967" endtime="20210526 08:34:34.982"/>
</kw>
<kw name="Click Element" library="RPA.Browser.Selenium">
<arg>id=order</arg>
<doc>Click the element identified by ``locator``.</doc>
<msg timestamp="20210526 08:34:34.983" level="INFO">Clicking element 'id=order'.</msg>
<status status="PASS" starttime="20210526 08:34:34.983" endtime="20210526 08:34:35.090"/>
</kw>
<kw name="Wait Until Element Is Visible" library="RPA.Browser.Selenium">
<arg>id=receipt</arg>
<doc>Waits until the element ``locator`` is visible.</doc>
<kw name="Capture Page Screenshot" library="RPA.Browser.Selenium">
<doc>Takes a screenshot of the current page and embeds it into a log file.</doc>
<msg timestamp="20210526 08:34:40.426" level="INFO" html="true">&lt;/td&gt;&lt;/tr&gt;&lt;tr&gt;&lt;td colspan="3"&gt;&lt;a href="screenshots/selenium-screenshot-2.png"&gt;&lt;img src="screenshots/selenium-screenshot-2.png" width="800px"&gt;&lt;/a&gt;</msg>
<status status="PASS" starttime="20210526 08:34:40.105" endtime="20210526 08:34:40.427"/>
</kw>
<msg timestamp="20210526 08:34:40.427" level="FAIL">Element 'id=receipt' not visible after 5 seconds.</msg>
<status status="FAIL" starttime="20210526 08:34:35.091" endtime="20210526 08:34:40.427"/>
</kw>
<kw name="Get Element Attribute" library="RPA.Browser.Selenium">
<var>${receipt_html}</var>
<arg>id=receipt</arg>
<arg>outerHTML</arg>
<doc>Returns the value of ``attribute`` from the element ``locator``.</doc>
<status status="NOT RUN" starttime="20210526 08:34:40.427" endtime="20210526 08:34:40.427"/>
</kw>
<kw name="Html To Pdf" library="RPA.PDF">
<arg>${receipt_html}</arg>
<arg>${recibopdf}${fila}[Order number].pdf</arg>
<doc>Generate a PDF file from HTML content.</doc>
<status status="NOT RUN" starttime="20210526 08:34:40.427" endtime="20210526 08:34:40.427"/>
</kw>
<kw name="Wait Until Element Is Visible" library="RPA.Browser.Selenium">
<arg>id=robot-preview-image</arg>
<doc>Waits until the element ``locator`` is visible.</doc>
<status status="NOT RUN" starttime="20210526 08:34:40.427" endtime="20210526 08:34:40.427"/>
</kw>
<kw name="Capture Element Screenshot" library="RPA.Browser.Selenium">
<var>${screenshot}</var>
<arg>id=robot-preview-image</arg>
<arg>${reciboimg}${fila}[Order number].png</arg>
<doc>Captures a screenshot from the element identified by ``locator`` and embeds it into log file.</doc>
<status status="NOT RUN" starttime="20210526 08:34:40.427" endtime="20210526 08:34:40.427"/>
</kw>
<kw name="Open Pdf" library="RPA.PDF">
<arg>${recibopdf}${fila}[Order number].pdf</arg>
<doc>Open a PDF document for reading.</doc>
<status status="NOT RUN" starttime="20210526 08:34:40.427" endtime="20210526 08:34:40.427"/>
</kw>
<kw name="Add Watermark Image To Pdf" library="RPA.PDF">
<arg>${screenshot}</arg>
<arg>${recibopdf}${fila}[Order number].pdf</arg>
<doc>Add image to PDF which can be new or existing PDF.</doc>
<status status="NOT RUN" starttime="20210526 08:34:40.427" endtime="20210526 08:34:40.431"/>
</kw>
<kw name="Close All Pdfs" library="RPA.PDF">
<doc>Close all opened PDF file descriptors.</doc>
<status status="NOT RUN" starttime="20210526 08:34:40.431" endtime="20210526 08:34:40.431"/>
</kw>
<status status="FAIL" starttime="20210526 08:34:33.900" endtime="20210526 08:34:40.431"/>
</kw>
<kw name="PDF">
<arg>${fila}</arg>
<kw name="Log" library="BuiltIn">
<arg>${fila}</arg>
<doc>Logs the given message with the given level.</doc>
<msg timestamp="20210526 08:34:43.439" level="INFO">{'Order number': '4', 'Head': '2', 'Body': '3', 'Legs': '2', 'Address': 'Address 1'}</msg>
<status status="PASS" starttime="20210526 08:34:43.439" endtime="20210526 08:34:43.439"/>
</kw>
<kw name="Wait Until Element Is Visible" library="RPA.Browser.Selenium">
<arg>id=order</arg>
<doc>Waits until the element ``locator`` is visible.</doc>
<status status="PASS" starttime="20210526 08:34:43.444" endtime="20210526 08:34:43.504"/>
</kw>
<kw name="Sleep" library="BuiltIn">
<arg>1s</arg>
<doc>Pauses the test executed for the given time.</doc>
<msg timestamp="20210526 08:34:44.512" level="INFO">Slept 1 second</msg>
<status status="PASS" starttime="20210526 08:34:43.504" endtime="20210526 08:34:44.513"/>
</kw>
<kw name="Click Element" library="RPA.Browser.Selenium">
<arg>id=order</arg>
<doc>Click the element identified by ``locator``.</doc>
<msg timestamp="20210526 08:34:44.515" level="INFO">Clicking element 'id=order'.</msg>
<status status="PASS" starttime="20210526 08:34:44.514" endtime="20210526 08:34:44.645"/>
</kw>
<kw name="Wait Until Element Is Visible" library="RPA.Browser.Selenium">
<arg>id=receipt</arg>
<doc>Waits until the element ``locator`` is visible.</doc>
<status status="PASS" starttime="20210526 08:34:44.646" endtime="20210526 08:34:44.719"/>
</kw>
<kw name="Get Element Attribute" library="RPA.Browser.Selenium">
<var>${receipt_html}</var>
<arg>id=receipt</arg>
<arg>outerHTML</arg>
<doc>Returns the value of ``attribute`` from the element ``locator``.</doc>
<msg timestamp="20210526 08:34:44.768" level="INFO">${receipt_html} = &lt;div id="receipt" class="alert alert-success" role="alert"&gt;&lt;h3&gt;Receipt&lt;/h3&gt;&lt;div&gt;2021-05-26T06:34:44.622Z&lt;/div&gt;&lt;p class="badge badge-success"&gt;RSB-ROBO-ORDER-65XIXBDBGM&lt;/p&gt;&lt;p&gt;Address 1&lt;/p&gt;&lt;div id="parts...</msg>
<status status="PASS" starttime="20210526 08:34:44.721" endtime="20210526 08:34:44.768"/>
</kw>
<kw name="Html To Pdf" library="RPA.PDF">
<arg>${receipt_html}</arg>
<arg>${recibopdf}${fila}[Order number].pdf</arg>
<doc>Generate a PDF file from HTML content.</doc>
<msg timestamp="20210526 08:34:44.772" level="INFO">Writing output to file C:\ProgramData\Temp\rcd1f381\AppData\Local\Temp\67_2401_725502900_1\workarea60adebde\output\pdf\receipt4.pdf</msg>
<status status="PASS" starttime="20210526 08:34:44.768" endtime="20210526 08:34:44.785"/>
</kw>
<kw name="Wait Until Element Is Visible" library="RPA.Browser.Selenium">
<arg>id=robot-preview-image</arg>
<doc>Waits until the element ``locator`` is visible.</doc>
<status status="PASS" starttime="20210526 08:34:44.786" endtime="20210526 08:34:44.856"/>
</kw>
<kw name="Capture Element Screenshot" library="RPA.Browser.Selenium">
<var>${screenshot}</var>
<arg>id=robot-preview-image</arg>
<arg>${reciboimg}${fila}[Order number].png</arg>
<doc>Captures a screenshot from the element identified by ``locator`` and embeds it into log file.</doc>
<msg timestamp="20210526 08:34:45.202" level="INFO" html="true">&lt;/td&gt;&lt;/tr&gt;&lt;tr&gt;&lt;td colspan="3"&gt;&lt;a href="img/receipt4.png"&gt;&lt;img src="img/receipt4.png" width="400px"&gt;&lt;/a&gt;</msg>
<msg timestamp="20210526 08:34:45.203" level="INFO">${screenshot} = C:\ProgramData\Temp\rcd1f381\AppData\Local\Temp\67_2401_725502900_1\workarea60adebde\output\img\receipt4.png</msg>
<status status="PASS" starttime="20210526 08:34:44.857" endtime="20210526 08:34:45.204"/>
</kw>
<kw name="Open Pdf" library="RPA.PDF">
<arg>${recibopdf}${fila}[Order number].pdf</arg>
<doc>Open a PDF document for reading.</doc>
<status status="PASS" starttime="20210526 08:34:45.205" endtime="20210526 08:34:45.254"/>
</kw>
<kw name="Add Watermark Image To Pdf" library="RPA.PDF">
<arg>${screenshot}</arg>
<arg>${recibopdf}${fila}[Order number].pdf</arg>
<doc>Add image to PDF which can be new or existing PDF.</doc>
<status status="PASS" starttime="20210526 08:34:45.255" endtime="20210526 08:34:45.506"/>
</kw>
<kw name="Close All Pdfs" library="RPA.PDF">
<doc>Close all opened PDF file descriptors.</doc>
<msg timestamp="20210526 08:34:45.509" level="INFO">Closing PDF document: C:\ProgramData\Temp\rcd1f381\AppData\Local\Temp\67_2401_725502900_1\workarea60adebde\output\pdf\receipt4.pdf</msg>
<status status="PASS" starttime="20210526 08:34:45.507" endtime="20210526 08:34:45.510"/>
</kw>
<status status="PASS" starttime="20210526 08:34:43.437" endtime="20210526 08:34:45.513"/>
</kw>
<status status="PASS" starttime="20210526 08:34:24.307" endtime="20210526 08:34:45.515"/>
</kw>
<kw name="Another one">
<kw name="Click Button" library="RPA.Browser.Selenium">
<arg>id=order-another</arg>
<doc>Clicks the button identified by ``locator``.</doc>
<msg timestamp="20210526 08:34:45.521" level="INFO">Clicking button 'id=order-another'.</msg>
<status status="PASS" starttime="20210526 08:34:45.518" endtime="20210526 08:34:46.056"/>
</kw>
<kw name="Wait Until Element Contains" library="RPA.Browser.Selenium">
<arg>class=modal-body</arg>
<arg>${text}</arg>
<doc>Waits until the element ``locator`` contains ``text``.</doc>
<status status="PASS" starttime="20210526 08:34:46.056" endtime="20210526 08:34:46.101"/>
</kw>
<kw name="Handle Modal">
<kw name="Click Button" library="RPA.Browser.Selenium">
<arg>OK</arg>
<doc>Clicks the button identified by ``locator``.</doc>
<msg timestamp="20210526 08:34:46.101" level="INFO">Clicking button 'OK'.</msg>
<status status="PASS" starttime="20210526 08:34:46.101" endtime="20210526 08:34:46.235"/>
</kw>
<status status="PASS" starttime="20210526 08:34:46.101" endtime="20210526 08:34:46.236"/>
</kw>
<status status="PASS" starttime="20210526 08:34:45.516" endtime="20210526 08:34:46.237"/>
</kw>
<status status="PASS" starttime="20210526 08:34:23.451" endtime="20210526 08:34:46.237"/>
</iter>
<iter>
<var name="${fila}">{'Order number': '5', 'Head': '3', 'Body': '5', 'Legs': '1', 'Address': 'Address 2'}</var>
<kw name="Wait Until Keyword Succeeds" library="BuiltIn">
<arg>${GLOBAL_RETRY_AMOUNT}</arg>
<arg>${GLOBAL_RETRY_INTERVAL}</arg>
<arg>Fill Form</arg>
<arg>${fila}</arg>
<doc>Runs the specified keyword and retries if it fails.</doc>
<kw name="Fill Form">
<arg>${fila}</arg>
<kw name="Wait Until Element Contains" library="RPA.Browser.Selenium">
<arg>class=form-group</arg>
<arg>1.</arg>
<doc>Waits until the element ``locator`` contains ``text``.</doc>
<status status="PASS" starttime="20210526 08:34:46.243" endtime="20210526 08:34:46.315"/>
</kw>
<kw name="Convert To Integer" library="BuiltIn">
<var>${numhead}</var>
<arg>${fila}[Head]</arg>
<doc>Converts the given item to an integer number.</doc>
<msg timestamp="20210526 08:34:46.320" level="INFO">${numhead} = 3</msg>
<status status="PASS" starttime="20210526 08:34:46.317" endtime="20210526 08:34:46.320"/>
</kw>
<kw name="Click Element" library="RPA.Browser.Selenium">
<arg>xpath=${path}/option[${numhead + 1}]</arg>
<doc>Click the element identified by ``locator``.</doc>
<msg timestamp="20210526 08:34:46.323" level="INFO">Clicking element 'xpath=/html[1]/body[1]/div[1]/div[1]/div[1]/div[1]/div[1]/form[1]/div[1]/select[1]/option[4]'.</msg>
<status status="PASS" starttime="20210526 08:34:46.321" endtime="20210526 08:34:46.420"/>
</kw>
<kw name="Click Element" library="RPA.Browser.Selenium">
<arg>id=id-body-${fila}[Body]</arg>
<doc>Click the element identified by ``locator``.</doc>
<msg timestamp="20210526 08:34:46.421" level="INFO">Clicking element 'id=id-body-5'.</msg>
<status status="PASS" starttime="20210526 08:34:46.420" endtime="20210526 08:34:46.566"/>
</kw>
<kw name="Input Text" library="RPA.Browser.Selenium">
<arg>class=form-control</arg>
<arg>${fila}[Legs]</arg>
<doc>Types the given ``text`` into the text field identified by ``locator``.</doc>
<msg timestamp="20210526 08:34:46.569" level="INFO">Typing text '1' into text field 'class=form-control'.</msg>
<status status="PASS" starttime="20210526 08:34:46.567" endtime="20210526 08:34:46.811"/>
</kw>
<kw name="Input Text" library="RPA.Browser.Selenium">
<arg>id=address</arg>
<arg>${fila}[Address]</arg>
<doc>Types the given ``text`` into the text field identified by ``locator``.</doc>
<msg timestamp="20210526 08:34:46.814" level="INFO">Typing text 'Address 2' into text field 'id=address'.</msg>
<status status="PASS" starttime="20210526 08:34:46.812" endtime="20210526 08:34:47.121"/>
</kw>
<kw name="Click Button" library="RPA.Browser.Selenium">
<arg>Preview</arg>
<doc>Clicks the button identified by ``locator``.</doc>
<msg timestamp="20210526 08:34:47.122" level="INFO">Clicking button 'Preview'.</msg>
<status status="PASS" starttime="20210526 08:34:47.121" endtime="20210526 08:34:47.324"/>
</kw>
<status status="PASS" starttime="20210526 08:34:46.241" endtime="20210526 08:34:47.325"/>
</kw>
<status status="PASS" starttime="20210526 08:34:46.239" endtime="20210526 08:34:47.325"/>
</kw>
<kw name="Wait Until Keyword Succeeds" library="BuiltIn">
<arg>${GLOBAL_RETRY_AMOUNT}</arg>
<arg>${GLOBAL_RETRY_INTERVAL}</arg>
<arg>PDF</arg>
<arg>${fila}</arg>
<doc>Runs the specified keyword and retries if it fails.</doc>
<kw name="PDF">
<arg>${fila}</arg>
<kw name="Log" library="BuiltIn">
<arg>${fila}</arg>
<doc>Logs the given message with the given level.</doc>
<msg timestamp="20210526 08:34:47.334" level="INFO">{'Order number': '5', 'Head': '3', 'Body': '5', 'Legs': '1', 'Address': 'Address 2'}</msg>
<status status="PASS" starttime="20210526 08:34:47.333" endtime="20210526 08:34:47.335"/>
</kw>
<kw name="Wait Until Element Is Visible" library="RPA.Browser.Selenium">
<arg>id=order</arg>
<doc>Waits until the element ``locator`` is visible.</doc>
<status status="PASS" starttime="20210526 08:34:47.335" endtime="20210526 08:34:47.402"/>
</kw>
<kw name="Sleep" library="BuiltIn">
<arg>1s</arg>
<doc>Pauses the test executed for the given time.</doc>
<msg timestamp="20210526 08:34:48.417" level="INFO">Slept 1 second</msg>
<status status="PASS" starttime="20210526 08:34:47.403" endtime="20210526 08:34:48.417"/>
</kw>
<kw name="Click Element" library="RPA.Browser.Selenium">
<arg>id=order</arg>
<doc>Click the element identified by ``locator``.</doc>
<msg timestamp="20210526 08:34:48.418" level="INFO">Clicking element 'id=order'.</msg>
<status status="PASS" starttime="20210526 08:34:48.417" endtime="20210526 08:34:48.508"/>
</kw>
<kw name="Wait Until Element Is Visible" library="RPA.Browser.Selenium">
<arg>id=receipt</arg>
<doc>Waits until the element ``locator`` is visible.</doc>
<status status="PASS" starttime="20210526 08:34:48.509" endtime="20210526 08:34:48.551"/>
</kw>
<kw name="Get Element Attribute" library="RPA.Browser.Selenium">
<var>${receipt_html}</var>
<arg>id=receipt</arg>
<arg>outerHTML</arg>
<doc>Returns the value of ``attribute`` from the element ``locator``.</doc>
<msg timestamp="20210526 08:34:48.582" level="INFO">${receipt_html} = &lt;div id="receipt" class="alert alert-success" role="alert"&gt;&lt;h3&gt;Receipt&lt;/h3&gt;&lt;div&gt;2021-05-26T06:34:48.495Z&lt;/div&gt;&lt;p class="badge badge-success"&gt;RSB-ROBO-ORDER-63MO0JZWJH&lt;/p&gt;&lt;p&gt;Address 2&lt;/p&gt;&lt;div id="parts...</msg>
<status status="PASS" starttime="20210526 08:34:48.551" endtime="20210526 08:34:48.582"/>
</kw>
<kw name="Html To Pdf" library="RPA.PDF">
<arg>${receipt_html}</arg>
<arg>${recibopdf}${fila}[Order number].pdf</arg>
<doc>Generate a PDF file from HTML content.</doc>
<msg timestamp="20210526 08:34:48.585" level="INFO">Writing output to file C:\ProgramData\Temp\rcd1f381\AppData\Local\Temp\67_2401_725502900_1\workarea60adebde\output\pdf\receipt5.pdf</msg>
<status status="PASS" starttime="20210526 08:34:48.583" endtime="20210526 08:34:48.596"/>
</kw>
<kw name="Wait Until Element Is Visible" library="RPA.Browser.Selenium">
<arg>id=robot-preview-image</arg>
<doc>Waits until the element ``locator`` is visible.</doc>
<status status="PASS" starttime="20210526 08:34:48.596" endtime="20210526 08:34:48.637"/>
</kw>
<kw name="Capture Element Screenshot" library="RPA.Browser.Selenium">
<var>${screenshot}</var>
<arg>id=robot-preview-image</arg>
<arg>${reciboimg}${fila}[Order number].png</arg>
<doc>Captures a screenshot from the element identified by ``locator`` and embeds it into log file.</doc>
<msg timestamp="20210526 08:34:48.821" level="INFO" html="true">&lt;/td&gt;&lt;/tr&gt;&lt;tr&gt;&lt;td colspan="3"&gt;&lt;a href="img/receipt5.png"&gt;&lt;img src="img/receipt5.png" width="400px"&gt;&lt;/a&gt;</msg>
<msg timestamp="20210526 08:34:48.822" level="INFO">${screenshot} = C:\ProgramData\Temp\rcd1f381\AppData\Local\Temp\67_2401_725502900_1\workarea60adebde\output\img\receipt5.png</msg>
<status status="PASS" starttime="20210526 08:34:48.638" endtime="20210526 08:34:48.822"/>
</kw>
<kw name="Open Pdf" library="RPA.PDF">
<arg>${recibopdf}${fila}[Order number].pdf</arg>
<doc>Open a PDF document for reading.</doc>
<status status="PASS" starttime="20210526 08:34:48.822" endtime="20210526 08:34:48.843"/>
</kw>
<kw name="Add Watermark Image To Pdf" library="RPA.PDF">
<arg>${screenshot}</arg>
<arg>${recibopdf}${fila}[Order number].pdf</arg>
<doc>Add image to PDF which can be new or existing PDF.</doc>
<status status="PASS" starttime="20210526 08:34:48.844" endtime="20210526 08:34:49.007"/>
</kw>
<kw name="Close All Pdfs" library="RPA.PDF">
<doc>Close all opened PDF file descriptors.</doc>
<msg timestamp="20210526 08:34:49.008" level="INFO">Closing PDF document: C:\ProgramData\Temp\rcd1f381\AppData\Local\Temp\67_2401_725502900_1\workarea60adebde\output\pdf\receipt5.pdf</msg>
<status status="PASS" starttime="20210526 08:34:49.007" endtime="20210526 08:34:49.009"/>
</kw>
<status status="PASS" starttime="20210526 08:34:47.329" endtime="20210526 08:34:49.010"/>
</kw>
<status status="PASS" starttime="20210526 08:34:47.326" endtime="20210526 08:34:49.010"/>
</kw>
<kw name="Another one">
<kw name="Click Button" library="RPA.Browser.Selenium">
<arg>id=order-another</arg>
<doc>Clicks the button identified by ``locator``.</doc>
<msg timestamp="20210526 08:34:49.013" level="INFO">Clicking button 'id=order-another'.</msg>
<status status="PASS" starttime="20210526 08:34:49.012" endtime="20210526 08:34:49.322"/>
</kw>
<kw name="Wait Until Element Contains" library="RPA.Browser.Selenium">
<arg>class=modal-body</arg>
<arg>${text}</arg>
<doc>Waits until the element ``locator`` contains ``text``.</doc>
<status status="PASS" starttime="20210526 08:34:49.322" endtime="20210526 08:34:49.394"/>
</kw>
<kw name="Handle Modal">
<kw name="Click Button" library="RPA.Browser.Selenium">
<arg>OK</arg>
<doc>Clicks the button identified by ``locator``.</doc>
<msg timestamp="20210526 08:34:49.396" level="INFO">Clicking button 'OK'.</msg>
<status status="PASS" starttime="20210526 08:34:49.396" endtime="20210526 08:34:49.507"/>
</kw>
<status status="PASS" starttime="20210526 08:34:49.395" endtime="20210526 08:34:49.507"/>
</kw>
<status status="PASS" starttime="20210526 08:34:49.010" endtime="20210526 08:34:49.509"/>
</kw>
<status status="PASS" starttime="20210526 08:34:46.238" endtime="20210526 08:34:49.510"/>
</iter>
<iter>
<var name="${fila}">{'Order number': '6', 'Head': '1', 'Body': '6', 'Legs': '6', 'Address': 'Address 3'}</var>
<kw name="Wait Until Keyword Succeeds" library="BuiltIn">
<arg>${GLOBAL_RETRY_AMOUNT}</arg>
<arg>${GLOBAL_RETRY_INTERVAL}</arg>
<arg>Fill Form</arg>
<arg>${fila}</arg>
<doc>Runs the specified keyword and retries if it fails.</doc>
<kw name="Fill Form">
<arg>${fila}</arg>
<kw name="Wait Until Element Contains" library="RPA.Browser.Selenium">
<arg>class=form-group</arg>
<arg>1.</arg>
<doc>Waits until the element ``locator`` contains ``text``.</doc>
<status status="PASS" starttime="20210526 08:34:49.512" endtime="20210526 08:34:49.571"/>
</kw>
<kw name="Convert To Integer" library="BuiltIn">
<var>${numhead}</var>
<arg>${fila}[Head]</arg>
<doc>Converts the given item to an integer number.</doc>
<msg timestamp="20210526 08:34:49.576" level="INFO">${numhead} = 1</msg>
<status status="PASS" starttime="20210526 08:34:49.571" endtime="20210526 08:34:49.576"/>
</kw>
<kw name="Click Element" library="RPA.Browser.Selenium">
<arg>xpath=${path}/option[${numhead + 1}]</arg>
<doc>Click the element identified by ``locator``.</doc>
<msg timestamp="20210526 08:34:49.581" level="INFO">Clicking element 'xpath=/html[1]/body[1]/div[1]/div[1]/div[1]/div[1]/div[1]/form[1]/div[1]/select[1]/option[2]'.</msg>
<status status="PASS" starttime="20210526 08:34:49.576" endtime="20210526 08:34:49.655"/>
</kw>
<kw name="Click Element" library="RPA.Browser.Selenium">
<arg>id=id-body-${fila}[Body]</arg>
<doc>Click the element identified by ``locator``.</doc>
<msg timestamp="20210526 08:34:49.658" level="INFO">Clicking element 'id=id-body-6'.</msg>
<status status="PASS" starttime="20210526 08:34:49.656" endtime="20210526 08:34:49.805"/>
</kw>
<kw name="Input Text" library="RPA.Browser.Selenium">
<arg>class=form-control</arg>
<arg>${fila}[Legs]</arg>
<doc>Types the given ``text`` into the text field identified by ``locator``.</doc>
<msg timestamp="20210526 08:34:49.809" level="INFO">Typing text '6' into text field 'class=form-control'.</msg>
<status status="PASS" starttime="20210526 08:34:49.807" endtime="20210526 08:34:50.005"/>
</kw>
<kw name="Input Text" library="RPA.Browser.Selenium">
<arg>id=address</arg>
<arg>${fila}[Address]</arg>
<doc>Types the given ``text`` into the text field identified by ``locator``.</doc>
<msg timestamp="20210526 08:34:50.006" level="INFO">Typing text 'Address 3' into text field 'id=address'.</msg>
<status status="PASS" starttime="20210526 08:34:50.005" endtime="20210526 08:34:50.196"/>
</kw>
<kw name="Click Button" library="RPA.Browser.Selenium">
<arg>Preview</arg>
<doc>Clicks the button identified by ``locator``.</doc>
<msg timestamp="20210526 08:34:50.197" level="INFO">Clicking button 'Preview'.</msg>
<status status="PASS" starttime="20210526 08:34:50.197" endtime="20210526 08:34:50.333"/>
</kw>
<status status="PASS" starttime="20210526 08:34:49.512" endtime="20210526 08:34:50.334"/>
</kw>
<status status="PASS" starttime="20210526 08:34:49.511" endtime="20210526 08:34:50.334"/>
</kw>
<kw name="Wait Until Keyword Succeeds" library="BuiltIn">
<arg>${GLOBAL_RETRY_AMOUNT}</arg>
<arg>${GLOBAL_RETRY_INTERVAL}</arg>
<arg>PDF</arg>
<arg>${fila}</arg>
<doc>Runs the specified keyword and retries if it fails.</doc>
<kw name="PDF">
<arg>${fila}</arg>
<kw name="Log" library="BuiltIn">
<arg>${fila}</arg>
<doc>Logs the given message with the given level.</doc>
<msg timestamp="20210526 08:34:50.338" level="INFO">{'Order number': '6', 'Head': '1', 'Body': '6', 'Legs': '6', 'Address': 'Address 3'}</msg>
<status status="PASS" starttime="20210526 08:34:50.337" endtime="20210526 08:34:50.338"/>
</kw>
<kw name="Wait Until Element Is Visible" library="RPA.Browser.Selenium">
<arg>id=order</arg>
<doc>Waits until the element ``locator`` is visible.</doc>
<status status="PASS" starttime="20210526 08:34:50.338" endtime="20210526 08:34:50.381"/>
</kw>
<kw name="Sleep" library="BuiltIn">
<arg>1s</arg>
<doc>Pauses the test executed for the given time.</doc>
<msg timestamp="20210526 08:34:51.393" level="INFO">Slept 1 second</msg>
<status status="PASS" starttime="20210526 08:34:50.381" endtime="20210526 08:34:51.393"/>
</kw>
<kw name="Click Element" library="RPA.Browser.Selenium">
<arg>id=order</arg>
<doc>Click the element identified by ``locator``.</doc>
<msg timestamp="20210526 08:34:51.394" level="INFO">Clicking element 'id=order'.</msg>
<status status="PASS" starttime="20210526 08:34:51.394" endtime="20210526 08:34:51.486"/>
</kw>
<kw name="Wait Until Element Is Visible" library="RPA.Browser.Selenium">
<arg>id=receipt</arg>
<doc>Waits until the element ``locator`` is visible.</doc>
<status status="PASS" starttime="20210526 08:34:51.486" endtime="20210526 08:34:51.524"/>
</kw>
<kw name="Get Element Attribute" library="RPA.Browser.Selenium">
<var>${receipt_html}</var>
<arg>id=receipt</arg>
<arg>outerHTML</arg>
<doc>Returns the value of ``attribute`` from the element ``locator``.</doc>
<msg timestamp="20210526 08:34:51.553" level="INFO">${receipt_html} = &lt;div id="receipt" class="alert alert-success" role="alert"&gt;&lt;h3&gt;Receipt&lt;/h3&gt;&lt;div&gt;2021-05-26T06:34:51.475Z&lt;/div&gt;&lt;p class="badge badge-success"&gt;RSB-ROBO-ORDER-I7GO1BNIBP&lt;/p&gt;&lt;p&gt;Address 3&lt;/p&gt;&lt;div id="parts...</msg>
<status status="PASS" starttime="20210526 08:34:51.524" endtime="20210526 08:34:51.553"/>
</kw>
<kw name="Html To Pdf" library="RPA.PDF">
<arg>${receipt_html}</arg>
<arg>${recibopdf}${fila}[Order number].pdf</arg>
<doc>Generate a PDF file from HTML content.</doc>
<msg timestamp="20210526 08:34:51.556" level="INFO">Writing output to file C:\ProgramData\Temp\rcd1f381\AppData\Local\Temp\67_2401_725502900_1\workarea60adebde\output\pdf\receipt6.pdf</msg>
<status status="PASS" starttime="20210526 08:34:51.553" endtime="20210526 08:34:51.563"/>
</kw>
<kw name="Wait Until Element Is Visible" library="RPA.Browser.Selenium">
<arg>id=robot-preview-image</arg>
<doc>Waits until the element ``locator`` is visible.</doc>
<status status="PASS" starttime="20210526 08:34:51.564" endtime="20210526 08:34:51.603"/>
</kw>
<kw name="Capture Element Screenshot" library="RPA.Browser.Selenium">
<var>${screenshot}</var>
<arg>id=robot-preview-image</arg>
<arg>${reciboimg}${fila}[Order number].png</arg>
<doc>Captures a screenshot from the element identified by ``locator`` and embeds it into log file.</doc>
<msg timestamp="20210526 08:34:51.783" level="INFO" html="true">&lt;/td&gt;&lt;/tr&gt;&lt;tr&gt;&lt;td colspan="3"&gt;&lt;a href="img/receipt6.png"&gt;&lt;img src="img/receipt6.png" width="400px"&gt;&lt;/a&gt;</msg>
<msg timestamp="20210526 08:34:51.783" level="INFO">${screenshot} = C:\ProgramData\Temp\rcd1f381\AppData\Local\Temp\67_2401_725502900_1\workarea60adebde\output\img\receipt6.png</msg>
<status status="PASS" starttime="20210526 08:34:51.604" endtime="20210526 08:34:51.783"/>
</kw>
<kw name="Open Pdf" library="RPA.PDF">
<arg>${recibopdf}${fila}[Order number].pdf</arg>
<doc>Open a PDF document for reading.</doc>
<status status="PASS" starttime="20210526 08:34:51.784" endtime="20210526 08:34:51.800"/>
</kw>
<kw name="Add Watermark Image To Pdf" library="RPA.PDF">
<arg>${screenshot}</arg>
<arg>${recibopdf}${fila}[Order number].pdf</arg>
<doc>Add image to PDF which can be new or existing PDF.</doc>
<status status="PASS" starttime="20210526 08:34:51.800" endtime="20210526 08:34:51.907"/>
</kw>
<kw name="Close All Pdfs" library="RPA.PDF">
<doc>Close all opened PDF file descriptors.</doc>
<msg timestamp="20210526 08:34:51.913" level="INFO">Closing PDF document: C:\ProgramData\Temp\rcd1f381\AppData\Local\Temp\67_2401_725502900_1\workarea60adebde\output\pdf\receipt6.pdf</msg>
<status status="PASS" starttime="20210526 08:34:51.911" endtime="20210526 08:34:51.914"/>
</kw>
<status status="PASS" starttime="20210526 08:34:50.335" endtime="20210526 08:34:51.914"/>
</kw>
<status status="PASS" starttime="20210526 08:34:50.335" endtime="20210526 08:34:51.914"/>
</kw>
<kw name="Another one">
<kw name="Click Button" library="RPA.Browser.Selenium">
<arg>id=order-another</arg>
<doc>Clicks the button identified by ``locator``.</doc>
<msg timestamp="20210526 08:34:51.920" level="INFO">Clicking button 'id=order-another'.</msg>
<status status="PASS" starttime="20210526 08:34:51.918" endtime="20210526 08:34:52.611"/>
</kw>
<kw name="Wait Until Element Contains" library="RPA.Browser.Selenium">
<arg>class=modal-body</arg>
<arg>${text}</arg>
<doc>Waits until the element ``locator`` contains ``text``.</doc>
<status status="PASS" starttime="20210526 08:34:52.612" endtime="20210526 08:34:52.663"/>
</kw>
<kw name="Handle Modal">
<kw name="Click Button" library="RPA.Browser.Selenium">
<arg>OK</arg>
<doc>Clicks the button identified by ``locator``.</doc>
<msg timestamp="20210526 08:34:52.665" level="INFO">Clicking button 'OK'.</msg>
<status status="PASS" starttime="20210526 08:34:52.665" endtime="20210526 08:34:52.745"/>
</kw>
<status status="PASS" starttime="20210526 08:34:52.663" endtime="20210526 08:34:52.746"/>
</kw>
<status status="PASS" starttime="20210526 08:34:51.914" endtime="20210526 08:34:52.746"/>
</kw>
<status status="PASS" starttime="20210526 08:34:49.510" endtime="20210526 08:34:52.746"/>
</iter>
<iter>
<var name="${fila}">{'Order number': '7', 'Head': '5', 'Body': '1', 'Legs': '5', 'Address': 'Address 4'}</var>
<kw name="Wait Until Keyword Succeeds" library="BuiltIn">
<arg>${GLOBAL_RETRY_AMOUNT}</arg>
<arg>${GLOBAL_RETRY_INTERVAL}</arg>
<arg>Fill Form</arg>
<arg>${fila}</arg>
<doc>Runs the specified keyword and retries if it fails.</doc>
<kw name="Fill Form">
<arg>${fila}</arg>
<kw name="Wait Until Element Contains" library="RPA.Browser.Selenium">
<arg>class=form-group</arg>
<arg>1.</arg>
<doc>Waits until the element ``locator`` contains ``text``.</doc>
<status status="PASS" starttime="20210526 08:34:52.750" endtime="20210526 08:34:52.786"/>
</kw>
<kw name="Convert To Integer" library="BuiltIn">
<var>${numhead}</var>
<arg>${fila}[Head]</arg>
<doc>Converts the given item to an integer number.</doc>
<msg timestamp="20210526 08:34:52.788" level="INFO">${numhead} = 5</msg>
<status status="PASS" starttime="20210526 08:34:52.787" endtime="20210526 08:34:52.788"/>
</kw>
<kw name="Click Element" library="RPA.Browser.Selenium">
<arg>xpath=${path}/option[${numhead + 1}]</arg>
<doc>Click the element identified by ``locator``.</doc>
<msg timestamp="20210526 08:34:52.791" level="INFO">Clicking element 'xpath=/html[1]/body[1]/div[1]/div[1]/div[1]/div[1]/div[1]/form[1]/div[1]/select[1]/option[6]'.</msg>
<status status="PASS" starttime="20210526 08:34:52.789" endtime="20210526 08:34:52.863"/>
</kw>
<kw name="Click Element" library="RPA.Browser.Selenium">
<arg>id=id-body-${fila}[Body]</arg>
<doc>Click the element identified by ``locator``.</doc>
<msg timestamp="20210526 08:34:52.864" level="INFO">Clicking element 'id=id-body-1'.</msg>
<status status="PASS" starttime="20210526 08:34:52.863" endtime="20210526 08:34:52.965"/>
</kw>
<kw name="Input Text" library="RPA.Browser.Selenium">
<arg>class=form-control</arg>
<arg>${fila}[Legs]</arg>
<doc>Types the given ``text`` into the text field identified by ``locator``.</doc>
<msg timestamp="20210526 08:34:52.965" level="INFO">Typing text '5' into text field 'class=form-control'.</msg>
<status status="PASS" starttime="20210526 08:34:52.965" endtime="20210526 08:34:53.130"/>
</kw>
<kw name="Input Text" library="RPA.Browser.Selenium">
<arg>id=address</arg>
<arg>${fila}[Address]</arg>
<doc>Types the given ``text`` into the text field identified by ``locator``.</doc>
<msg timestamp="20210526 08:34:53.131" level="INFO">Typing text 'Address 4' into text field 'id=address'.</msg>
<status status="PASS" starttime="20210526 08:34:53.130" endtime="20210526 08:34:53.344"/>
</kw>
<kw name="Click Button" library="RPA.Browser.Selenium">
<arg>Preview</arg>
<doc>Clicks the button identified by ``locator``.</doc>
<msg timestamp="20210526 08:34:53.346" level="INFO">Clicking button 'Preview'.</msg>
<status status="PASS" starttime="20210526 08:34:53.345" endtime="20210526 08:34:53.448"/>
</kw>
<status status="PASS" starttime="20210526 08:34:52.748" endtime="20210526 08:34:53.449"/>
</kw>
<status status="PASS" starttime="20210526 08:34:52.747" endtime="20210526 08:34:53.449"/>
</kw>
<kw name="Wait Until Keyword Succeeds" library="BuiltIn">
<arg>${GLOBAL_RETRY_AMOUNT}</arg>
<arg>${GLOBAL_RETRY_INTERVAL}</arg>
<arg>PDF</arg>
<arg>${fila}</arg>
<doc>Runs the specified keyword and retries if it fails.</doc>
<kw name="PDF">
<arg>${fila}</arg>
<kw name="Log" library="BuiltIn">
<arg>${fila}</arg>
<doc>Logs the given message with the given level.</doc>
<msg timestamp="20210526 08:34:53.455" level="INFO">{'Order number': '7', 'Head': '5', 'Body': '1', 'Legs': '5', 'Address': 'Address 4'}</msg>
<status status="PASS" starttime="20210526 08:34:53.455" endtime="20210526 08:34:53.456"/>
</kw>
<kw name="Wait Until Element Is Visible" library="RPA.Browser.Selenium">
<arg>id=order</arg>
<doc>Waits until the element ``locator`` is visible.</doc>
<status status="PASS" starttime="20210526 08:34:53.456" endtime="20210526 08:34:53.487"/>
</kw>
<kw name="Sleep" library="BuiltIn">
<arg>1s</arg>
<doc>Pauses the test executed for the given time.</doc>
<msg timestamp="20210526 08:34:54.492" level="INFO">Slept 1 second</msg>
<status status="PASS" starttime="20210526 08:34:53.488" endtime="20210526 08:34:54.492"/>
</kw>
<kw name="Click Element" library="RPA.Browser.Selenium">
<arg>id=order</arg>
<doc>Click the element identified by ``locator``.</doc>
<msg timestamp="20210526 08:34:54.494" level="INFO">Clicking element 'id=order'.</msg>
<status status="PASS" starttime="20210526 08:34:54.493" endtime="20210526 08:34:54.573"/>
</kw>
<kw name="Wait Until Element Is Visible" library="RPA.Browser.Selenium">
<arg>id=receipt</arg>
<doc>Waits until the element ``locator`` is visible.</doc>
<status status="PASS" starttime="20210526 08:34:54.573" endtime="20210526 08:34:54.606"/>
</kw>
<kw name="Get Element Attribute" library="RPA.Browser.Selenium">
<var>${receipt_html}</var>
<arg>id=receipt</arg>
<arg>outerHTML</arg>
<doc>Returns the value of ``attribute`` from the element ``locator``.</doc>
<msg timestamp="20210526 08:34:54.627" level="INFO">${receipt_html} = &lt;div id="receipt" class="alert alert-success" role="alert"&gt;&lt;h3&gt;Receipt&lt;/h3&gt;&lt;div&gt;2021-05-26T06:34:54.562Z&lt;/div&gt;&lt;p class="badge badge-success"&gt;RSB-ROBO-ORDER-EDREBHGME&lt;/p&gt;&lt;p&gt;Address 4&lt;/p&gt;&lt;div id="parts"...</msg>
<status status="PASS" starttime="20210526 08:34:54.607" endtime="20210526 08:34:54.627"/>
</kw>
<kw name="Html To Pdf" library="RPA.PDF">
<arg>${receipt_html}</arg>
<arg>${recibopdf}${fila}[Order number].pdf</arg>
<doc>Generate a PDF file from HTML content.</doc>
<msg timestamp="20210526 08:34:54.630" level="INFO">Writing output to file C:\ProgramData\Temp\rcd1f381\AppData\Local\Temp\67_2401_725502900_1\workarea60adebde\output\pdf\receipt7.pdf</msg>
<status status="PASS" starttime="20210526 08:34:54.629" endtime="20210526 08:34:54.636"/>
</kw>
<kw name="Wait Until Element Is Visible" library="RPA.Browser.Selenium">
<arg>id=robot-preview-image</arg>
<doc>Waits until the element ``locator`` is visible.</doc>
<status status="PASS" starttime="20210526 08:34:54.637" endtime="20210526 08:34:54.664"/>
</kw>
<kw name="Capture Element Screenshot" library="RPA.Browser.Selenium">
<var>${screenshot}</var>
<arg>id=robot-preview-image</arg>
<arg>${reciboimg}${fila}[Order number].png</arg>
<doc>Captures a screenshot from the element identified by ``locator`` and embeds it into log file.</doc>
<msg timestamp="20210526 08:34:54.809" level="INFO" html="true">&lt;/td&gt;&lt;/tr&gt;&lt;tr&gt;&lt;td colspan="3"&gt;&lt;a href="img/receipt7.png"&gt;&lt;img src="img/receipt7.png" width="400px"&gt;&lt;/a&gt;</msg>
<msg timestamp="20210526 08:34:54.809" level="INFO">${screenshot} = C:\ProgramData\Temp\rcd1f381\AppData\Local\Temp\67_2401_725502900_1\workarea60adebde\output\img\receipt7.png</msg>
<status status="PASS" starttime="20210526 08:34:54.664" endtime="20210526 08:34:54.809"/>
</kw>
<kw name="Open Pdf" library="RPA.PDF">
<arg>${recibopdf}${fila}[Order number].pdf</arg>
<doc>Open a PDF document for reading.</doc>
<status status="PASS" starttime="20210526 08:34:54.810" endtime="20210526 08:34:54.828"/>
</kw>
<kw name="Add Watermark Image To Pdf" library="RPA.PDF">
<arg>${screenshot}</arg>
<arg>${recibopdf}${fila}[Order number].pdf</arg>
<doc>Add image to PDF which can be new or existing PDF.</doc>
<status status="PASS" starttime="20210526 08:34:54.828" endtime="20210526 08:34:54.966"/>
</kw>
<kw name="Close All Pdfs" library="RPA.PDF">
<doc>Close all opened PDF file descriptors.</doc>
<msg timestamp="20210526 08:34:54.967" level="INFO">Closing PDF document: C:\ProgramData\Temp\rcd1f381\AppData\Local\Temp\67_2401_725502900_1\workarea60adebde\output\pdf\receipt7.pdf</msg>
<status status="PASS" starttime="20210526 08:34:54.966" endtime="20210526 08:34:54.967"/>
</kw>
<status status="PASS" starttime="20210526 08:34:53.452" endtime="20210526 08:34:54.967"/>
</kw>
<status status="PASS" starttime="20210526 08:34:53.450" endtime="20210526 08:34:54.967"/>
</kw>
<kw name="Another one">
<kw name="Click Button" library="RPA.Browser.Selenium">
<arg>id=order-another</arg>
<doc>Clicks the button identified by ``locator``.</doc>
<msg timestamp="20210526 08:34:54.967" level="INFO">Clicking button 'id=order-another'.</msg>
<status status="PASS" starttime="20210526 08:34:54.967" endtime="20210526 08:34:55.267"/>
</kw>
<kw name="Wait Until Element Contains" library="RPA.Browser.Selenium">
<arg>class=modal-body</arg>
<arg>${text}</arg>
<doc>Waits until the element ``locator`` contains ``text``.</doc>
<status status="PASS" starttime="20210526 08:34:55.268" endtime="20210526 08:34:55.323"/>
</kw>
<kw name="Handle Modal">
<kw name="Click Button" library="RPA.Browser.Selenium">
<arg>OK</arg>
<doc>Clicks the button identified by ``locator``.</doc>
<msg timestamp="20210526 08:34:55.326" level="INFO">Clicking button 'OK'.</msg>
<status status="PASS" starttime="20210526 08:34:55.325" endtime="20210526 08:34:55.429"/>
</kw>
<status status="PASS" starttime="20210526 08:34:55.323" endtime="20210526 08:34:55.430"/>
</kw>
<status status="PASS" starttime="20210526 08:34:54.967" endtime="20210526 08:34:55.430"/>
</kw>
<status status="PASS" starttime="20210526 08:34:52.747" endtime="20210526 08:34:55.430"/>
</iter>
<iter>
<var name="${fila}">{'Order number': '8', 'Head': '2', 'Body': '3', 'Legs': '3', 'Address': 'Address 5'}</var>
<kw name="Wait Until Keyword Succeeds" library="BuiltIn">
<arg>${GLOBAL_RETRY_AMOUNT}</arg>
<arg>${GLOBAL_RETRY_INTERVAL}</arg>
<arg>Fill Form</arg>
<arg>${fila}</arg>
<doc>Runs the specified keyword and retries if it fails.</doc>
<kw name="Fill Form">
<arg>${fila}</arg>
<kw name="Wait Until Element Contains" library="RPA.Browser.Selenium">
<arg>class=form-group</arg>
<arg>1.</arg>
<doc>Waits until the element ``locator`` contains ``text``.</doc>
<status status="PASS" starttime="20210526 08:34:55.433" endtime="20210526 08:34:55.484"/>
</kw>
<kw name="Convert To Integer" library="BuiltIn">
<var>${numhead}</var>
<arg>${fila}[Head]</arg>
<doc>Converts the given item to an integer number.</doc>
<msg timestamp="20210526 08:34:55.487" level="INFO">${numhead} = 2</msg>
<status status="PASS" starttime="20210526 08:34:55.485" endtime="20210526 08:34:55.487"/>
</kw>
<kw name="Click Element" library="RPA.Browser.Selenium">
<arg>xpath=${path}/option[${numhead + 1}]</arg>
<doc>Click the element identified by ``locator``.</doc>
[...]
<msg timestamp="20210526 08:36:17.123" level="INFO">${screenshot} = C:\ProgramData\Temp\rcd1f381\AppData\Local\Temp\67_2401_725502900_1\workarea60adebde\output\img\receipt17.png</msg>
<status status="PASS" starttime="20210526 08:36:16.948" endtime="20210526 08:36:17.123"/>
</kw>
<kw name="Open Pdf" library="RPA.PDF">
<arg>${recibopdf}${fila}[Order number].pdf</arg>
<doc>Open a PDF document for reading.</doc>
<status status="PASS" starttime="20210526 08:36:17.124" endtime="20210526 08:36:17.149"/>
</kw>
<kw name="Add Watermark Image To Pdf" library="RPA.PDF">
<arg>${screenshot}</arg>
<arg>${recibopdf}${fila}[Order number].pdf</arg>
<doc>Add image to PDF which can be new or existing PDF.</doc>
<status status="PASS" starttime="20210526 08:36:17.150" endtime="20210526 08:36:17.288"/>
</kw>
<kw name="Close All Pdfs" library="RPA.PDF">
<doc>Close all opened PDF file descriptors.</doc>
<msg timestamp="20210526 08:36:17.289" level="INFO">Closing PDF document: C:\ProgramData\Temp\rcd1f381\AppData\Local\Temp\67_2401_725502900_1\workarea60adebde\output\pdf\receipt17.pdf</msg>
<status status="PASS" starttime="20210526 08:36:17.289" endtime="20210526 08:36:17.290"/>
</kw>
<status status="PASS" starttime="20210526 08:36:15.672" endtime="20210526 08:36:17.291"/>
</kw>
<status status="PASS" starttime="20210526 08:36:15.672" endtime="20210526 08:36:17.291"/>
</kw>
<kw name="Another one">
<kw name="Click Button" library="RPA.Browser.Selenium">
<arg>id=order-another</arg>
<doc>Clicks the button identified by ``locator``.</doc>
<msg timestamp="20210526 08:36:17.293" level="INFO">Clicking button 'id=order-another'.</msg>
<status status="PASS" starttime="20210526 08:36:17.292" endtime="20210526 08:36:17.592"/>
</kw>
<kw name="Wait Until Element Contains" library="RPA.Browser.Selenium">
<arg>class=modal-body</arg>
<arg>${text}</arg>
<doc>Waits until the element ``locator`` contains ``text``.</doc>
<status status="PASS" starttime="20210526 08:36:17.593" endtime="20210526 08:36:17.651"/>
</kw>
<kw name="Handle Modal">
<kw name="Click Button" library="RPA.Browser.Selenium">
<arg>OK</arg>
<doc>Clicks the button identified by ``locator``.</doc>
<msg timestamp="20210526 08:36:17.653" level="INFO">Clicking button 'OK'.</msg>
<status status="PASS" starttime="20210526 08:36:17.652" endtime="20210526 08:36:17.736"/>
</kw>
<status status="PASS" starttime="20210526 08:36:17.651" endtime="20210526 08:36:17.736"/>
</kw>
<status status="PASS" starttime="20210526 08:36:17.291" endtime="20210526 08:36:17.736"/>
</kw>
<status status="PASS" starttime="20210526 08:36:14.444" endtime="20210526 08:36:17.736"/>
</iter>
<iter>
<var name="${fila}">{'Order number': '18', 'Head': '2', 'Body': '5', 'Legs': '1', 'Address': 'Address F'}</var>
<kw name="Wait Until Keyword Succeeds" library="BuiltIn">
<arg>${GLOBAL_RETRY_AMOUNT}</arg>
<arg>${GLOBAL_RETRY_INTERVAL}</arg>
<arg>Fill Form</arg>
<arg>${fila}</arg>
<doc>Runs the specified keyword and retries if it fails.</doc>
<kw name="Fill Form">
<arg>${fila}</arg>
<kw name="Wait Until Element Contains" library="RPA.Browser.Selenium">
<arg>class=form-group</arg>
<arg>1.</arg>
<doc>Waits until the element ``locator`` contains ``text``.</doc>
<status status="PASS" starttime="20210526 08:36:17.739" endtime="20210526 08:36:17.779"/>
</kw>
<kw name="Convert To Integer" library="BuiltIn">
<var>${numhead}</var>
<arg>${fila}[Head]</arg>
<doc>Converts the given item to an integer number.</doc>
<msg timestamp="20210526 08:36:17.779" level="INFO">${numhead} = 2</msg>
<status status="PASS" starttime="20210526 08:36:17.779" endtime="20210526 08:36:17.779"/>
</kw>
<kw name="Click Element" library="RPA.Browser.Selenium">
<arg>xpath=${path}/option[${numhead + 1}]</arg>
<doc>Click the element identified by ``locator``.</doc>
<msg timestamp="20210526 08:36:17.787" level="INFO">Clicking element 'xpath=/html[1]/body[1]/div[1]/div[1]/div[1]/div[1]/div[1]/form[1]/div[1]/select[1]/option[3]'.</msg>
<status status="PASS" starttime="20210526 08:36:17.783" endtime="20210526 08:36:17.855"/>
</kw>
<kw name="Click Element" library="RPA.Browser.Selenium">
<arg>id=id-body-${fila}[Body]</arg>
<doc>Click the element identified by ``locator``.</doc>
<msg timestamp="20210526 08:36:17.856" level="INFO">Clicking element 'id=id-body-5'.</msg>
<status status="PASS" starttime="20210526 08:36:17.855" endtime="20210526 08:36:18.008"/>
</kw>
<kw name="Input Text" library="RPA.Browser.Selenium">
<arg>class=form-control</arg>
<arg>${fila}[Legs]</arg>
<doc>Types the given ``text`` into the text field identified by ``locator``.</doc>
<msg timestamp="20210526 08:36:18.013" level="INFO">Typing text '1' into text field 'class=form-control'.</msg>
<status status="PASS" starttime="20210526 08:36:18.009" endtime="20210526 08:36:18.312"/>
</kw>
<kw name="Input Text" library="RPA.Browser.Selenium">
<arg>id=address</arg>
<arg>${fila}[Address]</arg>
<doc>Types the given ``text`` into the text field identified by ``locator``.</doc>
<msg timestamp="20210526 08:36:18.313" level="INFO">Typing text 'Address F' into text field 'id=address'.</msg>
<status status="PASS" starttime="20210526 08:36:18.313" endtime="20210526 08:36:18.550"/>
</kw>
<kw name="Click Button" library="RPA.Browser.Selenium">
<arg>Preview</arg>
<doc>Clicks the button identified by ``locator``.</doc>
<msg timestamp="20210526 08:36:18.551" level="INFO">Clicking button 'Preview'.</msg>
<status status="PASS" starttime="20210526 08:36:18.551" endtime="20210526 08:36:18.756"/>
</kw>
<status status="PASS" starttime="20210526 08:36:17.738" endtime="20210526 08:36:18.757"/>
</kw>
<status status="PASS" starttime="20210526 08:36:17.737" endtime="20210526 08:36:18.758"/>
</kw>
<kw name="Wait Until Keyword Succeeds" library="BuiltIn">
<arg>${GLOBAL_RETRY_AMOUNT}</arg>
<arg>${GLOBAL_RETRY_INTERVAL}</arg>
<arg>PDF</arg>
<arg>${fila}</arg>
<doc>Runs the specified keyword and retries if it fails.</doc>
<kw name="PDF">
<arg>${fila}</arg>
<kw name="Log" library="BuiltIn">
<arg>${fila}</arg>
<doc>Logs the given message with the given level.</doc>
<msg timestamp="20210526 08:36:18.768" level="INFO">{'Order number': '18', 'Head': '2', 'Body': '5', 'Legs': '1', 'Address': 'Address F'}</msg>
<status status="PASS" starttime="20210526 08:36:18.765" endtime="20210526 08:36:18.768"/>
</kw>
<kw name="Wait Until Element Is Visible" library="RPA.Browser.Selenium">
<arg>id=order</arg>
<doc>Waits until the element ``locator`` is visible.</doc>
<status status="PASS" starttime="20210526 08:36:18.769" endtime="20210526 08:36:18.844"/>
</kw>
<kw name="Sleep" library="BuiltIn">
<arg>1s</arg>
<doc>Pauses the test executed for the given time.</doc>
<msg timestamp="20210526 08:36:19.856" level="INFO">Slept 1 second</msg>
<status status="PASS" starttime="20210526 08:36:18.845" endtime="20210526 08:36:19.857"/>
</kw>
<kw name="Click Element" library="RPA.Browser.Selenium">
<arg>id=order</arg>
<doc>Click the element identified by ``locator``.</doc>
<msg timestamp="20210526 08:36:19.859" level="INFO">Clicking element 'id=order'.</msg>
<status status="PASS" starttime="20210526 08:36:19.858" endtime="20210526 08:36:20.008"/>
</kw>
<kw name="Wait Until Element Is Visible" library="RPA.Browser.Selenium">
<arg>id=receipt</arg>
<doc>Waits until the element ``locator`` is visible.</doc>
<kw name="Capture Page Screenshot" library="RPA.Browser.Selenium">
<doc>Takes a screenshot of the current page and embeds it into a log file.</doc>
<msg timestamp="20210526 08:36:25.441" level="INFO" html="true">&lt;/td&gt;&lt;/tr&gt;&lt;tr&gt;&lt;td colspan="3"&gt;&lt;a href="screenshots/selenium-screenshot-8.png"&gt;&lt;img src="screenshots/selenium-screenshot-8.png" width="800px"&gt;&lt;/a&gt;</msg>
<status status="PASS" starttime="20210526 08:36:25.096" endtime="20210526 08:36:25.441"/>
</kw>
<msg timestamp="20210526 08:36:25.442" level="FAIL">Element 'id=receipt' not visible after 5 seconds.</msg>
<status status="FAIL" starttime="20210526 08:36:20.009" endtime="20210526 08:36:25.442"/>
</kw>
<kw name="Get Element Attribute" library="RPA.Browser.Selenium">
<var>${receipt_html}</var>
<arg>id=receipt</arg>
<arg>outerHTML</arg>
<doc>Returns the value of ``attribute`` from the element ``locator``.</doc>
<status status="NOT RUN" starttime="20210526 08:36:25.442" endtime="20210526 08:36:25.442"/>
</kw>
<kw name="Html To Pdf" library="RPA.PDF">
<arg>${receipt_html}</arg>
<arg>${recibopdf}${fila}[Order number].pdf</arg>
<doc>Generate a PDF file from HTML content.</doc>
<status status="NOT RUN" starttime="20210526 08:36:25.442" endtime="20210526 08:36:25.443"/>
</kw>
<kw name="Wait Until Element Is Visible" library="RPA.Browser.Selenium">
<arg>id=robot-preview-image</arg>
<doc>Waits until the element ``locator`` is visible.</doc>
<status status="NOT RUN" starttime="20210526 08:36:25.443" endtime="20210526 08:36:25.443"/>
</kw>
<kw name="Capture Element Screenshot" library="RPA.Browser.Selenium">
<var>${screenshot}</var>
<arg>id=robot-preview-image</arg>
<arg>${reciboimg}${fila}[Order number].png</arg>
<doc>Captures a screenshot from the element identified by ``locator`` and embeds it into log file.</doc>
<status status="NOT RUN" starttime="20210526 08:36:25.443" endtime="20210526 08:36:25.443"/>
</kw>
<kw name="Open Pdf" library="RPA.PDF">
<arg>${recibopdf}${fila}[Order number].pdf</arg>
<doc>Open a PDF document for reading.</doc>
<status status="NOT RUN" starttime="20210526 08:36:25.443" endtime="20210526 08:36:25.443"/>
</kw>
<kw name="Add Watermark Image To Pdf" library="RPA.PDF">
<arg>${screenshot}</arg>
<arg>${recibopdf}${fila}[Order number].pdf</arg>
<doc>Add image to PDF which can be new or existing PDF.</doc>
<status status="NOT RUN" starttime="20210526 08:36:25.443" endtime="20210526 08:36:25.443"/>
</kw>
<kw name="Close All Pdfs" library="RPA.PDF">
<doc>Close all opened PDF file descriptors.</doc>
<status status="NOT RUN" starttime="20210526 08:36:25.443" endtime="20210526 08:36:25.443"/>
</kw>
<status status="FAIL" starttime="20210526 08:36:18.762" endtime="20210526 08:36:25.443"/>
</kw>
<kw name="PDF">
<arg>${fila}</arg>
<kw name="Log" library="BuiltIn">
<arg>${fila}</arg>
<doc>Logs the given message with the given level.</doc>
<msg timestamp="20210526 08:36:28.455" level="INFO">{'Order number': '18', 'Head': '2', 'Body': '5', 'Legs': '1', 'Address': 'Address F'}</msg>
<status status="PASS" starttime="20210526 08:36:28.455" endtime="20210526 08:36:28.455"/>
</kw>
<kw name="Wait Until Element Is Visible" library="RPA.Browser.Selenium">
<arg>id=order</arg>
<doc>Waits until the element ``locator`` is visible.</doc>
<status status="PASS" starttime="20210526 08:36:28.459" endtime="20210526 08:36:28.521"/>
</kw>
<kw name="Sleep" library="BuiltIn">
<arg>1s</arg>
<doc>Pauses the test executed for the given time.</doc>
<msg timestamp="20210526 08:36:29.528" level="INFO">Slept 1 second</msg>
<status status="PASS" starttime="20210526 08:36:28.521" endtime="20210526 08:36:29.529"/>
</kw>
<kw name="Click Element" library="RPA.Browser.Selenium">
<arg>id=order</arg>
<doc>Click the element identified by ``locator``.</doc>
<msg timestamp="20210526 08:36:29.533" level="INFO">Clicking element 'id=order'.</msg>
<status status="PASS" starttime="20210526 08:36:29.530" endtime="20210526 08:36:29.638"/>
</kw>
<kw name="Wait Until Element Is Visible" library="RPA.Browser.Selenium">
<arg>id=receipt</arg>
<doc>Waits until the element ``locator`` is visible.</doc>
<kw name="Capture Page Screenshot" library="RPA.Browser.Selenium">
<doc>Takes a screenshot of the current page and embeds it into a log file.</doc>
<msg timestamp="20210526 08:36:34.985" level="INFO" html="true">&lt;/td&gt;&lt;/tr&gt;&lt;tr&gt;&lt;td colspan="3"&gt;&lt;a href="screenshots/selenium-screenshot-9.png"&gt;&lt;img src="screenshots/selenium-screenshot-9.png" width="800px"&gt;&lt;/a&gt;</msg>
<status status="PASS" starttime="20210526 08:36:34.677" endtime="20210526 08:36:34.985"/>
</kw>
<msg timestamp="20210526 08:36:34.986" level="FAIL">Element 'id=receipt' not visible after 5 seconds.</msg>
<status status="FAIL" starttime="20210526 08:36:29.639" endtime="20210526 08:36:34.986"/>
</kw>
<kw name="Get Element Attribute" library="RPA.Browser.Selenium">
<var>${receipt_html}</var>
<arg>id=receipt</arg>
<arg>outerHTML</arg>
<doc>Returns the value of ``attribute`` from the element ``locator``.</doc>
<status status="NOT RUN" starttime="20210526 08:36:34.986" endtime="20210526 08:36:34.986"/>
</kw>
<kw name="Html To Pdf" library="RPA.PDF">
<arg>${receipt_html}</arg>
<arg>${recibopdf}${fila}[Order number].pdf</arg>
<doc>Generate a PDF file from HTML content.</doc>
<status status="NOT RUN" starttime="20210526 08:36:34.986" endtime="20210526 08:36:34.986"/>
</kw>
<kw name="Wait Until Element Is Visible" library="RPA.Browser.Selenium">
<arg>id=robot-preview-image</arg>
<doc>Waits until the element ``locator`` is visible.</doc>
<status status="NOT RUN" starttime="20210526 08:36:34.987" endtime="20210526 08:36:34.987"/>
</kw>
<kw name="Capture Element Screenshot" library="RPA.Browser.Selenium">
<var>${screenshot}</var>
<arg>id=robot-preview-image</arg>
<arg>${reciboimg}${fila}[Order number].png</arg>
<doc>Captures a screenshot from the element identified by ``locator`` and embeds it into log file.</doc>
<status status="NOT RUN" starttime="20210526 08:36:34.987" endtime="20210526 08:36:34.987"/>
</kw>
<kw name="Open Pdf" library="RPA.PDF">
<arg>${recibopdf}${fila}[Order number].pdf</arg>
<doc>Open a PDF document for reading.</doc>
<status status="NOT RUN" starttime="20210526 08:36:34.987" endtime="20210526 08:36:34.987"/>
</kw>
<kw name="Add Watermark Image To Pdf" library="RPA.PDF">
<arg>${screenshot}</arg>
<arg>${recibopdf}${fila}[Order number].pdf</arg>
<doc>Add image to PDF which can be new or existing PDF.</doc>
<status status="NOT RUN" starttime="20210526 08:36:34.987" endtime="20210526 08:36:34.987"/>
</kw>
<kw name="Close All Pdfs" library="RPA.PDF">
<doc>Close all opened PDF file descriptors.</doc>
<status status="NOT RUN" starttime="20210526 08:36:34.987" endtime="20210526 08:36:34.987"/>
</kw>
<status status="FAIL" starttime="20210526 08:36:28.454" endtime="20210526 08:36:34.989"/>
</kw>
<kw name="PDF">
<arg>${fila}</arg>
<kw name="Log" library="BuiltIn">
<arg>${fila}</arg>
<doc>Logs the given message with the given level.</doc>
<msg timestamp="20210526 08:36:38.002" level="INFO">{'Order number': '18', 'Head': '2', 'Body': '5', 'Legs': '1', 'Address': 'Address F'}</msg>
<status status="PASS" starttime="20210526 08:36:38.002" endtime="20210526 08:36:38.002"/>
</kw>
<kw name="Wait Until Element Is Visible" library="RPA.Browser.Selenium">
<arg>id=order</arg>
<doc>Waits until the element ``locator`` is visible.</doc>
<status status="PASS" starttime="20210526 08:36:38.002" endtime="20210526 08:36:38.102"/>
</kw>
<kw name="Sleep" library="BuiltIn">
<arg>1s</arg>
<doc>Pauses the test executed for the given time.</doc>
<msg timestamp="20210526 08:36:39.113" level="INFO">Slept 1 second</msg>
<status status="PASS" starttime="20210526 08:36:38.102" endtime="20210526 08:36:39.113"/>
</kw>
<kw name="Click Element" library="RPA.Browser.Selenium">
<arg>id=order</arg>
<doc>Click the element identified by ``locator``.</doc>
<msg timestamp="20210526 08:36:39.113" level="INFO">Clicking element 'id=order'.</msg>
<status status="PASS" starttime="20210526 08:36:39.113" endtime="20210526 08:36:39.252"/>
</kw>
<kw name="Wait Until Element Is Visible" library="RPA.Browser.Selenium">
<arg>id=receipt</arg>
<doc>Waits until the element ``locator`` is visible.</doc>
<kw name="Capture Page Screenshot" library="RPA.Browser.Selenium">
<doc>Takes a screenshot of the current page and embeds it into a log file.</doc>
<msg timestamp="20210526 08:36:44.690" level="INFO" html="true">&lt;/td&gt;&lt;/tr&gt;&lt;tr&gt;&lt;td colspan="3"&gt;&lt;a href="screenshots/selenium-screenshot-10.png"&gt;&lt;img src="screenshots/selenium-screenshot-10.png" width="800px"&gt;&lt;/a&gt;</msg>
<status status="PASS" starttime="20210526 08:36:44.312" endtime="20210526 08:36:44.690"/>
</kw>
<msg timestamp="20210526 08:36:44.692" level="FAIL">Element 'id=receipt' not visible after 5 seconds.</msg>
<status status="FAIL" starttime="20210526 08:36:39.253" endtime="20210526 08:36:44.692"/>
</kw>
<kw name="Get Element Attribute" library="RPA.Browser.Selenium">
<var>${receipt_html}</var>
<arg>id=receipt</arg>
<arg>outerHTML</arg>
<doc>Returns the value of ``attribute`` from the element ``locator``.</doc>
<status status="NOT RUN" starttime="20210526 08:36:44.692" endtime="20210526 08:36:44.692"/>
</kw>
<kw name="Html To Pdf" library="RPA.PDF">
<arg>${receipt_html}</arg>
<arg>${recibopdf}${fila}[Order number].pdf</arg>
<doc>Generate a PDF file from HTML content.</doc>
<status status="NOT RUN" starttime="20210526 08:36:44.692" endtime="20210526 08:36:44.692"/>
</kw>
<kw name="Wait Until Element Is Visible" library="RPA.Browser.Selenium">
<arg>id=robot-preview-image</arg>
<doc>Waits until the element ``locator`` is visible.</doc>
<status status="NOT RUN" starttime="20210526 08:36:44.692" endtime="20210526 08:36:44.692"/>
</kw>
<kw name="Capture Element Screenshot" library="RPA.Browser.Selenium">
<var>${screenshot}</var>
<arg>id=robot-preview-image</arg>
<arg>${reciboimg}${fila}[Order number].png</arg>
<doc>Captures a screenshot from the element identified by ``locator`` and embeds it into log file.</doc>
<status status="NOT RUN" starttime="20210526 08:36:44.692" endtime="20210526 08:36:44.692"/>
</kw>
<kw name="Open Pdf" library="RPA.PDF">
<arg>${recibopdf}${fila}[Order number].pdf</arg>
<doc>Open a PDF document for reading.</doc>
<status status="NOT RUN" starttime="20210526 08:36:44.696" endtime="20210526 08:36:44.696"/>
</kw>
<kw name="Add Watermark Image To Pdf" library="RPA.PDF">
<arg>${screenshot}</arg>
<arg>${recibopdf}${fila}[Order number].pdf</arg>
<doc>Add image to PDF which can be new or existing PDF.</doc>
<status status="NOT RUN" starttime="20210526 08:36:44.696" endtime="20210526 08:36:44.696"/>
</kw>
<kw name="Close All Pdfs" library="RPA.PDF">
<doc>Close all opened PDF file descriptors.</doc>
<status status="NOT RUN" starttime="20210526 08:36:44.696" endtime="20210526 08:36:44.696"/>
</kw>
<status status="FAIL" starttime="20210526 08:36:38.001" endtime="20210526 08:36:44.696"/>
</kw>
<msg timestamp="20210526 08:36:44.696" level="FAIL">Keyword 'PDF' failed after retrying 3 times. The last error was: Element 'id=receipt' not visible after 5 seconds.</msg>
<status status="FAIL" starttime="20210526 08:36:18.759" endtime="20210526 08:36:44.696"/>
</kw>
<kw name="Another one">
<status status="NOT RUN" starttime="20210526 08:36:44.696" endtime="20210526 08:36:44.696"/>
</kw>
<status status="FAIL" starttime="20210526 08:36:17.736" endtime="20210526 08:36:44.700"/>
</iter>
<status status="FAIL" starttime="20210526 08:34:15.842" endtime="20210526 08:36:44.700"/>
</for>
<status status="FAIL" starttime="20210526 08:34:15.830" endtime="20210526 08:36:44.701"/>
</kw>
<kw name="Zip">
<status status="NOT RUN" starttime="20210526 08:36:44.701" endtime="20210526 08:36:44.701"/>
</kw>
<kw name="Close All Browsers" library="RPA.Browser.Selenium" type="TEARDOWN">
<doc>Closes all open browsers and resets the browser cache.</doc>
<status status="PASS" starttime="20210526 08:36:44.702" endtime="20210526 08:36:46.908"/>
</kw>
<status status="FAIL" starttime="20210526 08:34:12.727" endtime="20210526 08:36:46.908">Keyword 'PDF' failed after retrying 3 times. The last error was: Element 'id=receipt' not visible after 5 seconds.</status>
</test>
<doc>Program to build robots
and capture the info</doc>
<status status="FAIL" starttime="20210526 08:34:10.609" endtime="20210526 08:36:46.911"/>
</suite>
<statistics>
<total>
<stat pass="0" fail="1" skip="0">All Tasks</stat>
</total>
<tag>
</tag>
<suite>
<stat pass="0" fail="1" skip="0" id="s1" name="Tasks">Tasks</stat>
</suite>
</statistics>
<errors>
</errors>
</robot>
